[2025-01-22T13:57:19.448+0000] {processor.py:161} INFO - Started process (PID=272) to work on /opt/airflow/dags/kafka_stream.py
[2025-01-22T13:57:19.449+0000] {processor.py:830} INFO - Processing file /opt/airflow/dags/kafka_stream.py for tasks to queue
[2025-01-22T13:57:19.452+0000] {logging_mixin.py:188} INFO - [2025-01-22T13:57:19.451+0000] {dagbag.py:545} INFO - Filling up the DagBag from /opt/airflow/dags/kafka_stream.py
[2025-01-22T13:57:19.815+0000] {processor.py:840} INFO - DAG(s) 'user_automation' retrieved from /opt/airflow/dags/kafka_stream.py
[2025-01-22T13:57:27.424+0000] {logging_mixin.py:188} INFO - [2025-01-22T13:57:27.423+0000] {override.py:1858} INFO - Created Permission View: can read on DAG:user_automation
[2025-01-22T13:57:27.629+0000] {logging_mixin.py:188} INFO - [2025-01-22T13:57:27.629+0000] {override.py:1858} INFO - Created Permission View: can edit on DAG:user_automation
[2025-01-22T13:57:27.712+0000] {logging_mixin.py:188} INFO - [2025-01-22T13:57:27.712+0000] {override.py:1858} INFO - Created Permission View: can delete on DAG:user_automation
[2025-01-22T13:57:27.713+0000] {logging_mixin.py:188} INFO - [2025-01-22T13:57:27.713+0000] {dag.py:3089} INFO - Sync 1 DAGs
[2025-01-22T13:57:28.519+0000] {logging_mixin.py:188} INFO - [2025-01-22T13:57:28.518+0000] {dag.py:3111} INFO - Creating ORM DAG for user_automation
[2025-01-22T13:57:28.895+0000] {logging_mixin.py:188} INFO - [2025-01-22T13:57:28.895+0000] {dag.py:3947} INFO - Setting next_dagrun for user_automation to 2025-01-21 00:00:00+00:00, run_after=2025-01-22 00:00:00+00:00
[2025-01-22T13:57:29.343+0000] {processor.py:183} INFO - Processing /opt/airflow/dags/kafka_stream.py took 9.894 seconds
[2025-01-22T13:57:59.934+0000] {processor.py:161} INFO - Started process (PID=289) to work on /opt/airflow/dags/kafka_stream.py
[2025-01-22T13:57:59.935+0000] {processor.py:830} INFO - Processing file /opt/airflow/dags/kafka_stream.py for tasks to queue
[2025-01-22T13:57:59.940+0000] {logging_mixin.py:188} INFO - [2025-01-22T13:57:59.939+0000] {dagbag.py:545} INFO - Filling up the DagBag from /opt/airflow/dags/kafka_stream.py
[2025-01-22T13:57:59.969+0000] {processor.py:840} INFO - DAG(s) 'user_automation' retrieved from /opt/airflow/dags/kafka_stream.py
[2025-01-22T13:58:00.045+0000] {logging_mixin.py:188} INFO - [2025-01-22T13:58:00.045+0000] {dag.py:3089} INFO - Sync 1 DAGs
[2025-01-22T13:58:00.190+0000] {logging_mixin.py:188} INFO - [2025-01-22T13:58:00.190+0000] {dag.py:3947} INFO - Setting next_dagrun for user_automation to 2025-01-21 00:00:00+00:00, run_after=2025-01-22 00:00:00+00:00
[2025-01-22T13:58:00.515+0000] {processor.py:183} INFO - Processing /opt/airflow/dags/kafka_stream.py took 0.595 seconds
[2025-01-22T13:58:31.481+0000] {processor.py:161} INFO - Started process (PID=300) to work on /opt/airflow/dags/kafka_stream.py
[2025-01-22T13:58:31.482+0000] {processor.py:830} INFO - Processing file /opt/airflow/dags/kafka_stream.py for tasks to queue
[2025-01-22T13:58:31.485+0000] {logging_mixin.py:188} INFO - [2025-01-22T13:58:31.484+0000] {dagbag.py:545} INFO - Filling up the DagBag from /opt/airflow/dags/kafka_stream.py
[2025-01-22T13:58:31.506+0000] {processor.py:840} INFO - DAG(s) 'user_automation' retrieved from /opt/airflow/dags/kafka_stream.py
[2025-01-22T13:58:31.696+0000] {logging_mixin.py:188} INFO - [2025-01-22T13:58:31.696+0000] {dag.py:3089} INFO - Sync 1 DAGs
[2025-01-22T13:58:31.746+0000] {logging_mixin.py:188} INFO - [2025-01-22T13:58:31.746+0000] {dag.py:3947} INFO - Setting next_dagrun for user_automation to 2025-01-21 00:00:00+00:00, run_after=2025-01-22 00:00:00+00:00
[2025-01-22T13:58:31.882+0000] {processor.py:183} INFO - Processing /opt/airflow/dags/kafka_stream.py took 0.408 seconds
[2025-01-22T13:59:03.045+0000] {processor.py:161} INFO - Started process (PID=312) to work on /opt/airflow/dags/kafka_stream.py
[2025-01-22T13:59:03.129+0000] {processor.py:830} INFO - Processing file /opt/airflow/dags/kafka_stream.py for tasks to queue
[2025-01-22T13:59:03.144+0000] {logging_mixin.py:188} INFO - [2025-01-22T13:59:03.142+0000] {dagbag.py:545} INFO - Filling up the DagBag from /opt/airflow/dags/kafka_stream.py
[2025-01-22T13:59:03.343+0000] {processor.py:840} INFO - DAG(s) 'user_automation' retrieved from /opt/airflow/dags/kafka_stream.py
[2025-01-22T13:59:03.450+0000] {logging_mixin.py:188} INFO - [2025-01-22T13:59:03.449+0000] {dag.py:3089} INFO - Sync 1 DAGs
[2025-01-22T13:59:03.525+0000] {logging_mixin.py:188} INFO - [2025-01-22T13:59:03.525+0000] {dag.py:3947} INFO - Setting next_dagrun for user_automation to 2025-01-21 00:00:00+00:00, run_after=2025-01-22 00:00:00+00:00
[2025-01-22T13:59:03.696+0000] {processor.py:183} INFO - Processing /opt/airflow/dags/kafka_stream.py took 0.680 seconds
[2025-01-22T13:59:34.319+0000] {processor.py:161} INFO - Started process (PID=323) to work on /opt/airflow/dags/kafka_stream.py
[2025-01-22T13:59:34.321+0000] {processor.py:830} INFO - Processing file /opt/airflow/dags/kafka_stream.py for tasks to queue
[2025-01-22T13:59:34.323+0000] {logging_mixin.py:188} INFO - [2025-01-22T13:59:34.323+0000] {dagbag.py:545} INFO - Filling up the DagBag from /opt/airflow/dags/kafka_stream.py
[2025-01-22T13:59:34.355+0000] {processor.py:840} INFO - DAG(s) 'user_automation' retrieved from /opt/airflow/dags/kafka_stream.py
[2025-01-22T13:59:34.400+0000] {logging_mixin.py:188} INFO - [2025-01-22T13:59:34.399+0000] {dag.py:3089} INFO - Sync 1 DAGs
[2025-01-22T13:59:34.429+0000] {logging_mixin.py:188} INFO - [2025-01-22T13:59:34.429+0000] {dag.py:3947} INFO - Setting next_dagrun for user_automation to 2025-01-21 00:00:00+00:00, run_after=2025-01-22 00:00:00+00:00
[2025-01-22T13:59:34.591+0000] {processor.py:183} INFO - Processing /opt/airflow/dags/kafka_stream.py took 0.282 seconds
[2025-01-22T14:00:06.219+0000] {processor.py:161} INFO - Started process (PID=334) to work on /opt/airflow/dags/kafka_stream.py
[2025-01-22T14:00:06.222+0000] {processor.py:830} INFO - Processing file /opt/airflow/dags/kafka_stream.py for tasks to queue
[2025-01-22T14:00:06.230+0000] {logging_mixin.py:188} INFO - [2025-01-22T14:00:06.229+0000] {dagbag.py:545} INFO - Filling up the DagBag from /opt/airflow/dags/kafka_stream.py
[2025-01-22T14:00:06.507+0000] {processor.py:840} INFO - DAG(s) 'user_automation' retrieved from /opt/airflow/dags/kafka_stream.py
[2025-01-22T14:00:06.568+0000] {logging_mixin.py:188} INFO - [2025-01-22T14:00:06.567+0000] {dag.py:3089} INFO - Sync 1 DAGs
[2025-01-22T14:00:06.722+0000] {logging_mixin.py:188} INFO - [2025-01-22T14:00:06.721+0000] {dag.py:3947} INFO - Setting next_dagrun for user_automation to 2025-01-21 00:00:00+00:00, run_after=2025-01-22 00:00:00+00:00
[2025-01-22T14:00:07.354+0000] {processor.py:183} INFO - Processing /opt/airflow/dags/kafka_stream.py took 1.141 seconds
[2025-01-22T14:00:38.956+0000] {processor.py:161} INFO - Started process (PID=346) to work on /opt/airflow/dags/kafka_stream.py
[2025-01-22T14:00:38.957+0000] {processor.py:830} INFO - Processing file /opt/airflow/dags/kafka_stream.py for tasks to queue
[2025-01-22T14:00:39.001+0000] {logging_mixin.py:188} INFO - [2025-01-22T14:00:39.000+0000] {dagbag.py:545} INFO - Filling up the DagBag from /opt/airflow/dags/kafka_stream.py
[2025-01-22T14:00:39.290+0000] {processor.py:840} INFO - DAG(s) 'user_automation' retrieved from /opt/airflow/dags/kafka_stream.py
[2025-01-22T14:00:39.497+0000] {logging_mixin.py:188} INFO - [2025-01-22T14:00:39.496+0000] {dag.py:3089} INFO - Sync 1 DAGs
[2025-01-22T14:00:39.571+0000] {logging_mixin.py:188} INFO - [2025-01-22T14:00:39.570+0000] {dag.py:3947} INFO - Setting next_dagrun for user_automation to 2025-01-21 00:00:00+00:00, run_after=2025-01-22 00:00:00+00:00
[2025-01-22T14:00:40.033+0000] {processor.py:183} INFO - Processing /opt/airflow/dags/kafka_stream.py took 1.144 seconds
[2025-01-22T14:01:11.846+0000] {processor.py:161} INFO - Started process (PID=358) to work on /opt/airflow/dags/kafka_stream.py
[2025-01-22T14:01:11.854+0000] {processor.py:830} INFO - Processing file /opt/airflow/dags/kafka_stream.py for tasks to queue
[2025-01-22T14:01:11.858+0000] {logging_mixin.py:188} INFO - [2025-01-22T14:01:11.857+0000] {dagbag.py:545} INFO - Filling up the DagBag from /opt/airflow/dags/kafka_stream.py
[2025-01-22T14:01:11.898+0000] {processor.py:840} INFO - DAG(s) 'user_automation' retrieved from /opt/airflow/dags/kafka_stream.py
[2025-01-22T14:01:11.965+0000] {logging_mixin.py:188} INFO - [2025-01-22T14:01:11.964+0000] {dag.py:3089} INFO - Sync 1 DAGs
[2025-01-22T14:01:12.181+0000] {logging_mixin.py:188} INFO - [2025-01-22T14:01:12.181+0000] {dag.py:3947} INFO - Setting next_dagrun for user_automation to 2025-01-21 00:00:00+00:00, run_after=2025-01-22 00:00:00+00:00
[2025-01-22T14:01:12.738+0000] {processor.py:183} INFO - Processing /opt/airflow/dags/kafka_stream.py took 0.904 seconds
[2025-01-22T14:01:45.588+0000] {processor.py:161} INFO - Started process (PID=368) to work on /opt/airflow/dags/kafka_stream.py
[2025-01-22T14:01:45.729+0000] {processor.py:830} INFO - Processing file /opt/airflow/dags/kafka_stream.py for tasks to queue
[2025-01-22T14:01:45.735+0000] {logging_mixin.py:188} INFO - [2025-01-22T14:01:45.734+0000] {dagbag.py:545} INFO - Filling up the DagBag from /opt/airflow/dags/kafka_stream.py
[2025-01-22T14:01:45.879+0000] {processor.py:840} INFO - DAG(s) 'user_automation' retrieved from /opt/airflow/dags/kafka_stream.py
[2025-01-22T14:01:45.961+0000] {logging_mixin.py:188} INFO - [2025-01-22T14:01:45.960+0000] {dag.py:3089} INFO - Sync 1 DAGs
[2025-01-22T14:01:46.018+0000] {logging_mixin.py:188} INFO - [2025-01-22T14:01:46.018+0000] {dag.py:3947} INFO - Setting next_dagrun for user_automation to 2025-01-21 00:00:00+00:00, run_after=2025-01-22 00:00:00+00:00
[2025-01-22T14:01:46.439+0000] {processor.py:183} INFO - Processing /opt/airflow/dags/kafka_stream.py took 0.884 seconds
[2025-01-22T14:02:23.853+0000] {processor.py:161} INFO - Started process (PID=380) to work on /opt/airflow/dags/kafka_stream.py
[2025-01-22T14:02:23.855+0000] {processor.py:830} INFO - Processing file /opt/airflow/dags/kafka_stream.py for tasks to queue
[2025-01-22T14:02:23.858+0000] {logging_mixin.py:188} INFO - [2025-01-22T14:02:23.857+0000] {dagbag.py:545} INFO - Filling up the DagBag from /opt/airflow/dags/kafka_stream.py
[2025-01-22T14:02:23.889+0000] {processor.py:840} INFO - DAG(s) 'user_automation' retrieved from /opt/airflow/dags/kafka_stream.py
[2025-01-22T14:02:23.968+0000] {logging_mixin.py:188} INFO - [2025-01-22T14:02:23.967+0000] {dag.py:3089} INFO - Sync 1 DAGs
[2025-01-22T14:02:24.002+0000] {logging_mixin.py:188} INFO - [2025-01-22T14:02:24.002+0000] {dag.py:3947} INFO - Setting next_dagrun for user_automation to 2025-01-21 00:00:00+00:00, run_after=2025-01-22 00:00:00+00:00
[2025-01-22T14:02:24.307+0000] {processor.py:183} INFO - Processing /opt/airflow/dags/kafka_stream.py took 0.462 seconds
[2025-01-22T14:02:59.247+0000] {processor.py:161} INFO - Started process (PID=391) to work on /opt/airflow/dags/kafka_stream.py
[2025-01-22T14:02:59.300+0000] {processor.py:830} INFO - Processing file /opt/airflow/dags/kafka_stream.py for tasks to queue
[2025-01-22T14:02:59.303+0000] {logging_mixin.py:188} INFO - [2025-01-22T14:02:59.303+0000] {dagbag.py:545} INFO - Filling up the DagBag from /opt/airflow/dags/kafka_stream.py
[2025-01-22T14:03:00.537+0000] {processor.py:840} INFO - DAG(s) 'user_automation' retrieved from /opt/airflow/dags/kafka_stream.py
[2025-01-22T14:03:00.631+0000] {logging_mixin.py:188} INFO - [2025-01-22T14:03:00.630+0000] {dag.py:3089} INFO - Sync 1 DAGs
[2025-01-22T14:03:00.721+0000] {logging_mixin.py:188} INFO - [2025-01-22T14:03:00.720+0000] {dag.py:3947} INFO - Setting next_dagrun for user_automation to 2025-01-21 00:00:00+00:00, run_after=2025-01-22 00:00:00+00:00
[2025-01-22T14:03:04.514+0000] {processor.py:183} INFO - Processing /opt/airflow/dags/kafka_stream.py took 5.277 seconds
[2025-01-22T14:03:38.504+0000] {processor.py:161} INFO - Started process (PID=402) to work on /opt/airflow/dags/kafka_stream.py
[2025-01-22T14:03:38.506+0000] {processor.py:830} INFO - Processing file /opt/airflow/dags/kafka_stream.py for tasks to queue
[2025-01-22T14:03:38.508+0000] {logging_mixin.py:188} INFO - [2025-01-22T14:03:38.508+0000] {dagbag.py:545} INFO - Filling up the DagBag from /opt/airflow/dags/kafka_stream.py
[2025-01-22T14:03:38.818+0000] {processor.py:840} INFO - DAG(s) 'user_automation' retrieved from /opt/airflow/dags/kafka_stream.py
[2025-01-22T14:03:39.149+0000] {logging_mixin.py:188} INFO - [2025-01-22T14:03:39.149+0000] {dag.py:3089} INFO - Sync 1 DAGs
[2025-01-22T14:03:39.180+0000] {logging_mixin.py:188} INFO - [2025-01-22T14:03:39.180+0000] {dag.py:3947} INFO - Setting next_dagrun for user_automation to 2025-01-21 00:00:00+00:00, run_after=2025-01-22 00:00:00+00:00
[2025-01-22T14:03:40.494+0000] {processor.py:183} INFO - Processing /opt/airflow/dags/kafka_stream.py took 1.995 seconds
[2025-01-22T14:04:13.636+0000] {processor.py:161} INFO - Started process (PID=412) to work on /opt/airflow/dags/kafka_stream.py
[2025-01-22T14:04:13.637+0000] {processor.py:830} INFO - Processing file /opt/airflow/dags/kafka_stream.py for tasks to queue
[2025-01-22T14:04:13.639+0000] {logging_mixin.py:188} INFO - [2025-01-22T14:04:13.639+0000] {dagbag.py:545} INFO - Filling up the DagBag from /opt/airflow/dags/kafka_stream.py
[2025-01-22T14:04:13.708+0000] {processor.py:840} INFO - DAG(s) 'user_automation' retrieved from /opt/airflow/dags/kafka_stream.py
[2025-01-22T14:04:13.832+0000] {logging_mixin.py:188} INFO - [2025-01-22T14:04:13.832+0000] {dag.py:3089} INFO - Sync 1 DAGs
[2025-01-22T14:04:13.877+0000] {logging_mixin.py:188} INFO - [2025-01-22T14:04:13.877+0000] {dag.py:3947} INFO - Setting next_dagrun for user_automation to 2025-01-21 00:00:00+00:00, run_after=2025-01-22 00:00:00+00:00
[2025-01-22T14:04:14.219+0000] {processor.py:183} INFO - Processing /opt/airflow/dags/kafka_stream.py took 0.596 seconds
[2025-01-22T14:04:48.688+0000] {processor.py:161} INFO - Started process (PID=430) to work on /opt/airflow/dags/kafka_stream.py
[2025-01-22T14:04:48.689+0000] {processor.py:830} INFO - Processing file /opt/airflow/dags/kafka_stream.py for tasks to queue
[2025-01-22T14:04:48.691+0000] {logging_mixin.py:188} INFO - [2025-01-22T14:04:48.691+0000] {dagbag.py:545} INFO - Filling up the DagBag from /opt/airflow/dags/kafka_stream.py
[2025-01-22T14:04:48.716+0000] {processor.py:840} INFO - DAG(s) 'user_automation' retrieved from /opt/airflow/dags/kafka_stream.py
[2025-01-22T14:04:48.760+0000] {logging_mixin.py:188} INFO - [2025-01-22T14:04:48.759+0000] {dag.py:3089} INFO - Sync 1 DAGs
[2025-01-22T14:04:48.792+0000] {logging_mixin.py:188} INFO - [2025-01-22T14:04:48.792+0000] {dag.py:3947} INFO - Setting next_dagrun for user_automation to 2025-01-21 00:00:00+00:00, run_after=2025-01-22 00:00:00+00:00
[2025-01-22T14:04:49.581+0000] {processor.py:183} INFO - Processing /opt/airflow/dags/kafka_stream.py took 0.902 seconds
[2025-01-22T14:05:21.794+0000] {processor.py:161} INFO - Started process (PID=441) to work on /opt/airflow/dags/kafka_stream.py
[2025-01-22T14:05:21.796+0000] {processor.py:830} INFO - Processing file /opt/airflow/dags/kafka_stream.py for tasks to queue
[2025-01-22T14:05:21.801+0000] {logging_mixin.py:188} INFO - [2025-01-22T14:05:21.800+0000] {dagbag.py:545} INFO - Filling up the DagBag from /opt/airflow/dags/kafka_stream.py
[2025-01-22T14:05:21.867+0000] {processor.py:840} INFO - DAG(s) 'user_automation' retrieved from /opt/airflow/dags/kafka_stream.py
[2025-01-22T14:05:22.066+0000] {logging_mixin.py:188} INFO - [2025-01-22T14:05:22.066+0000] {dag.py:3089} INFO - Sync 1 DAGs
[2025-01-22T14:05:22.110+0000] {logging_mixin.py:188} INFO - [2025-01-22T14:05:22.110+0000] {dag.py:3947} INFO - Setting next_dagrun for user_automation to 2025-01-21 00:00:00+00:00, run_after=2025-01-22 00:00:00+00:00
[2025-01-22T14:05:22.427+0000] {processor.py:183} INFO - Processing /opt/airflow/dags/kafka_stream.py took 0.659 seconds
[2025-01-22T14:05:53.680+0000] {processor.py:161} INFO - Started process (PID=451) to work on /opt/airflow/dags/kafka_stream.py
[2025-01-22T14:05:53.681+0000] {processor.py:830} INFO - Processing file /opt/airflow/dags/kafka_stream.py for tasks to queue
[2025-01-22T14:05:53.684+0000] {logging_mixin.py:188} INFO - [2025-01-22T14:05:53.683+0000] {dagbag.py:545} INFO - Filling up the DagBag from /opt/airflow/dags/kafka_stream.py
[2025-01-22T14:05:53.712+0000] {processor.py:840} INFO - DAG(s) 'user_automation' retrieved from /opt/airflow/dags/kafka_stream.py
[2025-01-22T14:05:53.754+0000] {logging_mixin.py:188} INFO - [2025-01-22T14:05:53.754+0000] {dag.py:3089} INFO - Sync 1 DAGs
[2025-01-22T14:05:53.786+0000] {logging_mixin.py:188} INFO - [2025-01-22T14:05:53.785+0000] {dag.py:3947} INFO - Setting next_dagrun for user_automation to 2025-01-21 00:00:00+00:00, run_after=2025-01-22 00:00:00+00:00
[2025-01-22T14:05:54.056+0000] {processor.py:183} INFO - Processing /opt/airflow/dags/kafka_stream.py took 0.385 seconds
[2025-01-22T14:06:25.383+0000] {processor.py:161} INFO - Started process (PID=456) to work on /opt/airflow/dags/kafka_stream.py
[2025-01-22T14:06:25.385+0000] {processor.py:830} INFO - Processing file /opt/airflow/dags/kafka_stream.py for tasks to queue
[2025-01-22T14:06:25.389+0000] {logging_mixin.py:188} INFO - [2025-01-22T14:06:25.388+0000] {dagbag.py:545} INFO - Filling up the DagBag from /opt/airflow/dags/kafka_stream.py
[2025-01-22T14:06:25.427+0000] {processor.py:840} INFO - DAG(s) 'user_automation' retrieved from /opt/airflow/dags/kafka_stream.py
[2025-01-22T14:06:25.494+0000] {logging_mixin.py:188} INFO - [2025-01-22T14:06:25.493+0000] {dag.py:3089} INFO - Sync 1 DAGs
[2025-01-22T14:06:25.534+0000] {logging_mixin.py:188} INFO - [2025-01-22T14:06:25.533+0000] {dag.py:3947} INFO - Setting next_dagrun for user_automation to 2025-01-21 00:00:00+00:00, run_after=2025-01-22 00:00:00+00:00
[2025-01-22T14:06:25.758+0000] {processor.py:183} INFO - Processing /opt/airflow/dags/kafka_stream.py took 0.383 seconds
[2025-01-22T14:06:56.438+0000] {processor.py:161} INFO - Started process (PID=467) to work on /opt/airflow/dags/kafka_stream.py
[2025-01-22T14:06:56.439+0000] {processor.py:830} INFO - Processing file /opt/airflow/dags/kafka_stream.py for tasks to queue
[2025-01-22T14:06:56.441+0000] {logging_mixin.py:188} INFO - [2025-01-22T14:06:56.441+0000] {dagbag.py:545} INFO - Filling up the DagBag from /opt/airflow/dags/kafka_stream.py
[2025-01-22T14:06:56.479+0000] {processor.py:840} INFO - DAG(s) 'user_automation' retrieved from /opt/airflow/dags/kafka_stream.py
[2025-01-22T14:06:56.659+0000] {logging_mixin.py:188} INFO - [2025-01-22T14:06:56.658+0000] {dag.py:3089} INFO - Sync 1 DAGs
[2025-01-22T14:06:56.727+0000] {logging_mixin.py:188} INFO - [2025-01-22T14:06:56.726+0000] {dag.py:3947} INFO - Setting next_dagrun for user_automation to 2025-01-21 00:00:00+00:00, run_after=2025-01-22 00:00:00+00:00
[2025-01-22T14:06:57.080+0000] {processor.py:183} INFO - Processing /opt/airflow/dags/kafka_stream.py took 0.652 seconds
[2025-01-22T14:07:33.528+0000] {processor.py:161} INFO - Started process (PID=484) to work on /opt/airflow/dags/kafka_stream.py
[2025-01-22T14:07:33.530+0000] {processor.py:830} INFO - Processing file /opt/airflow/dags/kafka_stream.py for tasks to queue
[2025-01-22T14:07:33.533+0000] {logging_mixin.py:188} INFO - [2025-01-22T14:07:33.533+0000] {dagbag.py:545} INFO - Filling up the DagBag from /opt/airflow/dags/kafka_stream.py
[2025-01-22T14:07:33.565+0000] {processor.py:840} INFO - DAG(s) 'user_automation' retrieved from /opt/airflow/dags/kafka_stream.py
[2025-01-22T14:07:33.614+0000] {logging_mixin.py:188} INFO - [2025-01-22T14:07:33.614+0000] {dag.py:3089} INFO - Sync 1 DAGs
[2025-01-22T14:07:33.647+0000] {logging_mixin.py:188} INFO - [2025-01-22T14:07:33.647+0000] {dag.py:3947} INFO - Setting next_dagrun for user_automation to 2025-01-21 00:00:00+00:00, run_after=2025-01-22 00:00:00+00:00
[2025-01-22T14:07:33.803+0000] {processor.py:183} INFO - Processing /opt/airflow/dags/kafka_stream.py took 0.284 seconds
[2025-01-22T14:08:05.022+0000] {processor.py:161} INFO - Started process (PID=494) to work on /opt/airflow/dags/kafka_stream.py
[2025-01-22T14:08:05.025+0000] {processor.py:830} INFO - Processing file /opt/airflow/dags/kafka_stream.py for tasks to queue
[2025-01-22T14:08:05.028+0000] {logging_mixin.py:188} INFO - [2025-01-22T14:08:05.027+0000] {dagbag.py:545} INFO - Filling up the DagBag from /opt/airflow/dags/kafka_stream.py
[2025-01-22T14:08:05.060+0000] {processor.py:840} INFO - DAG(s) 'user_automation' retrieved from /opt/airflow/dags/kafka_stream.py
[2025-01-22T14:08:05.110+0000] {logging_mixin.py:188} INFO - [2025-01-22T14:08:05.110+0000] {dag.py:3089} INFO - Sync 1 DAGs
[2025-01-22T14:08:05.180+0000] {logging_mixin.py:188} INFO - [2025-01-22T14:08:05.180+0000] {dag.py:3947} INFO - Setting next_dagrun for user_automation to 2025-01-21 00:00:00+00:00, run_after=2025-01-22 00:00:00+00:00
[2025-01-22T14:08:05.335+0000] {processor.py:183} INFO - Processing /opt/airflow/dags/kafka_stream.py took 0.323 seconds
[2025-01-22T14:08:35.906+0000] {processor.py:161} INFO - Started process (PID=499) to work on /opt/airflow/dags/kafka_stream.py
[2025-01-22T14:08:36.077+0000] {processor.py:830} INFO - Processing file /opt/airflow/dags/kafka_stream.py for tasks to queue
[2025-01-22T14:08:37.026+0000] {logging_mixin.py:188} INFO - [2025-01-22T14:08:37.025+0000] {dagbag.py:545} INFO - Filling up the DagBag from /opt/airflow/dags/kafka_stream.py
[2025-01-22T14:08:37.882+0000] {processor.py:840} INFO - DAG(s) 'user_automation' retrieved from /opt/airflow/dags/kafka_stream.py
[2025-01-22T14:08:39.901+0000] {logging_mixin.py:188} INFO - [2025-01-22T14:08:39.900+0000] {dag.py:3089} INFO - Sync 1 DAGs
[2025-01-22T14:08:40.115+0000] {logging_mixin.py:188} INFO - [2025-01-22T14:08:40.114+0000] {dag.py:3947} INFO - Setting next_dagrun for user_automation to 2025-01-21 00:00:00+00:00, run_after=2025-01-22 00:00:00+00:00
[2025-01-22T14:08:49.162+0000] {processor.py:183} INFO - Processing /opt/airflow/dags/kafka_stream.py took 13.261 seconds
[2025-01-22T14:09:22.319+0000] {processor.py:161} INFO - Started process (PID=504) to work on /opt/airflow/dags/kafka_stream.py
[2025-01-22T14:09:22.623+0000] {processor.py:830} INFO - Processing file /opt/airflow/dags/kafka_stream.py for tasks to queue
[2025-01-22T14:09:23.093+0000] {logging_mixin.py:188} INFO - [2025-01-22T14:09:23.092+0000] {dagbag.py:545} INFO - Filling up the DagBag from /opt/airflow/dags/kafka_stream.py
[2025-01-22T14:09:25.250+0000] {processor.py:840} INFO - DAG(s) 'user_automation' retrieved from /opt/airflow/dags/kafka_stream.py
[2025-01-22T14:09:32.522+0000] {logging_mixin.py:188} INFO - [2025-01-22T14:09:32.522+0000] {dag.py:3089} INFO - Sync 1 DAGs
[2025-01-22T14:09:32.779+0000] {logging_mixin.py:188} INFO - [2025-01-22T14:09:32.779+0000] {dag.py:3947} INFO - Setting next_dagrun for user_automation to 2025-01-21 00:00:00+00:00, run_after=2025-01-22 00:00:00+00:00
[2025-01-22T14:09:36.485+0000] {processor.py:183} INFO - Processing /opt/airflow/dags/kafka_stream.py took 14.199 seconds
[2025-01-22T14:10:23.665+0000] {processor.py:161} INFO - Started process (PID=522) to work on /opt/airflow/dags/kafka_stream.py
[2025-01-22T14:10:23.666+0000] {processor.py:830} INFO - Processing file /opt/airflow/dags/kafka_stream.py for tasks to queue
[2025-01-22T14:10:23.670+0000] {logging_mixin.py:188} INFO - [2025-01-22T14:10:23.669+0000] {dagbag.py:545} INFO - Filling up the DagBag from /opt/airflow/dags/kafka_stream.py
[2025-01-22T14:10:27.250+0000] {processor.py:840} INFO - DAG(s) 'user_automation' retrieved from /opt/airflow/dags/kafka_stream.py
[2025-01-22T14:10:30.604+0000] {logging_mixin.py:188} INFO - [2025-01-22T14:10:30.603+0000] {dag.py:3089} INFO - Sync 1 DAGs
[2025-01-22T14:10:31.521+0000] {logging_mixin.py:188} INFO - [2025-01-22T14:10:31.521+0000] {dag.py:3947} INFO - Setting next_dagrun for user_automation to 2025-01-21 00:00:00+00:00, run_after=2025-01-22 00:00:00+00:00
[2025-01-22T14:10:40.530+0000] {processor.py:183} INFO - Processing /opt/airflow/dags/kafka_stream.py took 17.369 seconds
[2025-01-22T14:11:30.986+0000] {processor.py:161} INFO - Started process (PID=527) to work on /opt/airflow/dags/kafka_stream.py
[2025-01-22T14:11:31.489+0000] {processor.py:830} INFO - Processing file /opt/airflow/dags/kafka_stream.py for tasks to queue
[2025-01-22T14:11:31.540+0000] {logging_mixin.py:188} INFO - [2025-01-22T14:11:31.518+0000] {dagbag.py:545} INFO - Filling up the DagBag from /opt/airflow/dags/kafka_stream.py
[2025-01-22T14:11:37.770+0000] {processor.py:840} INFO - DAG(s) 'user_automation' retrieved from /opt/airflow/dags/kafka_stream.py
[2025-01-22T14:11:41.664+0000] {logging_mixin.py:188} INFO - [2025-01-22T14:11:41.664+0000] {dag.py:3089} INFO - Sync 1 DAGs
[2025-01-22T14:11:43.091+0000] {logging_mixin.py:188} INFO - [2025-01-22T14:11:43.090+0000] {dag.py:3947} INFO - Setting next_dagrun for user_automation to 2025-01-21 00:00:00+00:00, run_after=2025-01-22 00:00:00+00:00
[2025-01-22T14:11:44.987+0000] {processor.py:183} INFO - Processing /opt/airflow/dags/kafka_stream.py took 15.091 seconds
[2025-01-22T14:12:35.290+0000] {processor.py:161} INFO - Started process (PID=542) to work on /opt/airflow/dags/kafka_stream.py
[2025-01-22T14:12:35.296+0000] {processor.py:830} INFO - Processing file /opt/airflow/dags/kafka_stream.py for tasks to queue
[2025-01-22T14:12:35.302+0000] {logging_mixin.py:188} INFO - [2025-01-22T14:12:35.299+0000] {dagbag.py:545} INFO - Filling up the DagBag from /opt/airflow/dags/kafka_stream.py
[2025-01-22T14:12:37.122+0000] {processor.py:840} INFO - DAG(s) 'user_automation' retrieved from /opt/airflow/dags/kafka_stream.py
[2025-01-22T14:12:39.134+0000] {logging_mixin.py:188} INFO - [2025-01-22T14:12:39.133+0000] {dag.py:3089} INFO - Sync 1 DAGs
[2025-01-22T14:12:40.014+0000] {logging_mixin.py:188} INFO - [2025-01-22T14:12:39.976+0000] {dag.py:3947} INFO - Setting next_dagrun for user_automation to 2025-01-21 00:00:00+00:00, run_after=2025-01-22 00:00:00+00:00
[2025-01-22T14:12:46.310+0000] {processor.py:183} INFO - Processing /opt/airflow/dags/kafka_stream.py took 11.061 seconds
[2025-01-22T14:13:37.471+0000] {processor.py:161} INFO - Started process (PID=547) to work on /opt/airflow/dags/kafka_stream.py
[2025-01-22T14:13:38.091+0000] {processor.py:830} INFO - Processing file /opt/airflow/dags/kafka_stream.py for tasks to queue
[2025-01-22T14:13:40.408+0000] {logging_mixin.py:188} INFO - [2025-01-22T14:13:40.408+0000] {dagbag.py:545} INFO - Filling up the DagBag from /opt/airflow/dags/kafka_stream.py
[2025-01-22T14:13:45.576+0000] {processor.py:840} INFO - DAG(s) 'user_automation' retrieved from /opt/airflow/dags/kafka_stream.py
[2025-01-22T14:16:07.825+0000] {processor.py:161} INFO - Started process (PID=568) to work on /opt/airflow/dags/kafka_stream.py
[2025-01-22T14:17:03.347+0000] {processor.py:830} INFO - Processing file /opt/airflow/dags/kafka_stream.py for tasks to queue
[2025-01-22T14:17:46.004+0000] {logging_mixin.py:188} INFO - [2025-01-22T14:17:40.312+0000] {dagbag.py:545} INFO - Filling up the DagBag from /opt/airflow/dags/kafka_stream.py
[2025-01-22T17:33:34.235+0000] {processor.py:161} INFO - Started process (PID=304) to work on /opt/airflow/dags/kafka_stream.py
[2025-01-22T17:33:34.548+0000] {processor.py:830} INFO - Processing file /opt/airflow/dags/kafka_stream.py for tasks to queue
[2025-01-22T17:33:34.771+0000] {logging_mixin.py:188} INFO - [2025-01-22T17:33:34.551+0000] {dagbag.py:545} INFO - Filling up the DagBag from /opt/airflow/dags/kafka_stream.py
[2025-01-22T17:33:39.431+0000] {processor.py:840} INFO - DAG(s) 'user_automation' retrieved from /opt/airflow/dags/kafka_stream.py
[2025-01-22T17:33:48.019+0000] {logging_mixin.py:188} INFO - [2025-01-22T17:33:48.019+0000] {dag.py:3089} INFO - Sync 1 DAGs
[2025-01-22T17:33:48.301+0000] {logging_mixin.py:188} INFO - [2025-01-22T17:33:48.301+0000] {dag.py:3947} INFO - Setting next_dagrun for user_automation to 2025-01-21 00:00:00+00:00, run_after=2025-01-22 00:00:00+00:00
[2025-01-22T17:33:48.431+0000] {processor.py:183} INFO - Processing /opt/airflow/dags/kafka_stream.py took 14.206 seconds
[2025-01-22T17:34:18.747+0000] {processor.py:161} INFO - Started process (PID=322) to work on /opt/airflow/dags/kafka_stream.py
[2025-01-22T17:34:18.748+0000] {processor.py:830} INFO - Processing file /opt/airflow/dags/kafka_stream.py for tasks to queue
[2025-01-22T17:34:18.751+0000] {logging_mixin.py:188} INFO - [2025-01-22T17:34:18.750+0000] {dagbag.py:545} INFO - Filling up the DagBag from /opt/airflow/dags/kafka_stream.py
[2025-01-22T17:34:19.456+0000] {processor.py:840} INFO - DAG(s) 'user_automation' retrieved from /opt/airflow/dags/kafka_stream.py
[2025-01-22T17:34:19.502+0000] {logging_mixin.py:188} INFO - [2025-01-22T17:34:19.502+0000] {dag.py:3089} INFO - Sync 1 DAGs
[2025-01-22T17:34:19.537+0000] {logging_mixin.py:188} INFO - [2025-01-22T17:34:19.536+0000] {dag.py:3947} INFO - Setting next_dagrun for user_automation to 2025-01-21 00:00:00+00:00, run_after=2025-01-22 00:00:00+00:00
[2025-01-22T17:34:20.274+0000] {processor.py:183} INFO - Processing /opt/airflow/dags/kafka_stream.py took 1.534 seconds
[2025-01-22T17:34:50.783+0000] {processor.py:161} INFO - Started process (PID=333) to work on /opt/airflow/dags/kafka_stream.py
[2025-01-22T17:34:50.785+0000] {processor.py:830} INFO - Processing file /opt/airflow/dags/kafka_stream.py for tasks to queue
[2025-01-22T17:34:50.787+0000] {logging_mixin.py:188} INFO - [2025-01-22T17:34:50.786+0000] {dagbag.py:545} INFO - Filling up the DagBag from /opt/airflow/dags/kafka_stream.py
[2025-01-22T17:34:50.812+0000] {processor.py:840} INFO - DAG(s) 'user_automation' retrieved from /opt/airflow/dags/kafka_stream.py
[2025-01-22T17:34:50.847+0000] {logging_mixin.py:188} INFO - [2025-01-22T17:34:50.846+0000] {dag.py:3089} INFO - Sync 1 DAGs
[2025-01-22T17:34:50.878+0000] {logging_mixin.py:188} INFO - [2025-01-22T17:34:50.877+0000] {dag.py:3947} INFO - Setting next_dagrun for user_automation to 2025-01-21 00:00:00+00:00, run_after=2025-01-22 00:00:00+00:00
[2025-01-22T17:34:51.011+0000] {processor.py:183} INFO - Processing /opt/airflow/dags/kafka_stream.py took 0.233 seconds
[2025-01-22T17:35:21.313+0000] {processor.py:161} INFO - Started process (PID=344) to work on /opt/airflow/dags/kafka_stream.py
[2025-01-22T17:35:21.314+0000] {processor.py:830} INFO - Processing file /opt/airflow/dags/kafka_stream.py for tasks to queue
[2025-01-22T17:35:21.317+0000] {logging_mixin.py:188} INFO - [2025-01-22T17:35:21.317+0000] {dagbag.py:545} INFO - Filling up the DagBag from /opt/airflow/dags/kafka_stream.py
[2025-01-22T17:35:21.360+0000] {processor.py:840} INFO - DAG(s) 'user_automation' retrieved from /opt/airflow/dags/kafka_stream.py
[2025-01-22T17:35:21.430+0000] {logging_mixin.py:188} INFO - [2025-01-22T17:35:21.430+0000] {dag.py:3089} INFO - Sync 1 DAGs
[2025-01-22T17:35:21.468+0000] {logging_mixin.py:188} INFO - [2025-01-22T17:35:21.468+0000] {dag.py:3947} INFO - Setting next_dagrun for user_automation to 2025-01-21 00:00:00+00:00, run_after=2025-01-22 00:00:00+00:00
[2025-01-22T17:35:22.083+0000] {processor.py:183} INFO - Processing /opt/airflow/dags/kafka_stream.py took 0.780 seconds
[2025-01-22T17:35:52.220+0000] {processor.py:161} INFO - Started process (PID=355) to work on /opt/airflow/dags/kafka_stream.py
[2025-01-22T17:35:52.221+0000] {processor.py:830} INFO - Processing file /opt/airflow/dags/kafka_stream.py for tasks to queue
[2025-01-22T17:35:52.224+0000] {logging_mixin.py:188} INFO - [2025-01-22T17:35:52.224+0000] {dagbag.py:545} INFO - Filling up the DagBag from /opt/airflow/dags/kafka_stream.py
[2025-01-22T17:35:52.252+0000] {processor.py:840} INFO - DAG(s) 'user_automation' retrieved from /opt/airflow/dags/kafka_stream.py
[2025-01-22T17:35:52.287+0000] {logging_mixin.py:188} INFO - [2025-01-22T17:35:52.286+0000] {dag.py:3089} INFO - Sync 1 DAGs
[2025-01-22T17:35:52.325+0000] {logging_mixin.py:188} INFO - [2025-01-22T17:35:52.325+0000] {dag.py:3947} INFO - Setting next_dagrun for user_automation to 2025-01-21 00:00:00+00:00, run_after=2025-01-22 00:00:00+00:00
[2025-01-22T17:35:52.519+0000] {processor.py:183} INFO - Processing /opt/airflow/dags/kafka_stream.py took 0.309 seconds
[2025-01-22T17:36:22.863+0000] {processor.py:161} INFO - Started process (PID=366) to work on /opt/airflow/dags/kafka_stream.py
[2025-01-22T17:36:22.864+0000] {processor.py:830} INFO - Processing file /opt/airflow/dags/kafka_stream.py for tasks to queue
[2025-01-22T17:36:22.867+0000] {logging_mixin.py:188} INFO - [2025-01-22T17:36:22.866+0000] {dagbag.py:545} INFO - Filling up the DagBag from /opt/airflow/dags/kafka_stream.py
[2025-01-22T17:36:22.895+0000] {processor.py:840} INFO - DAG(s) 'user_automation' retrieved from /opt/airflow/dags/kafka_stream.py
[2025-01-22T17:36:22.949+0000] {logging_mixin.py:188} INFO - [2025-01-22T17:36:22.948+0000] {dag.py:3089} INFO - Sync 1 DAGs
[2025-01-22T17:36:22.987+0000] {logging_mixin.py:188} INFO - [2025-01-22T17:36:22.987+0000] {dag.py:3947} INFO - Setting next_dagrun for user_automation to 2025-01-21 00:00:00+00:00, run_after=2025-01-22 00:00:00+00:00
[2025-01-22T17:36:23.126+0000] {processor.py:183} INFO - Processing /opt/airflow/dags/kafka_stream.py took 0.269 seconds
[2025-01-22T17:36:53.412+0000] {processor.py:161} INFO - Started process (PID=377) to work on /opt/airflow/dags/kafka_stream.py
[2025-01-22T17:36:53.414+0000] {processor.py:830} INFO - Processing file /opt/airflow/dags/kafka_stream.py for tasks to queue
[2025-01-22T17:36:53.416+0000] {logging_mixin.py:188} INFO - [2025-01-22T17:36:53.415+0000] {dagbag.py:545} INFO - Filling up the DagBag from /opt/airflow/dags/kafka_stream.py
[2025-01-22T17:36:53.437+0000] {processor.py:840} INFO - DAG(s) 'user_automation' retrieved from /opt/airflow/dags/kafka_stream.py
[2025-01-22T17:36:53.496+0000] {logging_mixin.py:188} INFO - [2025-01-22T17:36:53.495+0000] {dag.py:3089} INFO - Sync 1 DAGs
[2025-01-22T17:36:53.558+0000] {logging_mixin.py:188} INFO - [2025-01-22T17:36:53.558+0000] {dag.py:3947} INFO - Setting next_dagrun for user_automation to 2025-01-21 00:00:00+00:00, run_after=2025-01-22 00:00:00+00:00
[2025-01-22T17:36:53.773+0000] {processor.py:183} INFO - Processing /opt/airflow/dags/kafka_stream.py took 0.367 seconds
[2025-01-22T17:37:24.331+0000] {processor.py:161} INFO - Started process (PID=388) to work on /opt/airflow/dags/kafka_stream.py
[2025-01-22T17:37:24.332+0000] {processor.py:830} INFO - Processing file /opt/airflow/dags/kafka_stream.py for tasks to queue
[2025-01-22T17:37:24.335+0000] {logging_mixin.py:188} INFO - [2025-01-22T17:37:24.334+0000] {dagbag.py:545} INFO - Filling up the DagBag from /opt/airflow/dags/kafka_stream.py
[2025-01-22T17:37:24.355+0000] {processor.py:840} INFO - DAG(s) 'user_automation' retrieved from /opt/airflow/dags/kafka_stream.py
[2025-01-22T17:37:24.444+0000] {logging_mixin.py:188} INFO - [2025-01-22T17:37:24.443+0000] {dag.py:3089} INFO - Sync 1 DAGs
[2025-01-22T17:37:24.476+0000] {logging_mixin.py:188} INFO - [2025-01-22T17:37:24.476+0000] {dag.py:3947} INFO - Setting next_dagrun for user_automation to 2025-01-21 00:00:00+00:00, run_after=2025-01-22 00:00:00+00:00
[2025-01-22T17:37:24.670+0000] {processor.py:183} INFO - Processing /opt/airflow/dags/kafka_stream.py took 0.346 seconds
[2025-01-22T17:37:54.824+0000] {processor.py:161} INFO - Started process (PID=399) to work on /opt/airflow/dags/kafka_stream.py
[2025-01-22T17:37:54.825+0000] {processor.py:830} INFO - Processing file /opt/airflow/dags/kafka_stream.py for tasks to queue
[2025-01-22T17:37:54.827+0000] {logging_mixin.py:188} INFO - [2025-01-22T17:37:54.827+0000] {dagbag.py:545} INFO - Filling up the DagBag from /opt/airflow/dags/kafka_stream.py
[2025-01-22T17:37:54.855+0000] {processor.py:840} INFO - DAG(s) 'user_automation' retrieved from /opt/airflow/dags/kafka_stream.py
[2025-01-22T17:37:54.888+0000] {logging_mixin.py:188} INFO - [2025-01-22T17:37:54.888+0000] {dag.py:3089} INFO - Sync 1 DAGs
[2025-01-22T17:37:54.917+0000] {logging_mixin.py:188} INFO - [2025-01-22T17:37:54.917+0000] {dag.py:3947} INFO - Setting next_dagrun for user_automation to 2025-01-21 00:00:00+00:00, run_after=2025-01-22 00:00:00+00:00
[2025-01-22T17:37:55.734+0000] {processor.py:183} INFO - Processing /opt/airflow/dags/kafka_stream.py took 0.917 seconds
[2025-01-22T17:38:26.000+0000] {processor.py:161} INFO - Started process (PID=410) to work on /opt/airflow/dags/kafka_stream.py
[2025-01-22T17:38:26.002+0000] {processor.py:830} INFO - Processing file /opt/airflow/dags/kafka_stream.py for tasks to queue
[2025-01-22T17:38:26.005+0000] {logging_mixin.py:188} INFO - [2025-01-22T17:38:26.004+0000] {dagbag.py:545} INFO - Filling up the DagBag from /opt/airflow/dags/kafka_stream.py
[2025-01-22T17:38:26.038+0000] {processor.py:840} INFO - DAG(s) 'user_automation' retrieved from /opt/airflow/dags/kafka_stream.py
[2025-01-22T17:38:26.071+0000] {logging_mixin.py:188} INFO - [2025-01-22T17:38:26.070+0000] {dag.py:3089} INFO - Sync 1 DAGs
[2025-01-22T17:38:26.101+0000] {logging_mixin.py:188} INFO - [2025-01-22T17:38:26.101+0000] {dag.py:3947} INFO - Setting next_dagrun for user_automation to 2025-01-21 00:00:00+00:00, run_after=2025-01-22 00:00:00+00:00
[2025-01-22T17:38:26.196+0000] {processor.py:183} INFO - Processing /opt/airflow/dags/kafka_stream.py took 0.206 seconds
[2025-01-22T17:38:56.314+0000] {processor.py:161} INFO - Started process (PID=421) to work on /opt/airflow/dags/kafka_stream.py
[2025-01-22T17:38:56.315+0000] {processor.py:830} INFO - Processing file /opt/airflow/dags/kafka_stream.py for tasks to queue
[2025-01-22T17:38:56.317+0000] {logging_mixin.py:188} INFO - [2025-01-22T17:38:56.316+0000] {dagbag.py:545} INFO - Filling up the DagBag from /opt/airflow/dags/kafka_stream.py
[2025-01-22T17:38:56.339+0000] {processor.py:840} INFO - DAG(s) 'user_automation' retrieved from /opt/airflow/dags/kafka_stream.py
[2025-01-22T17:38:56.395+0000] {logging_mixin.py:188} INFO - [2025-01-22T17:38:56.394+0000] {dag.py:3089} INFO - Sync 1 DAGs
[2025-01-22T17:38:56.476+0000] {logging_mixin.py:188} INFO - [2025-01-22T17:38:56.475+0000] {dag.py:3947} INFO - Setting next_dagrun for user_automation to 2025-01-21 00:00:00+00:00, run_after=2025-01-22 00:00:00+00:00
[2025-01-22T17:38:57.804+0000] {processor.py:183} INFO - Processing /opt/airflow/dags/kafka_stream.py took 1.496 seconds
[2025-01-22T17:39:28.163+0000] {processor.py:161} INFO - Started process (PID=432) to work on /opt/airflow/dags/kafka_stream.py
[2025-01-22T17:39:28.165+0000] {processor.py:830} INFO - Processing file /opt/airflow/dags/kafka_stream.py for tasks to queue
[2025-01-22T17:39:28.167+0000] {logging_mixin.py:188} INFO - [2025-01-22T17:39:28.167+0000] {dagbag.py:545} INFO - Filling up the DagBag from /opt/airflow/dags/kafka_stream.py
[2025-01-22T17:39:28.199+0000] {processor.py:840} INFO - DAG(s) 'user_automation' retrieved from /opt/airflow/dags/kafka_stream.py
[2025-01-22T17:39:28.235+0000] {logging_mixin.py:188} INFO - [2025-01-22T17:39:28.235+0000] {dag.py:3089} INFO - Sync 1 DAGs
[2025-01-22T17:39:28.271+0000] {logging_mixin.py:188} INFO - [2025-01-22T17:39:28.271+0000] {dag.py:3947} INFO - Setting next_dagrun for user_automation to 2025-01-21 00:00:00+00:00, run_after=2025-01-22 00:00:00+00:00
[2025-01-22T17:39:28.328+0000] {processor.py:183} INFO - Processing /opt/airflow/dags/kafka_stream.py took 0.172 seconds
[2025-01-22T17:39:58.575+0000] {processor.py:161} INFO - Started process (PID=444) to work on /opt/airflow/dags/kafka_stream.py
[2025-01-22T17:39:58.576+0000] {processor.py:830} INFO - Processing file /opt/airflow/dags/kafka_stream.py for tasks to queue
[2025-01-22T17:39:58.578+0000] {logging_mixin.py:188} INFO - [2025-01-22T17:39:58.578+0000] {dagbag.py:545} INFO - Filling up the DagBag from /opt/airflow/dags/kafka_stream.py
[2025-01-22T17:39:58.605+0000] {processor.py:840} INFO - DAG(s) 'user_automation' retrieved from /opt/airflow/dags/kafka_stream.py
[2025-01-22T17:39:58.640+0000] {logging_mixin.py:188} INFO - [2025-01-22T17:39:58.640+0000] {dag.py:3089} INFO - Sync 1 DAGs
[2025-01-22T17:39:58.671+0000] {logging_mixin.py:188} INFO - [2025-01-22T17:39:58.670+0000] {dag.py:3947} INFO - Setting next_dagrun for user_automation to 2025-01-21 00:00:00+00:00, run_after=2025-01-22 00:00:00+00:00
[2025-01-22T17:39:58.844+0000] {processor.py:183} INFO - Processing /opt/airflow/dags/kafka_stream.py took 0.275 seconds
[2025-01-22T17:40:30.011+0000] {processor.py:161} INFO - Started process (PID=455) to work on /opt/airflow/dags/kafka_stream.py
[2025-01-22T17:40:30.013+0000] {processor.py:830} INFO - Processing file /opt/airflow/dags/kafka_stream.py for tasks to queue
[2025-01-22T17:40:30.016+0000] {logging_mixin.py:188} INFO - [2025-01-22T17:40:30.015+0000] {dagbag.py:545} INFO - Filling up the DagBag from /opt/airflow/dags/kafka_stream.py
[2025-01-22T17:40:30.049+0000] {processor.py:840} INFO - DAG(s) 'user_automation' retrieved from /opt/airflow/dags/kafka_stream.py
[2025-01-22T17:40:30.095+0000] {logging_mixin.py:188} INFO - [2025-01-22T17:40:30.095+0000] {dag.py:3089} INFO - Sync 1 DAGs
[2025-01-22T17:40:30.131+0000] {logging_mixin.py:188} INFO - [2025-01-22T17:40:30.131+0000] {dag.py:3947} INFO - Setting next_dagrun for user_automation to 2025-01-21 00:00:00+00:00, run_after=2025-01-22 00:00:00+00:00
[2025-01-22T17:40:30.211+0000] {processor.py:183} INFO - Processing /opt/airflow/dags/kafka_stream.py took 0.209 seconds
[2025-01-22T17:41:00.297+0000] {processor.py:161} INFO - Started process (PID=466) to work on /opt/airflow/dags/kafka_stream.py
[2025-01-22T17:41:00.298+0000] {processor.py:830} INFO - Processing file /opt/airflow/dags/kafka_stream.py for tasks to queue
[2025-01-22T17:41:00.301+0000] {logging_mixin.py:188} INFO - [2025-01-22T17:41:00.300+0000] {dagbag.py:545} INFO - Filling up the DagBag from /opt/airflow/dags/kafka_stream.py
[2025-01-22T17:41:00.324+0000] {processor.py:840} INFO - DAG(s) 'user_automation' retrieved from /opt/airflow/dags/kafka_stream.py
[2025-01-22T17:41:00.359+0000] {logging_mixin.py:188} INFO - [2025-01-22T17:41:00.359+0000] {dag.py:3089} INFO - Sync 1 DAGs
[2025-01-22T17:41:00.392+0000] {logging_mixin.py:188} INFO - [2025-01-22T17:41:00.391+0000] {dag.py:3947} INFO - Setting next_dagrun for user_automation to 2025-01-21 00:00:00+00:00, run_after=2025-01-22 00:00:00+00:00
[2025-01-22T17:41:01.232+0000] {processor.py:183} INFO - Processing /opt/airflow/dags/kafka_stream.py took 0.941 seconds
[2025-01-22T17:41:31.771+0000] {processor.py:161} INFO - Started process (PID=477) to work on /opt/airflow/dags/kafka_stream.py
[2025-01-22T17:41:31.773+0000] {processor.py:830} INFO - Processing file /opt/airflow/dags/kafka_stream.py for tasks to queue
[2025-01-22T17:41:31.776+0000] {logging_mixin.py:188} INFO - [2025-01-22T17:41:31.776+0000] {dagbag.py:545} INFO - Filling up the DagBag from /opt/airflow/dags/kafka_stream.py
[2025-01-22T17:41:31.845+0000] {processor.py:840} INFO - DAG(s) 'user_automation' retrieved from /opt/airflow/dags/kafka_stream.py
[2025-01-22T17:41:31.910+0000] {logging_mixin.py:188} INFO - [2025-01-22T17:41:31.909+0000] {dag.py:3089} INFO - Sync 1 DAGs
[2025-01-22T17:41:31.952+0000] {logging_mixin.py:188} INFO - [2025-01-22T17:41:31.952+0000] {dag.py:3947} INFO - Setting next_dagrun for user_automation to 2025-01-21 00:00:00+00:00, run_after=2025-01-22 00:00:00+00:00
[2025-01-22T17:41:31.995+0000] {processor.py:183} INFO - Processing /opt/airflow/dags/kafka_stream.py took 0.235 seconds
[2025-01-22T17:42:02.900+0000] {processor.py:161} INFO - Started process (PID=488) to work on /opt/airflow/dags/kafka_stream.py
[2025-01-22T17:42:02.902+0000] {processor.py:830} INFO - Processing file /opt/airflow/dags/kafka_stream.py for tasks to queue
[2025-01-22T17:42:02.904+0000] {logging_mixin.py:188} INFO - [2025-01-22T17:42:02.904+0000] {dagbag.py:545} INFO - Filling up the DagBag from /opt/airflow/dags/kafka_stream.py
[2025-01-22T17:42:02.933+0000] {processor.py:840} INFO - DAG(s) 'user_automation' retrieved from /opt/airflow/dags/kafka_stream.py
[2025-01-22T17:42:02.977+0000] {logging_mixin.py:188} INFO - [2025-01-22T17:42:02.976+0000] {dag.py:3089} INFO - Sync 1 DAGs
[2025-01-22T17:42:03.014+0000] {logging_mixin.py:188} INFO - [2025-01-22T17:42:03.014+0000] {dag.py:3947} INFO - Setting next_dagrun for user_automation to 2025-01-21 00:00:00+00:00, run_after=2025-01-22 00:00:00+00:00
[2025-01-22T17:42:03.186+0000] {processor.py:183} INFO - Processing /opt/airflow/dags/kafka_stream.py took 0.293 seconds
[2025-01-22T17:42:33.513+0000] {processor.py:161} INFO - Started process (PID=500) to work on /opt/airflow/dags/kafka_stream.py
[2025-01-22T17:42:33.515+0000] {processor.py:830} INFO - Processing file /opt/airflow/dags/kafka_stream.py for tasks to queue
[2025-01-22T17:42:33.518+0000] {logging_mixin.py:188} INFO - [2025-01-22T17:42:33.517+0000] {dagbag.py:545} INFO - Filling up the DagBag from /opt/airflow/dags/kafka_stream.py
[2025-01-22T17:42:33.548+0000] {processor.py:840} INFO - DAG(s) 'user_automation' retrieved from /opt/airflow/dags/kafka_stream.py
[2025-01-22T17:42:33.712+0000] {logging_mixin.py:188} INFO - [2025-01-22T17:42:33.712+0000] {dag.py:3089} INFO - Sync 1 DAGs
[2025-01-22T17:42:33.767+0000] {logging_mixin.py:188} INFO - [2025-01-22T17:42:33.766+0000] {dag.py:3947} INFO - Setting next_dagrun for user_automation to 2025-01-21 00:00:00+00:00, run_after=2025-01-22 00:00:00+00:00
[2025-01-22T17:42:33.818+0000] {processor.py:183} INFO - Processing /opt/airflow/dags/kafka_stream.py took 0.312 seconds
[2025-01-22T17:43:04.202+0000] {processor.py:161} INFO - Started process (PID=512) to work on /opt/airflow/dags/kafka_stream.py
[2025-01-22T17:43:04.204+0000] {processor.py:830} INFO - Processing file /opt/airflow/dags/kafka_stream.py for tasks to queue
[2025-01-22T17:43:04.207+0000] {logging_mixin.py:188} INFO - [2025-01-22T17:43:04.206+0000] {dagbag.py:545} INFO - Filling up the DagBag from /opt/airflow/dags/kafka_stream.py
[2025-01-22T17:43:04.235+0000] {processor.py:840} INFO - DAG(s) 'user_automation' retrieved from /opt/airflow/dags/kafka_stream.py
[2025-01-22T17:43:04.273+0000] {logging_mixin.py:188} INFO - [2025-01-22T17:43:04.272+0000] {dag.py:3089} INFO - Sync 1 DAGs
[2025-01-22T17:43:04.304+0000] {logging_mixin.py:188} INFO - [2025-01-22T17:43:04.304+0000] {dag.py:3947} INFO - Setting next_dagrun for user_automation to 2025-01-21 00:00:00+00:00, run_after=2025-01-22 00:00:00+00:00
[2025-01-22T17:43:04.348+0000] {processor.py:183} INFO - Processing /opt/airflow/dags/kafka_stream.py took 0.152 seconds
[2025-01-22T17:43:34.948+0000] {processor.py:161} INFO - Started process (PID=524) to work on /opt/airflow/dags/kafka_stream.py
[2025-01-22T17:43:34.949+0000] {processor.py:830} INFO - Processing file /opt/airflow/dags/kafka_stream.py for tasks to queue
[2025-01-22T17:43:34.951+0000] {logging_mixin.py:188} INFO - [2025-01-22T17:43:34.951+0000] {dagbag.py:545} INFO - Filling up the DagBag from /opt/airflow/dags/kafka_stream.py
[2025-01-22T17:43:34.974+0000] {processor.py:840} INFO - DAG(s) 'user_automation' retrieved from /opt/airflow/dags/kafka_stream.py
[2025-01-22T17:43:35.007+0000] {logging_mixin.py:188} INFO - [2025-01-22T17:43:35.006+0000] {dag.py:3089} INFO - Sync 1 DAGs
[2025-01-22T17:43:35.035+0000] {logging_mixin.py:188} INFO - [2025-01-22T17:43:35.034+0000] {dag.py:3947} INFO - Setting next_dagrun for user_automation to 2025-01-21 00:00:00+00:00, run_after=2025-01-22 00:00:00+00:00
[2025-01-22T17:43:35.101+0000] {processor.py:183} INFO - Processing /opt/airflow/dags/kafka_stream.py took 0.159 seconds
[2025-01-22T17:44:05.238+0000] {processor.py:161} INFO - Started process (PID=535) to work on /opt/airflow/dags/kafka_stream.py
[2025-01-22T17:44:05.240+0000] {processor.py:830} INFO - Processing file /opt/airflow/dags/kafka_stream.py for tasks to queue
[2025-01-22T17:44:05.242+0000] {logging_mixin.py:188} INFO - [2025-01-22T17:44:05.242+0000] {dagbag.py:545} INFO - Filling up the DagBag from /opt/airflow/dags/kafka_stream.py
[2025-01-22T17:44:05.269+0000] {processor.py:840} INFO - DAG(s) 'user_automation' retrieved from /opt/airflow/dags/kafka_stream.py
[2025-01-22T17:44:05.305+0000] {logging_mixin.py:188} INFO - [2025-01-22T17:44:05.305+0000] {dag.py:3089} INFO - Sync 1 DAGs
[2025-01-22T17:44:05.341+0000] {logging_mixin.py:188} INFO - [2025-01-22T17:44:05.341+0000] {dag.py:3947} INFO - Setting next_dagrun for user_automation to 2025-01-21 00:00:00+00:00, run_after=2025-01-22 00:00:00+00:00
[2025-01-22T17:44:05.457+0000] {processor.py:183} INFO - Processing /opt/airflow/dags/kafka_stream.py took 0.225 seconds
[2025-01-22T17:44:37.100+0000] {processor.py:161} INFO - Started process (PID=546) to work on /opt/airflow/dags/kafka_stream.py
[2025-01-22T17:44:37.101+0000] {processor.py:830} INFO - Processing file /opt/airflow/dags/kafka_stream.py for tasks to queue
[2025-01-22T17:44:37.105+0000] {logging_mixin.py:188} INFO - [2025-01-22T17:44:37.104+0000] {dagbag.py:545} INFO - Filling up the DagBag from /opt/airflow/dags/kafka_stream.py
[2025-01-22T17:44:37.545+0000] {processor.py:840} INFO - DAG(s) 'user_automation' retrieved from /opt/airflow/dags/kafka_stream.py
[2025-01-22T17:44:39.793+0000] {logging_mixin.py:188} INFO - [2025-01-22T17:44:39.793+0000] {dag.py:3089} INFO - Sync 1 DAGs
[2025-01-22T17:44:39.887+0000] {logging_mixin.py:188} INFO - [2025-01-22T17:44:39.886+0000] {dag.py:3947} INFO - Setting next_dagrun for user_automation to 2025-01-21 00:00:00+00:00, run_after=2025-01-22 00:00:00+00:00
[2025-01-22T17:44:40.295+0000] {processor.py:183} INFO - Processing /opt/airflow/dags/kafka_stream.py took 3.205 seconds
[2025-01-22T17:45:11.571+0000] {processor.py:161} INFO - Started process (PID=557) to work on /opt/airflow/dags/kafka_stream.py
[2025-01-22T17:45:11.620+0000] {processor.py:830} INFO - Processing file /opt/airflow/dags/kafka_stream.py for tasks to queue
[2025-01-22T17:45:11.626+0000] {logging_mixin.py:188} INFO - [2025-01-22T17:45:11.625+0000] {dagbag.py:545} INFO - Filling up the DagBag from /opt/airflow/dags/kafka_stream.py
[2025-01-22T17:45:11.674+0000] {processor.py:840} INFO - DAG(s) 'user_automation' retrieved from /opt/airflow/dags/kafka_stream.py
[2025-01-22T17:45:11.757+0000] {logging_mixin.py:188} INFO - [2025-01-22T17:45:11.756+0000] {dag.py:3089} INFO - Sync 1 DAGs
[2025-01-22T17:45:11.798+0000] {logging_mixin.py:188} INFO - [2025-01-22T17:45:11.798+0000] {dag.py:3947} INFO - Setting next_dagrun for user_automation to 2025-01-21 00:00:00+00:00, run_after=2025-01-22 00:00:00+00:00
[2025-01-22T17:45:12.022+0000] {processor.py:183} INFO - Processing /opt/airflow/dags/kafka_stream.py took 0.492 seconds
[2025-01-22T17:45:43.559+0000] {processor.py:161} INFO - Started process (PID=569) to work on /opt/airflow/dags/kafka_stream.py
[2025-01-22T17:45:43.612+0000] {processor.py:830} INFO - Processing file /opt/airflow/dags/kafka_stream.py for tasks to queue
[2025-01-22T17:45:43.702+0000] {logging_mixin.py:188} INFO - [2025-01-22T17:45:43.701+0000] {dagbag.py:545} INFO - Filling up the DagBag from /opt/airflow/dags/kafka_stream.py
[2025-01-22T17:45:43.737+0000] {processor.py:840} INFO - DAG(s) 'user_automation' retrieved from /opt/airflow/dags/kafka_stream.py
[2025-01-22T17:45:43.775+0000] {logging_mixin.py:188} INFO - [2025-01-22T17:45:43.774+0000] {dag.py:3089} INFO - Sync 1 DAGs
[2025-01-22T17:45:43.805+0000] {logging_mixin.py:188} INFO - [2025-01-22T17:45:43.805+0000] {dag.py:3947} INFO - Setting next_dagrun for user_automation to 2025-01-21 00:00:00+00:00, run_after=2025-01-22 00:00:00+00:00
[2025-01-22T17:45:44.053+0000] {processor.py:183} INFO - Processing /opt/airflow/dags/kafka_stream.py took 0.502 seconds
[2025-01-22T17:46:14.522+0000] {processor.py:161} INFO - Started process (PID=581) to work on /opt/airflow/dags/kafka_stream.py
[2025-01-22T17:46:14.523+0000] {processor.py:830} INFO - Processing file /opt/airflow/dags/kafka_stream.py for tasks to queue
[2025-01-22T17:46:14.526+0000] {logging_mixin.py:188} INFO - [2025-01-22T17:46:14.526+0000] {dagbag.py:545} INFO - Filling up the DagBag from /opt/airflow/dags/kafka_stream.py
[2025-01-22T17:46:14.560+0000] {processor.py:840} INFO - DAG(s) 'user_automation' retrieved from /opt/airflow/dags/kafka_stream.py
[2025-01-22T17:46:14.597+0000] {logging_mixin.py:188} INFO - [2025-01-22T17:46:14.597+0000] {dag.py:3089} INFO - Sync 1 DAGs
[2025-01-22T17:46:14.704+0000] {logging_mixin.py:188} INFO - [2025-01-22T17:46:14.704+0000] {dag.py:3947} INFO - Setting next_dagrun for user_automation to 2025-01-21 00:00:00+00:00, run_after=2025-01-22 00:00:00+00:00
[2025-01-22T17:46:14.825+0000] {processor.py:183} INFO - Processing /opt/airflow/dags/kafka_stream.py took 0.311 seconds
[2025-01-22T17:46:44.958+0000] {processor.py:161} INFO - Started process (PID=592) to work on /opt/airflow/dags/kafka_stream.py
[2025-01-22T17:46:44.960+0000] {processor.py:830} INFO - Processing file /opt/airflow/dags/kafka_stream.py for tasks to queue
[2025-01-22T17:46:44.964+0000] {logging_mixin.py:188} INFO - [2025-01-22T17:46:44.963+0000] {dagbag.py:545} INFO - Filling up the DagBag from /opt/airflow/dags/kafka_stream.py
[2025-01-22T17:46:44.988+0000] {processor.py:840} INFO - DAG(s) 'user_automation' retrieved from /opt/airflow/dags/kafka_stream.py
[2025-01-22T17:46:45.074+0000] {logging_mixin.py:188} INFO - [2025-01-22T17:46:45.074+0000] {dag.py:3089} INFO - Sync 1 DAGs
[2025-01-22T17:46:45.106+0000] {logging_mixin.py:188} INFO - [2025-01-22T17:46:45.106+0000] {dag.py:3947} INFO - Setting next_dagrun for user_automation to 2025-01-21 00:00:00+00:00, run_after=2025-01-22 00:00:00+00:00
[2025-01-22T17:46:46.677+0000] {processor.py:183} INFO - Processing /opt/airflow/dags/kafka_stream.py took 1.724 seconds
[2025-01-22T17:47:17.470+0000] {processor.py:161} INFO - Started process (PID=603) to work on /opt/airflow/dags/kafka_stream.py
[2025-01-22T17:47:17.471+0000] {processor.py:830} INFO - Processing file /opt/airflow/dags/kafka_stream.py for tasks to queue
[2025-01-22T17:47:17.474+0000] {logging_mixin.py:188} INFO - [2025-01-22T17:47:17.473+0000] {dagbag.py:545} INFO - Filling up the DagBag from /opt/airflow/dags/kafka_stream.py
[2025-01-22T17:47:17.498+0000] {processor.py:840} INFO - DAG(s) 'user_automation' retrieved from /opt/airflow/dags/kafka_stream.py
[2025-01-22T17:47:17.539+0000] {logging_mixin.py:188} INFO - [2025-01-22T17:47:17.538+0000] {dag.py:3089} INFO - Sync 1 DAGs
[2025-01-22T17:47:17.579+0000] {logging_mixin.py:188} INFO - [2025-01-22T17:47:17.578+0000] {dag.py:3947} INFO - Setting next_dagrun for user_automation to 2025-01-21 00:00:00+00:00, run_after=2025-01-22 00:00:00+00:00
[2025-01-22T17:47:17.694+0000] {processor.py:183} INFO - Processing /opt/airflow/dags/kafka_stream.py took 0.229 seconds
[2025-01-22T17:47:47.865+0000] {processor.py:161} INFO - Started process (PID=614) to work on /opt/airflow/dags/kafka_stream.py
[2025-01-22T17:47:47.866+0000] {processor.py:830} INFO - Processing file /opt/airflow/dags/kafka_stream.py for tasks to queue
[2025-01-22T17:47:47.869+0000] {logging_mixin.py:188} INFO - [2025-01-22T17:47:47.868+0000] {dagbag.py:545} INFO - Filling up the DagBag from /opt/airflow/dags/kafka_stream.py
[2025-01-22T17:47:47.902+0000] {processor.py:840} INFO - DAG(s) 'user_automation' retrieved from /opt/airflow/dags/kafka_stream.py
[2025-01-22T17:47:47.941+0000] {logging_mixin.py:188} INFO - [2025-01-22T17:47:47.941+0000] {dag.py:3089} INFO - Sync 1 DAGs
[2025-01-22T17:47:47.980+0000] {logging_mixin.py:188} INFO - [2025-01-22T17:47:47.979+0000] {dag.py:3947} INFO - Setting next_dagrun for user_automation to 2025-01-21 00:00:00+00:00, run_after=2025-01-22 00:00:00+00:00
[2025-01-22T17:47:48.113+0000] {processor.py:183} INFO - Processing /opt/airflow/dags/kafka_stream.py took 0.255 seconds
[2025-01-22T17:48:18.350+0000] {processor.py:161} INFO - Started process (PID=625) to work on /opt/airflow/dags/kafka_stream.py
[2025-01-22T17:48:18.351+0000] {processor.py:830} INFO - Processing file /opt/airflow/dags/kafka_stream.py for tasks to queue
[2025-01-22T17:48:18.354+0000] {logging_mixin.py:188} INFO - [2025-01-22T17:48:18.353+0000] {dagbag.py:545} INFO - Filling up the DagBag from /opt/airflow/dags/kafka_stream.py
[2025-01-22T17:48:18.480+0000] {processor.py:840} INFO - DAG(s) 'user_automation' retrieved from /opt/airflow/dags/kafka_stream.py
[2025-01-22T17:48:18.582+0000] {logging_mixin.py:188} INFO - [2025-01-22T17:48:18.582+0000] {dag.py:3089} INFO - Sync 1 DAGs
[2025-01-22T17:48:18.623+0000] {logging_mixin.py:188} INFO - [2025-01-22T17:48:18.622+0000] {dag.py:3947} INFO - Setting next_dagrun for user_automation to 2025-01-21 00:00:00+00:00, run_after=2025-01-22 00:00:00+00:00
[2025-01-22T17:48:18.922+0000] {processor.py:183} INFO - Processing /opt/airflow/dags/kafka_stream.py took 0.579 seconds
[2025-01-22T17:48:49.501+0000] {processor.py:161} INFO - Started process (PID=636) to work on /opt/airflow/dags/kafka_stream.py
[2025-01-22T17:48:49.503+0000] {processor.py:830} INFO - Processing file /opt/airflow/dags/kafka_stream.py for tasks to queue
[2025-01-22T17:48:49.505+0000] {logging_mixin.py:188} INFO - [2025-01-22T17:48:49.505+0000] {dagbag.py:545} INFO - Filling up the DagBag from /opt/airflow/dags/kafka_stream.py
[2025-01-22T17:48:49.633+0000] {processor.py:840} INFO - DAG(s) 'user_automation' retrieved from /opt/airflow/dags/kafka_stream.py
[2025-01-22T17:48:49.700+0000] {logging_mixin.py:188} INFO - [2025-01-22T17:48:49.700+0000] {dag.py:3089} INFO - Sync 1 DAGs
[2025-01-22T17:48:49.729+0000] {logging_mixin.py:188} INFO - [2025-01-22T17:48:49.729+0000] {dag.py:3947} INFO - Setting next_dagrun for user_automation to 2025-01-21 00:00:00+00:00, run_after=2025-01-22 00:00:00+00:00
[2025-01-22T17:48:50.119+0000] {processor.py:183} INFO - Processing /opt/airflow/dags/kafka_stream.py took 0.625 seconds
[2025-01-22T17:49:21.002+0000] {processor.py:161} INFO - Started process (PID=647) to work on /opt/airflow/dags/kafka_stream.py
[2025-01-22T17:49:21.003+0000] {processor.py:830} INFO - Processing file /opt/airflow/dags/kafka_stream.py for tasks to queue
[2025-01-22T17:49:21.006+0000] {logging_mixin.py:188} INFO - [2025-01-22T17:49:21.005+0000] {dagbag.py:545} INFO - Filling up the DagBag from /opt/airflow/dags/kafka_stream.py
[2025-01-22T17:49:21.033+0000] {processor.py:840} INFO - DAG(s) 'user_automation' retrieved from /opt/airflow/dags/kafka_stream.py
[2025-01-22T17:49:21.143+0000] {logging_mixin.py:188} INFO - [2025-01-22T17:49:21.143+0000] {dag.py:3089} INFO - Sync 1 DAGs
[2025-01-22T17:49:21.173+0000] {logging_mixin.py:188} INFO - [2025-01-22T17:49:21.173+0000] {dag.py:3947} INFO - Setting next_dagrun for user_automation to 2025-01-21 00:00:00+00:00, run_after=2025-01-22 00:00:00+00:00
[2025-01-22T17:49:21.542+0000] {processor.py:183} INFO - Processing /opt/airflow/dags/kafka_stream.py took 0.546 seconds
[2025-01-22T17:49:52.641+0000] {processor.py:161} INFO - Started process (PID=658) to work on /opt/airflow/dags/kafka_stream.py
[2025-01-22T17:49:52.643+0000] {processor.py:830} INFO - Processing file /opt/airflow/dags/kafka_stream.py for tasks to queue
[2025-01-22T17:49:52.646+0000] {logging_mixin.py:188} INFO - [2025-01-22T17:49:52.645+0000] {dagbag.py:545} INFO - Filling up the DagBag from /opt/airflow/dags/kafka_stream.py
[2025-01-22T17:49:52.884+0000] {processor.py:840} INFO - DAG(s) 'user_automation' retrieved from /opt/airflow/dags/kafka_stream.py
[2025-01-22T17:49:52.918+0000] {logging_mixin.py:188} INFO - [2025-01-22T17:49:52.918+0000] {dag.py:3089} INFO - Sync 1 DAGs
[2025-01-22T17:49:52.947+0000] {logging_mixin.py:188} INFO - [2025-01-22T17:49:52.947+0000] {dag.py:3947} INFO - Setting next_dagrun for user_automation to 2025-01-21 00:00:00+00:00, run_after=2025-01-22 00:00:00+00:00
[2025-01-22T17:49:53.804+0000] {processor.py:183} INFO - Processing /opt/airflow/dags/kafka_stream.py took 1.170 seconds
[2025-01-22T17:50:26.920+0000] {processor.py:161} INFO - Started process (PID=669) to work on /opt/airflow/dags/kafka_stream.py
[2025-01-22T17:50:26.932+0000] {processor.py:830} INFO - Processing file /opt/airflow/dags/kafka_stream.py for tasks to queue
[2025-01-22T17:50:27.032+0000] {logging_mixin.py:188} INFO - [2025-01-22T17:50:27.025+0000] {dagbag.py:545} INFO - Filling up the DagBag from /opt/airflow/dags/kafka_stream.py
[2025-01-22T17:50:27.406+0000] {processor.py:840} INFO - DAG(s) 'user_automation' retrieved from /opt/airflow/dags/kafka_stream.py
[2025-01-22T17:50:28.036+0000] {logging_mixin.py:188} INFO - [2025-01-22T17:50:28.034+0000] {dag.py:3089} INFO - Sync 1 DAGs
[2025-01-22T17:50:29.393+0000] {logging_mixin.py:188} INFO - [2025-01-22T17:50:29.387+0000] {dag.py:3947} INFO - Setting next_dagrun for user_automation to 2025-01-21 00:00:00+00:00, run_after=2025-01-22 00:00:00+00:00
[2025-01-22T17:50:31.237+0000] {processor.py:183} INFO - Processing /opt/airflow/dags/kafka_stream.py took 4.528 seconds
[2025-01-22T17:51:01.704+0000] {processor.py:161} INFO - Started process (PID=674) to work on /opt/airflow/dags/kafka_stream.py
[2025-01-22T17:51:01.708+0000] {processor.py:830} INFO - Processing file /opt/airflow/dags/kafka_stream.py for tasks to queue
[2025-01-22T17:51:01.714+0000] {logging_mixin.py:188} INFO - [2025-01-22T17:51:01.712+0000] {dagbag.py:545} INFO - Filling up the DagBag from /opt/airflow/dags/kafka_stream.py
[2025-01-22T17:51:01.777+0000] {processor.py:840} INFO - DAG(s) 'user_automation' retrieved from /opt/airflow/dags/kafka_stream.py
[2025-01-22T17:51:01.859+0000] {logging_mixin.py:188} INFO - [2025-01-22T17:51:01.858+0000] {dag.py:3089} INFO - Sync 1 DAGs
[2025-01-22T17:51:01.916+0000] {logging_mixin.py:188} INFO - [2025-01-22T17:51:01.916+0000] {dag.py:3947} INFO - Setting next_dagrun for user_automation to 2025-01-21 00:00:00+00:00, run_after=2025-01-22 00:00:00+00:00
[2025-01-22T17:51:02.992+0000] {processor.py:183} INFO - Processing /opt/airflow/dags/kafka_stream.py took 1.306 seconds
[2025-01-22T17:51:33.628+0000] {processor.py:161} INFO - Started process (PID=685) to work on /opt/airflow/dags/kafka_stream.py
[2025-01-22T17:51:33.632+0000] {processor.py:830} INFO - Processing file /opt/airflow/dags/kafka_stream.py for tasks to queue
[2025-01-22T17:51:33.641+0000] {logging_mixin.py:188} INFO - [2025-01-22T17:51:33.639+0000] {dagbag.py:545} INFO - Filling up the DagBag from /opt/airflow/dags/kafka_stream.py
[2025-01-22T17:51:33.745+0000] {processor.py:840} INFO - DAG(s) 'user_automation' retrieved from /opt/airflow/dags/kafka_stream.py
[2025-01-22T17:51:33.893+0000] {logging_mixin.py:188} INFO - [2025-01-22T17:51:33.891+0000] {dag.py:3089} INFO - Sync 1 DAGs
[2025-01-22T17:51:34.018+0000] {logging_mixin.py:188} INFO - [2025-01-22T17:51:34.018+0000] {dag.py:3947} INFO - Setting next_dagrun for user_automation to 2025-01-21 00:00:00+00:00, run_after=2025-01-22 00:00:00+00:00
[2025-01-22T17:51:34.145+0000] {processor.py:183} INFO - Processing /opt/airflow/dags/kafka_stream.py took 0.557 seconds
[2025-01-22T17:52:04.956+0000] {processor.py:161} INFO - Started process (PID=696) to work on /opt/airflow/dags/kafka_stream.py
[2025-01-22T17:52:04.961+0000] {processor.py:830} INFO - Processing file /opt/airflow/dags/kafka_stream.py for tasks to queue
[2025-01-22T17:52:04.967+0000] {logging_mixin.py:188} INFO - [2025-01-22T17:52:04.966+0000] {dagbag.py:545} INFO - Filling up the DagBag from /opt/airflow/dags/kafka_stream.py
[2025-01-22T17:52:05.044+0000] {processor.py:840} INFO - DAG(s) 'user_automation' retrieved from /opt/airflow/dags/kafka_stream.py
[2025-01-22T17:52:05.277+0000] {logging_mixin.py:188} INFO - [2025-01-22T17:52:05.276+0000] {dag.py:3089} INFO - Sync 1 DAGs
[2025-01-22T17:52:05.341+0000] {logging_mixin.py:188} INFO - [2025-01-22T17:52:05.341+0000] {dag.py:3947} INFO - Setting next_dagrun for user_automation to 2025-01-21 00:00:00+00:00, run_after=2025-01-22 00:00:00+00:00
[2025-01-22T17:52:05.514+0000] {processor.py:183} INFO - Processing /opt/airflow/dags/kafka_stream.py took 0.594 seconds
[2025-01-22T17:52:36.483+0000] {processor.py:161} INFO - Started process (PID=708) to work on /opt/airflow/dags/kafka_stream.py
[2025-01-22T17:52:36.486+0000] {processor.py:830} INFO - Processing file /opt/airflow/dags/kafka_stream.py for tasks to queue
[2025-01-22T17:52:36.489+0000] {logging_mixin.py:188} INFO - [2025-01-22T17:52:36.489+0000] {dagbag.py:545} INFO - Filling up the DagBag from /opt/airflow/dags/kafka_stream.py
[2025-01-22T17:52:36.535+0000] {processor.py:840} INFO - DAG(s) 'user_automation' retrieved from /opt/airflow/dags/kafka_stream.py
[2025-01-22T17:52:36.596+0000] {logging_mixin.py:188} INFO - [2025-01-22T17:52:36.595+0000] {dag.py:3089} INFO - Sync 1 DAGs
[2025-01-22T17:52:36.670+0000] {logging_mixin.py:188} INFO - [2025-01-22T17:52:36.669+0000] {dag.py:3947} INFO - Setting next_dagrun for user_automation to 2025-01-21 00:00:00+00:00, run_after=2025-01-22 00:00:00+00:00
[2025-01-22T17:52:36.776+0000] {processor.py:183} INFO - Processing /opt/airflow/dags/kafka_stream.py took 0.309 seconds
[2025-01-22T17:53:07.096+0000] {processor.py:161} INFO - Started process (PID=720) to work on /opt/airflow/dags/kafka_stream.py
[2025-01-22T17:53:07.099+0000] {processor.py:830} INFO - Processing file /opt/airflow/dags/kafka_stream.py for tasks to queue
[2025-01-22T17:53:07.106+0000] {logging_mixin.py:188} INFO - [2025-01-22T17:53:07.104+0000] {dagbag.py:545} INFO - Filling up the DagBag from /opt/airflow/dags/kafka_stream.py
[2025-01-22T17:53:07.336+0000] {processor.py:840} INFO - DAG(s) 'user_automation' retrieved from /opt/airflow/dags/kafka_stream.py
[2025-01-22T17:53:07.449+0000] {logging_mixin.py:188} INFO - [2025-01-22T17:53:07.449+0000] {dag.py:3089} INFO - Sync 1 DAGs
[2025-01-22T17:53:07.601+0000] {logging_mixin.py:188} INFO - [2025-01-22T17:53:07.600+0000] {dag.py:3947} INFO - Setting next_dagrun for user_automation to 2025-01-21 00:00:00+00:00, run_after=2025-01-22 00:00:00+00:00
[2025-01-22T17:53:08.433+0000] {processor.py:183} INFO - Processing /opt/airflow/dags/kafka_stream.py took 1.352 seconds
[2025-01-22T17:53:40.322+0000] {processor.py:161} INFO - Started process (PID=731) to work on /opt/airflow/dags/kafka_stream.py
[2025-01-22T17:53:40.324+0000] {processor.py:830} INFO - Processing file /opt/airflow/dags/kafka_stream.py for tasks to queue
[2025-01-22T17:53:40.328+0000] {logging_mixin.py:188} INFO - [2025-01-22T17:53:40.328+0000] {dagbag.py:545} INFO - Filling up the DagBag from /opt/airflow/dags/kafka_stream.py
[2025-01-22T17:53:41.428+0000] {processor.py:840} INFO - DAG(s) 'user_automation' retrieved from /opt/airflow/dags/kafka_stream.py
[2025-01-22T17:53:41.530+0000] {logging_mixin.py:188} INFO - [2025-01-22T17:53:41.529+0000] {dag.py:3089} INFO - Sync 1 DAGs
[2025-01-22T17:53:41.588+0000] {logging_mixin.py:188} INFO - [2025-01-22T17:53:41.587+0000] {dag.py:3947} INFO - Setting next_dagrun for user_automation to 2025-01-21 00:00:00+00:00, run_after=2025-01-22 00:00:00+00:00
[2025-01-22T17:53:41.727+0000] {processor.py:183} INFO - Processing /opt/airflow/dags/kafka_stream.py took 1.416 seconds
[2025-01-22T17:54:24.701+0000] {processor.py:161} INFO - Started process (PID=742) to work on /opt/airflow/dags/kafka_stream.py
[2025-01-22T17:54:24.706+0000] {processor.py:830} INFO - Processing file /opt/airflow/dags/kafka_stream.py for tasks to queue
[2025-01-22T17:54:24.713+0000] {logging_mixin.py:188} INFO - [2025-01-22T17:54:24.712+0000] {dagbag.py:545} INFO - Filling up the DagBag from /opt/airflow/dags/kafka_stream.py
[2025-01-22T17:54:24.810+0000] {processor.py:840} INFO - DAG(s) 'user_automation' retrieved from /opt/airflow/dags/kafka_stream.py
[2025-01-22T17:54:24.938+0000] {logging_mixin.py:188} INFO - [2025-01-22T17:54:24.936+0000] {dag.py:3089} INFO - Sync 1 DAGs
[2025-01-22T17:54:25.065+0000] {logging_mixin.py:188} INFO - [2025-01-22T17:54:25.064+0000] {dag.py:3947} INFO - Setting next_dagrun for user_automation to 2025-01-21 00:00:00+00:00, run_after=2025-01-22 00:00:00+00:00
[2025-01-22T17:54:25.294+0000] {processor.py:183} INFO - Processing /opt/airflow/dags/kafka_stream.py took 0.618 seconds
[2025-01-22T17:55:01.952+0000] {processor.py:161} INFO - Started process (PID=753) to work on /opt/airflow/dags/kafka_stream.py
[2025-01-22T17:55:02.076+0000] {processor.py:830} INFO - Processing file /opt/airflow/dags/kafka_stream.py for tasks to queue
[2025-01-22T17:55:02.082+0000] {logging_mixin.py:188} INFO - [2025-01-22T17:55:02.081+0000] {dagbag.py:545} INFO - Filling up the DagBag from /opt/airflow/dags/kafka_stream.py
[2025-01-22T17:55:02.235+0000] {processor.py:840} INFO - DAG(s) 'user_automation' retrieved from /opt/airflow/dags/kafka_stream.py
[2025-01-22T17:55:02.442+0000] {logging_mixin.py:188} INFO - [2025-01-22T17:55:02.441+0000] {dag.py:3089} INFO - Sync 1 DAGs
[2025-01-22T17:55:02.526+0000] {logging_mixin.py:188} INFO - [2025-01-22T17:55:02.525+0000] {dag.py:3947} INFO - Setting next_dagrun for user_automation to 2025-01-21 00:00:00+00:00, run_after=2025-01-22 00:00:00+00:00
[2025-01-22T17:55:02.721+0000] {processor.py:183} INFO - Processing /opt/airflow/dags/kafka_stream.py took 0.780 seconds
[2025-01-22T17:55:33.524+0000] {processor.py:161} INFO - Started process (PID=764) to work on /opt/airflow/dags/kafka_stream.py
[2025-01-22T17:55:33.531+0000] {processor.py:830} INFO - Processing file /opt/airflow/dags/kafka_stream.py for tasks to queue
[2025-01-22T17:55:33.536+0000] {logging_mixin.py:188} INFO - [2025-01-22T17:55:33.535+0000] {dagbag.py:545} INFO - Filling up the DagBag from /opt/airflow/dags/kafka_stream.py
[2025-01-22T17:55:33.588+0000] {processor.py:840} INFO - DAG(s) 'user_automation' retrieved from /opt/airflow/dags/kafka_stream.py
[2025-01-22T17:55:33.648+0000] {logging_mixin.py:188} INFO - [2025-01-22T17:55:33.648+0000] {dag.py:3089} INFO - Sync 1 DAGs
[2025-01-22T17:55:33.708+0000] {logging_mixin.py:188} INFO - [2025-01-22T17:55:33.707+0000] {dag.py:3947} INFO - Setting next_dagrun for user_automation to 2025-01-21 00:00:00+00:00, run_after=2025-01-22 00:00:00+00:00
[2025-01-22T17:55:33.813+0000] {processor.py:183} INFO - Processing /opt/airflow/dags/kafka_stream.py took 0.317 seconds
[2025-01-22T17:56:04.711+0000] {processor.py:161} INFO - Started process (PID=775) to work on /opt/airflow/dags/kafka_stream.py
[2025-01-22T17:56:04.714+0000] {processor.py:830} INFO - Processing file /opt/airflow/dags/kafka_stream.py for tasks to queue
[2025-01-22T17:56:04.719+0000] {logging_mixin.py:188} INFO - [2025-01-22T17:56:04.718+0000] {dagbag.py:545} INFO - Filling up the DagBag from /opt/airflow/dags/kafka_stream.py
[2025-01-22T17:56:04.923+0000] {processor.py:840} INFO - DAG(s) 'user_automation' retrieved from /opt/airflow/dags/kafka_stream.py
[2025-01-22T17:56:05.024+0000] {logging_mixin.py:188} INFO - [2025-01-22T17:56:05.023+0000] {dag.py:3089} INFO - Sync 1 DAGs
[2025-01-22T17:56:05.126+0000] {logging_mixin.py:188} INFO - [2025-01-22T17:56:05.125+0000] {dag.py:3947} INFO - Setting next_dagrun for user_automation to 2025-01-21 00:00:00+00:00, run_after=2025-01-22 00:00:00+00:00
[2025-01-22T17:56:05.234+0000] {processor.py:183} INFO - Processing /opt/airflow/dags/kafka_stream.py took 0.538 seconds
[2025-01-22T17:56:35.781+0000] {processor.py:161} INFO - Started process (PID=787) to work on /opt/airflow/dags/kafka_stream.py
[2025-01-22T17:56:35.784+0000] {processor.py:830} INFO - Processing file /opt/airflow/dags/kafka_stream.py for tasks to queue
[2025-01-22T17:56:35.790+0000] {logging_mixin.py:188} INFO - [2025-01-22T17:56:35.789+0000] {dagbag.py:545} INFO - Filling up the DagBag from /opt/airflow/dags/kafka_stream.py
[2025-01-22T17:56:35.872+0000] {processor.py:840} INFO - DAG(s) 'user_automation' retrieved from /opt/airflow/dags/kafka_stream.py
[2025-01-22T17:56:36.009+0000] {logging_mixin.py:188} INFO - [2025-01-22T17:56:36.007+0000] {dag.py:3089} INFO - Sync 1 DAGs
[2025-01-22T17:56:36.080+0000] {logging_mixin.py:188} INFO - [2025-01-22T17:56:36.079+0000] {dag.py:3947} INFO - Setting next_dagrun for user_automation to 2025-01-21 00:00:00+00:00, run_after=2025-01-22 00:00:00+00:00
[2025-01-22T17:56:36.155+0000] {processor.py:183} INFO - Processing /opt/airflow/dags/kafka_stream.py took 0.389 seconds
[2025-01-22T17:57:06.487+0000] {processor.py:161} INFO - Started process (PID=799) to work on /opt/airflow/dags/kafka_stream.py
[2025-01-22T17:57:06.495+0000] {processor.py:830} INFO - Processing file /opt/airflow/dags/kafka_stream.py for tasks to queue
[2025-01-22T17:57:06.513+0000] {logging_mixin.py:188} INFO - [2025-01-22T17:57:06.510+0000] {dagbag.py:545} INFO - Filling up the DagBag from /opt/airflow/dags/kafka_stream.py
[2025-01-22T17:57:06.632+0000] {processor.py:840} INFO - DAG(s) 'user_automation' retrieved from /opt/airflow/dags/kafka_stream.py
[2025-01-22T17:57:06.738+0000] {logging_mixin.py:188} INFO - [2025-01-22T17:57:06.737+0000] {dag.py:3089} INFO - Sync 1 DAGs
[2025-01-22T17:57:06.813+0000] {logging_mixin.py:188} INFO - [2025-01-22T17:57:06.813+0000] {dag.py:3947} INFO - Setting next_dagrun for user_automation to 2025-01-21 00:00:00+00:00, run_after=2025-01-22 00:00:00+00:00
[2025-01-22T17:57:06.895+0000] {processor.py:183} INFO - Processing /opt/airflow/dags/kafka_stream.py took 0.460 seconds
[2025-01-22T17:57:38.061+0000] {processor.py:161} INFO - Started process (PID=811) to work on /opt/airflow/dags/kafka_stream.py
[2025-01-22T17:57:38.064+0000] {processor.py:830} INFO - Processing file /opt/airflow/dags/kafka_stream.py for tasks to queue
[2025-01-22T17:57:38.071+0000] {logging_mixin.py:188} INFO - [2025-01-22T17:57:38.069+0000] {dagbag.py:545} INFO - Filling up the DagBag from /opt/airflow/dags/kafka_stream.py
[2025-01-22T17:57:38.208+0000] {processor.py:840} INFO - DAG(s) 'user_automation' retrieved from /opt/airflow/dags/kafka_stream.py
[2025-01-22T17:57:38.415+0000] {logging_mixin.py:188} INFO - [2025-01-22T17:57:38.413+0000] {dag.py:3089} INFO - Sync 1 DAGs
[2025-01-22T17:57:38.550+0000] {logging_mixin.py:188} INFO - [2025-01-22T17:57:38.549+0000] {dag.py:3947} INFO - Setting next_dagrun for user_automation to 2025-01-21 00:00:00+00:00, run_after=2025-01-22 00:00:00+00:00
[2025-01-22T17:57:39.164+0000] {processor.py:183} INFO - Processing /opt/airflow/dags/kafka_stream.py took 1.124 seconds
[2025-01-22T17:58:10.249+0000] {processor.py:161} INFO - Started process (PID=822) to work on /opt/airflow/dags/kafka_stream.py
[2025-01-22T17:58:10.256+0000] {processor.py:830} INFO - Processing file /opt/airflow/dags/kafka_stream.py for tasks to queue
[2025-01-22T17:58:10.271+0000] {logging_mixin.py:188} INFO - [2025-01-22T17:58:10.268+0000] {dagbag.py:545} INFO - Filling up the DagBag from /opt/airflow/dags/kafka_stream.py
[2025-01-22T17:58:10.347+0000] {processor.py:840} INFO - DAG(s) 'user_automation' retrieved from /opt/airflow/dags/kafka_stream.py
[2025-01-22T17:58:10.406+0000] {logging_mixin.py:188} INFO - [2025-01-22T17:58:10.405+0000] {dag.py:3089} INFO - Sync 1 DAGs
[2025-01-22T17:58:10.456+0000] {logging_mixin.py:188} INFO - [2025-01-22T17:58:10.455+0000] {dag.py:3947} INFO - Setting next_dagrun for user_automation to 2025-01-21 00:00:00+00:00, run_after=2025-01-22 00:00:00+00:00
[2025-01-22T17:58:10.584+0000] {processor.py:183} INFO - Processing /opt/airflow/dags/kafka_stream.py took 0.373 seconds
[2025-01-22T17:58:41.323+0000] {processor.py:161} INFO - Started process (PID=834) to work on /opt/airflow/dags/kafka_stream.py
[2025-01-22T17:58:41.326+0000] {processor.py:830} INFO - Processing file /opt/airflow/dags/kafka_stream.py for tasks to queue
[2025-01-22T17:58:41.332+0000] {logging_mixin.py:188} INFO - [2025-01-22T17:58:41.331+0000] {dagbag.py:545} INFO - Filling up the DagBag from /opt/airflow/dags/kafka_stream.py
[2025-01-22T17:58:41.411+0000] {processor.py:840} INFO - DAG(s) 'user_automation' retrieved from /opt/airflow/dags/kafka_stream.py
[2025-01-22T17:58:41.559+0000] {logging_mixin.py:188} INFO - [2025-01-22T17:58:41.557+0000] {dag.py:3089} INFO - Sync 1 DAGs
[2025-01-22T17:58:41.641+0000] {logging_mixin.py:188} INFO - [2025-01-22T17:58:41.640+0000] {dag.py:3947} INFO - Setting next_dagrun for user_automation to 2025-01-21 00:00:00+00:00, run_after=2025-01-22 00:00:00+00:00
[2025-01-22T17:58:41.725+0000] {processor.py:183} INFO - Processing /opt/airflow/dags/kafka_stream.py took 0.423 seconds
[2025-01-22T17:59:12.976+0000] {processor.py:161} INFO - Started process (PID=845) to work on /opt/airflow/dags/kafka_stream.py
[2025-01-22T17:59:12.989+0000] {processor.py:830} INFO - Processing file /opt/airflow/dags/kafka_stream.py for tasks to queue
[2025-01-22T17:59:12.994+0000] {logging_mixin.py:188} INFO - [2025-01-22T17:59:12.993+0000] {dagbag.py:545} INFO - Filling up the DagBag from /opt/airflow/dags/kafka_stream.py
