[2025-01-20T07:01:13.623+0000] {processor.py:161} INFO - Started process (PID=248) to work on /opt/airflow/dags/kafka_stream.py
[2025-01-20T07:01:13.826+0000] {processor.py:830} INFO - Processing file /opt/airflow/dags/kafka_stream.py for tasks to queue
[2025-01-20T07:01:15.475+0000] {logging_mixin.py:188} INFO - [2025-01-20T07:01:13.946+0000] {dagbag.py:545} INFO - Filling up the DagBag from /opt/airflow/dags/kafka_stream.py
[2025-01-20T07:02:35.508+0000] {processor.py:161} INFO - Started process (PID=271) to work on /opt/airflow/dags/kafka_stream.py
[2025-01-20T07:02:35.627+0000] {processor.py:830} INFO - Processing file /opt/airflow/dags/kafka_stream.py for tasks to queue
[2025-01-20T07:02:36.441+0000] {logging_mixin.py:188} INFO - [2025-01-20T07:02:36.439+0000] {dagbag.py:545} INFO - Filling up the DagBag from /opt/airflow/dags/kafka_stream.py
[2025-01-20T07:02:45.107+0000] {processor.py:840} INFO - DAG(s) 'user_automation' retrieved from /opt/airflow/dags/kafka_stream.py
[2025-01-20T07:03:08.340+0000] {logging_mixin.py:188} INFO - [2025-01-20T07:03:08.339+0000] {dag.py:3089} INFO - Sync 1 DAGs
[2025-01-20T07:03:10.365+0000] {logging_mixin.py:188} INFO - [2025-01-20T07:03:10.364+0000] {dag.py:3947} INFO - Setting next_dagrun for user_automation to 2025-01-19 00:00:00+00:00, run_after=2025-01-20 00:00:00+00:00
[2025-01-20T07:03:12.794+0000] {processor.py:183} INFO - Processing /opt/airflow/dags/kafka_stream.py took 37.377 seconds
[2025-01-20T07:03:45.538+0000] {processor.py:161} INFO - Started process (PID=287) to work on /opt/airflow/dags/kafka_stream.py
[2025-01-20T07:03:45.541+0000] {processor.py:830} INFO - Processing file /opt/airflow/dags/kafka_stream.py for tasks to queue
[2025-01-20T07:03:45.549+0000] {logging_mixin.py:188} INFO - [2025-01-20T07:03:45.547+0000] {dagbag.py:545} INFO - Filling up the DagBag from /opt/airflow/dags/kafka_stream.py
[2025-01-20T07:03:46.775+0000] {processor.py:840} INFO - DAG(s) 'user_automation' retrieved from /opt/airflow/dags/kafka_stream.py
[2025-01-20T07:03:47.256+0000] {logging_mixin.py:188} INFO - [2025-01-20T07:03:47.255+0000] {dag.py:3089} INFO - Sync 1 DAGs
[2025-01-20T07:03:47.899+0000] {logging_mixin.py:188} INFO - [2025-01-20T07:03:47.898+0000] {dag.py:3947} INFO - Setting next_dagrun for user_automation to 2025-01-19 00:00:00+00:00, run_after=2025-01-20 00:00:00+00:00
[2025-01-20T07:03:48.086+0000] {processor.py:183} INFO - Processing /opt/airflow/dags/kafka_stream.py took 2.561 seconds
[2025-01-20T07:04:36.537+0000] {processor.py:161} INFO - Started process (PID=299) to work on /opt/airflow/dags/kafka_stream.py
[2025-01-20T07:04:36.545+0000] {processor.py:830} INFO - Processing file /opt/airflow/dags/kafka_stream.py for tasks to queue
[2025-01-20T07:04:36.564+0000] {logging_mixin.py:188} INFO - [2025-01-20T07:04:36.563+0000] {dagbag.py:545} INFO - Filling up the DagBag from /opt/airflow/dags/kafka_stream.py
[2025-01-20T07:04:44.801+0000] {processor.py:840} INFO - DAG(s) 'user_automation' retrieved from /opt/airflow/dags/kafka_stream.py
[2025-01-20T07:04:45.556+0000] {logging_mixin.py:188} INFO - [2025-01-20T07:04:45.555+0000] {dag.py:3089} INFO - Sync 1 DAGs
[2025-01-20T07:04:46.424+0000] {logging_mixin.py:188} INFO - [2025-01-20T07:04:46.423+0000] {dag.py:3947} INFO - Setting next_dagrun for user_automation to 2025-01-19 00:00:00+00:00, run_after=2025-01-20 00:00:00+00:00
[2025-01-20T07:04:48.586+0000] {processor.py:183} INFO - Processing /opt/airflow/dags/kafka_stream.py took 12.091 seconds
[2025-01-20T07:05:24.472+0000] {processor.py:161} INFO - Started process (PID=315) to work on /opt/airflow/dags/kafka_stream.py
[2025-01-20T07:05:24.477+0000] {processor.py:830} INFO - Processing file /opt/airflow/dags/kafka_stream.py for tasks to queue
[2025-01-20T07:05:24.490+0000] {logging_mixin.py:188} INFO - [2025-01-20T07:05:24.489+0000] {dagbag.py:545} INFO - Filling up the DagBag from /opt/airflow/dags/kafka_stream.py
[2025-01-20T07:05:27.895+0000] {processor.py:840} INFO - DAG(s) 'user_automation' retrieved from /opt/airflow/dags/kafka_stream.py
[2025-01-20T07:05:31.634+0000] {logging_mixin.py:188} INFO - [2025-01-20T07:05:31.631+0000] {dag.py:3089} INFO - Sync 1 DAGs
[2025-01-20T07:05:32.513+0000] {logging_mixin.py:188} INFO - [2025-01-20T07:05:32.509+0000] {dag.py:3947} INFO - Setting next_dagrun for user_automation to 2025-01-19 00:00:00+00:00, run_after=2025-01-20 00:00:00+00:00
[2025-01-20T07:05:35.741+0000] {processor.py:183} INFO - Processing /opt/airflow/dags/kafka_stream.py took 11.225 seconds
[2025-01-20T07:06:10.677+0000] {processor.py:161} INFO - Started process (PID=326) to work on /opt/airflow/dags/kafka_stream.py
[2025-01-20T07:06:11.416+0000] {processor.py:830} INFO - Processing file /opt/airflow/dags/kafka_stream.py for tasks to queue
[2025-01-20T07:06:11.426+0000] {logging_mixin.py:188} INFO - [2025-01-20T07:06:11.424+0000] {dagbag.py:545} INFO - Filling up the DagBag from /opt/airflow/dags/kafka_stream.py
[2025-01-20T07:06:13.169+0000] {processor.py:840} INFO - DAG(s) 'user_automation' retrieved from /opt/airflow/dags/kafka_stream.py
[2025-01-20T07:06:13.375+0000] {logging_mixin.py:188} INFO - [2025-01-20T07:06:13.367+0000] {dag.py:3089} INFO - Sync 1 DAGs
[2025-01-20T07:06:13.490+0000] {logging_mixin.py:188} INFO - [2025-01-20T07:06:13.489+0000] {dag.py:3947} INFO - Setting next_dagrun for user_automation to 2025-01-19 00:00:00+00:00, run_after=2025-01-20 00:00:00+00:00
[2025-01-20T07:06:13.805+0000] {processor.py:183} INFO - Processing /opt/airflow/dags/kafka_stream.py took 3.587 seconds
[2025-01-20T07:06:46.506+0000] {processor.py:161} INFO - Started process (PID=337) to work on /opt/airflow/dags/kafka_stream.py
[2025-01-20T07:06:46.520+0000] {processor.py:830} INFO - Processing file /opt/airflow/dags/kafka_stream.py for tasks to queue
[2025-01-20T07:06:46.538+0000] {logging_mixin.py:188} INFO - [2025-01-20T07:06:46.537+0000] {dagbag.py:545} INFO - Filling up the DagBag from /opt/airflow/dags/kafka_stream.py
[2025-01-20T07:06:50.132+0000] {processor.py:840} INFO - DAG(s) 'user_automation' retrieved from /opt/airflow/dags/kafka_stream.py
[2025-01-20T07:06:50.887+0000] {logging_mixin.py:188} INFO - [2025-01-20T07:06:50.885+0000] {dag.py:3089} INFO - Sync 1 DAGs
[2025-01-20T07:06:51.408+0000] {logging_mixin.py:188} INFO - [2025-01-20T07:06:51.407+0000] {dag.py:3947} INFO - Setting next_dagrun for user_automation to 2025-01-19 00:00:00+00:00, run_after=2025-01-20 00:00:00+00:00
[2025-01-20T07:06:51.685+0000] {processor.py:183} INFO - Processing /opt/airflow/dags/kafka_stream.py took 5.228 seconds
[2025-01-20T07:07:24.803+0000] {processor.py:161} INFO - Started process (PID=347) to work on /opt/airflow/dags/kafka_stream.py
[2025-01-20T07:07:25.318+0000] {processor.py:830} INFO - Processing file /opt/airflow/dags/kafka_stream.py for tasks to queue
[2025-01-20T07:07:25.344+0000] {logging_mixin.py:188} INFO - [2025-01-20T07:07:25.342+0000] {dagbag.py:545} INFO - Filling up the DagBag from /opt/airflow/dags/kafka_stream.py
[2025-01-20T07:07:26.254+0000] {processor.py:840} INFO - DAG(s) 'user_automation' retrieved from /opt/airflow/dags/kafka_stream.py
[2025-01-20T07:07:27.697+0000] {logging_mixin.py:188} INFO - [2025-01-20T07:07:27.696+0000] {dag.py:3089} INFO - Sync 1 DAGs
[2025-01-20T07:07:28.198+0000] {logging_mixin.py:188} INFO - [2025-01-20T07:07:28.197+0000] {dag.py:3947} INFO - Setting next_dagrun for user_automation to 2025-01-19 00:00:00+00:00, run_after=2025-01-20 00:00:00+00:00
[2025-01-20T07:07:28.704+0000] {processor.py:183} INFO - Processing /opt/airflow/dags/kafka_stream.py took 4.243 seconds
[2025-01-20T07:08:00.919+0000] {processor.py:161} INFO - Started process (PID=357) to work on /opt/airflow/dags/kafka_stream.py
[2025-01-20T07:08:01.041+0000] {processor.py:830} INFO - Processing file /opt/airflow/dags/kafka_stream.py for tasks to queue
[2025-01-20T07:08:01.060+0000] {logging_mixin.py:188} INFO - [2025-01-20T07:08:01.058+0000] {dagbag.py:545} INFO - Filling up the DagBag from /opt/airflow/dags/kafka_stream.py
[2025-01-20T07:08:02.736+0000] {processor.py:840} INFO - DAG(s) 'user_automation' retrieved from /opt/airflow/dags/kafka_stream.py
[2025-01-20T07:08:03.072+0000] {logging_mixin.py:188} INFO - [2025-01-20T07:08:03.071+0000] {dag.py:3089} INFO - Sync 1 DAGs
[2025-01-20T07:08:03.987+0000] {logging_mixin.py:188} INFO - [2025-01-20T07:08:03.986+0000] {dag.py:3947} INFO - Setting next_dagrun for user_automation to 2025-01-19 00:00:00+00:00, run_after=2025-01-20 00:00:00+00:00
[2025-01-20T07:08:04.127+0000] {processor.py:183} INFO - Processing /opt/airflow/dags/kafka_stream.py took 3.315 seconds
[2025-01-20T07:08:34.747+0000] {processor.py:161} INFO - Started process (PID=374) to work on /opt/airflow/dags/kafka_stream.py
[2025-01-20T07:08:34.881+0000] {processor.py:830} INFO - Processing file /opt/airflow/dags/kafka_stream.py for tasks to queue
[2025-01-20T07:08:34.887+0000] {logging_mixin.py:188} INFO - [2025-01-20T07:08:34.886+0000] {dagbag.py:545} INFO - Filling up the DagBag from /opt/airflow/dags/kafka_stream.py
[2025-01-20T07:08:35.139+0000] {processor.py:840} INFO - DAG(s) 'user_automation' retrieved from /opt/airflow/dags/kafka_stream.py
[2025-01-20T07:08:35.475+0000] {logging_mixin.py:188} INFO - [2025-01-20T07:08:35.474+0000] {dag.py:3089} INFO - Sync 1 DAGs
[2025-01-20T07:08:35.553+0000] {logging_mixin.py:188} INFO - [2025-01-20T07:08:35.553+0000] {dag.py:3947} INFO - Setting next_dagrun for user_automation to 2025-01-19 00:00:00+00:00, run_after=2025-01-20 00:00:00+00:00
[2025-01-20T07:08:35.644+0000] {processor.py:183} INFO - Processing /opt/airflow/dags/kafka_stream.py took 0.910 seconds
[2025-01-20T07:09:06.881+0000] {processor.py:161} INFO - Started process (PID=386) to work on /opt/airflow/dags/kafka_stream.py
[2025-01-20T07:09:06.899+0000] {processor.py:830} INFO - Processing file /opt/airflow/dags/kafka_stream.py for tasks to queue
[2025-01-20T07:09:06.908+0000] {logging_mixin.py:188} INFO - [2025-01-20T07:09:06.906+0000] {dagbag.py:545} INFO - Filling up the DagBag from /opt/airflow/dags/kafka_stream.py
[2025-01-20T07:09:07.042+0000] {processor.py:840} INFO - DAG(s) 'user_automation' retrieved from /opt/airflow/dags/kafka_stream.py
[2025-01-20T07:09:07.133+0000] {logging_mixin.py:188} INFO - [2025-01-20T07:09:07.132+0000] {dag.py:3089} INFO - Sync 1 DAGs
[2025-01-20T07:09:07.240+0000] {logging_mixin.py:188} INFO - [2025-01-20T07:09:07.239+0000] {dag.py:3947} INFO - Setting next_dagrun for user_automation to 2025-01-19 00:00:00+00:00, run_after=2025-01-20 00:00:00+00:00
[2025-01-20T07:09:07.315+0000] {processor.py:183} INFO - Processing /opt/airflow/dags/kafka_stream.py took 0.458 seconds
[2025-01-20T07:09:40.814+0000] {processor.py:161} INFO - Started process (PID=397) to work on /opt/airflow/dags/kafka_stream.py
[2025-01-20T07:09:40.816+0000] {processor.py:830} INFO - Processing file /opt/airflow/dags/kafka_stream.py for tasks to queue
[2025-01-20T07:09:40.822+0000] {logging_mixin.py:188} INFO - [2025-01-20T07:09:40.821+0000] {dagbag.py:545} INFO - Filling up the DagBag from /opt/airflow/dags/kafka_stream.py
[2025-01-20T07:09:41.052+0000] {processor.py:840} INFO - DAG(s) 'user_automation' retrieved from /opt/airflow/dags/kafka_stream.py
[2025-01-20T07:09:41.373+0000] {logging_mixin.py:188} INFO - [2025-01-20T07:09:41.372+0000] {dag.py:3089} INFO - Sync 1 DAGs
[2025-01-20T07:09:41.441+0000] {logging_mixin.py:188} INFO - [2025-01-20T07:09:41.441+0000] {dag.py:3947} INFO - Setting next_dagrun for user_automation to 2025-01-19 00:00:00+00:00, run_after=2025-01-20 00:00:00+00:00
[2025-01-20T07:09:41.518+0000] {processor.py:183} INFO - Processing /opt/airflow/dags/kafka_stream.py took 0.715 seconds
[2025-01-20T07:10:12.831+0000] {processor.py:161} INFO - Started process (PID=408) to work on /opt/airflow/dags/kafka_stream.py
[2025-01-20T07:10:12.869+0000] {processor.py:830} INFO - Processing file /opt/airflow/dags/kafka_stream.py for tasks to queue
[2025-01-20T07:10:12.877+0000] {logging_mixin.py:188} INFO - [2025-01-20T07:10:12.875+0000] {dagbag.py:545} INFO - Filling up the DagBag from /opt/airflow/dags/kafka_stream.py
[2025-01-20T07:10:13.686+0000] {processor.py:840} INFO - DAG(s) 'user_automation' retrieved from /opt/airflow/dags/kafka_stream.py
[2025-01-20T07:10:13.786+0000] {logging_mixin.py:188} INFO - [2025-01-20T07:10:13.785+0000] {dag.py:3089} INFO - Sync 1 DAGs
[2025-01-20T07:10:13.878+0000] {logging_mixin.py:188} INFO - [2025-01-20T07:10:13.877+0000] {dag.py:3947} INFO - Setting next_dagrun for user_automation to 2025-01-19 00:00:00+00:00, run_after=2025-01-20 00:00:00+00:00
[2025-01-20T07:10:14.142+0000] {processor.py:183} INFO - Processing /opt/airflow/dags/kafka_stream.py took 1.334 seconds
[2025-01-20T07:10:46.150+0000] {processor.py:161} INFO - Started process (PID=418) to work on /opt/airflow/dags/kafka_stream.py
[2025-01-20T07:10:46.154+0000] {processor.py:830} INFO - Processing file /opt/airflow/dags/kafka_stream.py for tasks to queue
[2025-01-20T07:10:46.160+0000] {logging_mixin.py:188} INFO - [2025-01-20T07:10:46.159+0000] {dagbag.py:545} INFO - Filling up the DagBag from /opt/airflow/dags/kafka_stream.py
[2025-01-20T07:10:47.569+0000] {processor.py:840} INFO - DAG(s) 'user_automation' retrieved from /opt/airflow/dags/kafka_stream.py
[2025-01-20T07:10:47.737+0000] {logging_mixin.py:188} INFO - [2025-01-20T07:10:47.736+0000] {dag.py:3089} INFO - Sync 1 DAGs
[2025-01-20T07:10:48.031+0000] {logging_mixin.py:188} INFO - [2025-01-20T07:10:48.030+0000] {dag.py:3947} INFO - Setting next_dagrun for user_automation to 2025-01-19 00:00:00+00:00, run_after=2025-01-20 00:00:00+00:00
[2025-01-20T07:10:48.345+0000] {processor.py:183} INFO - Processing /opt/airflow/dags/kafka_stream.py took 2.207 seconds
[2025-01-20T07:11:18.842+0000] {processor.py:161} INFO - Started process (PID=430) to work on /opt/airflow/dags/kafka_stream.py
[2025-01-20T07:11:18.844+0000] {processor.py:830} INFO - Processing file /opt/airflow/dags/kafka_stream.py for tasks to queue
[2025-01-20T07:11:18.849+0000] {logging_mixin.py:188} INFO - [2025-01-20T07:11:18.848+0000] {dagbag.py:545} INFO - Filling up the DagBag from /opt/airflow/dags/kafka_stream.py
[2025-01-20T07:11:20.006+0000] {processor.py:840} INFO - DAG(s) 'user_automation' retrieved from /opt/airflow/dags/kafka_stream.py
[2025-01-20T07:11:20.442+0000] {logging_mixin.py:188} INFO - [2025-01-20T07:11:20.441+0000] {dag.py:3089} INFO - Sync 1 DAGs
[2025-01-20T07:11:20.768+0000] {logging_mixin.py:188} INFO - [2025-01-20T07:11:20.768+0000] {dag.py:3947} INFO - Setting next_dagrun for user_automation to 2025-01-19 00:00:00+00:00, run_after=2025-01-20 00:00:00+00:00
[2025-01-20T07:11:21.616+0000] {processor.py:183} INFO - Processing /opt/airflow/dags/kafka_stream.py took 2.788 seconds
[2025-01-20T07:11:52.208+0000] {processor.py:161} INFO - Started process (PID=441) to work on /opt/airflow/dags/kafka_stream.py
[2025-01-20T07:11:52.228+0000] {processor.py:830} INFO - Processing file /opt/airflow/dags/kafka_stream.py for tasks to queue
[2025-01-20T07:11:52.257+0000] {logging_mixin.py:188} INFO - [2025-01-20T07:11:52.256+0000] {dagbag.py:545} INFO - Filling up the DagBag from /opt/airflow/dags/kafka_stream.py
[2025-01-20T07:11:52.579+0000] {processor.py:840} INFO - DAG(s) 'user_automation' retrieved from /opt/airflow/dags/kafka_stream.py
[2025-01-20T07:11:52.887+0000] {logging_mixin.py:188} INFO - [2025-01-20T07:11:52.886+0000] {dag.py:3089} INFO - Sync 1 DAGs
[2025-01-20T07:11:53.233+0000] {logging_mixin.py:188} INFO - [2025-01-20T07:11:53.232+0000] {dag.py:3947} INFO - Setting next_dagrun for user_automation to 2025-01-19 00:00:00+00:00, run_after=2025-01-20 00:00:00+00:00
[2025-01-20T07:11:53.666+0000] {processor.py:183} INFO - Processing /opt/airflow/dags/kafka_stream.py took 1.484 seconds
[2025-01-20T07:12:31.237+0000] {processor.py:161} INFO - Started process (PID=452) to work on /opt/airflow/dags/kafka_stream.py
[2025-01-20T07:12:31.445+0000] {processor.py:830} INFO - Processing file /opt/airflow/dags/kafka_stream.py for tasks to queue
[2025-01-20T07:12:31.561+0000] {logging_mixin.py:188} INFO - [2025-01-20T07:12:31.559+0000] {dagbag.py:545} INFO - Filling up the DagBag from /opt/airflow/dags/kafka_stream.py
[2025-01-20T07:12:33.377+0000] {processor.py:840} INFO - DAG(s) 'user_automation' retrieved from /opt/airflow/dags/kafka_stream.py
[2025-01-20T07:12:33.973+0000] {logging_mixin.py:188} INFO - [2025-01-20T07:12:33.972+0000] {dag.py:3089} INFO - Sync 1 DAGs
[2025-01-20T07:12:34.609+0000] {logging_mixin.py:188} INFO - [2025-01-20T07:12:34.608+0000] {dag.py:3947} INFO - Setting next_dagrun for user_automation to 2025-01-19 00:00:00+00:00, run_after=2025-01-20 00:00:00+00:00
[2025-01-20T07:12:35.064+0000] {processor.py:183} INFO - Processing /opt/airflow/dags/kafka_stream.py took 3.879 seconds
[2025-01-20T07:13:19.313+0000] {processor.py:161} INFO - Started process (PID=462) to work on /opt/airflow/dags/kafka_stream.py
[2025-01-20T07:13:19.349+0000] {processor.py:830} INFO - Processing file /opt/airflow/dags/kafka_stream.py for tasks to queue
[2025-01-20T07:13:24.058+0000] {logging_mixin.py:188} INFO - [2025-01-20T07:13:23.849+0000] {dagbag.py:545} INFO - Filling up the DagBag from /opt/airflow/dags/kafka_stream.py
[2025-01-20T07:13:26.400+0000] {processor.py:840} INFO - DAG(s) 'user_automation' retrieved from /opt/airflow/dags/kafka_stream.py
[2025-01-20T07:13:28.701+0000] {logging_mixin.py:188} INFO - [2025-01-20T07:13:28.700+0000] {dag.py:3089} INFO - Sync 1 DAGs
[2025-01-20T07:13:29.718+0000] {logging_mixin.py:188} INFO - [2025-01-20T07:13:29.716+0000] {dag.py:3947} INFO - Setting next_dagrun for user_automation to 2025-01-19 00:00:00+00:00, run_after=2025-01-20 00:00:00+00:00
[2025-01-20T07:13:32.031+0000] {processor.py:183} INFO - Processing /opt/airflow/dags/kafka_stream.py took 14.040 seconds
[2025-01-20T07:14:06.744+0000] {processor.py:161} INFO - Started process (PID=479) to work on /opt/airflow/dags/kafka_stream.py
[2025-01-20T07:14:06.930+0000] {processor.py:830} INFO - Processing file /opt/airflow/dags/kafka_stream.py for tasks to queue
[2025-01-20T07:14:06.940+0000] {logging_mixin.py:188} INFO - [2025-01-20T07:14:06.939+0000] {dagbag.py:545} INFO - Filling up the DagBag from /opt/airflow/dags/kafka_stream.py
[2025-01-20T07:14:07.595+0000] {processor.py:840} INFO - DAG(s) 'user_automation' retrieved from /opt/airflow/dags/kafka_stream.py
[2025-01-20T07:14:08.152+0000] {logging_mixin.py:188} INFO - [2025-01-20T07:14:08.146+0000] {dag.py:3089} INFO - Sync 1 DAGs
[2025-01-20T07:14:08.792+0000] {logging_mixin.py:188} INFO - [2025-01-20T07:14:08.791+0000] {dag.py:3947} INFO - Setting next_dagrun for user_automation to 2025-01-19 00:00:00+00:00, run_after=2025-01-20 00:00:00+00:00
[2025-01-20T07:14:09.208+0000] {processor.py:183} INFO - Processing /opt/airflow/dags/kafka_stream.py took 2.588 seconds
[2025-01-20T07:14:45.800+0000] {processor.py:161} INFO - Started process (PID=490) to work on /opt/airflow/dags/kafka_stream.py
[2025-01-20T07:14:45.885+0000] {processor.py:830} INFO - Processing file /opt/airflow/dags/kafka_stream.py for tasks to queue
[2025-01-20T07:14:45.891+0000] {logging_mixin.py:188} INFO - [2025-01-20T07:14:45.889+0000] {dagbag.py:545} INFO - Filling up the DagBag from /opt/airflow/dags/kafka_stream.py
[2025-01-20T07:14:46.202+0000] {processor.py:840} INFO - DAG(s) 'user_automation' retrieved from /opt/airflow/dags/kafka_stream.py
[2025-01-20T07:14:46.584+0000] {logging_mixin.py:188} INFO - [2025-01-20T07:14:46.582+0000] {dag.py:3089} INFO - Sync 1 DAGs
[2025-01-20T07:14:47.254+0000] {logging_mixin.py:188} INFO - [2025-01-20T07:14:47.253+0000] {dag.py:3947} INFO - Setting next_dagrun for user_automation to 2025-01-19 00:00:00+00:00, run_after=2025-01-20 00:00:00+00:00
[2025-01-20T07:14:48.375+0000] {processor.py:183} INFO - Processing /opt/airflow/dags/kafka_stream.py took 2.612 seconds
[2025-01-20T07:15:19.316+0000] {processor.py:161} INFO - Started process (PID=501) to work on /opt/airflow/dags/kafka_stream.py
[2025-01-20T07:15:19.320+0000] {processor.py:830} INFO - Processing file /opt/airflow/dags/kafka_stream.py for tasks to queue
[2025-01-20T07:15:19.337+0000] {logging_mixin.py:188} INFO - [2025-01-20T07:15:19.332+0000] {dagbag.py:545} INFO - Filling up the DagBag from /opt/airflow/dags/kafka_stream.py
[2025-01-20T07:15:19.663+0000] {processor.py:840} INFO - DAG(s) 'user_automation' retrieved from /opt/airflow/dags/kafka_stream.py
[2025-01-20T07:15:20.146+0000] {logging_mixin.py:188} INFO - [2025-01-20T07:15:20.145+0000] {dag.py:3089} INFO - Sync 1 DAGs
[2025-01-20T07:15:20.266+0000] {logging_mixin.py:188} INFO - [2025-01-20T07:15:20.266+0000] {dag.py:3947} INFO - Setting next_dagrun for user_automation to 2025-01-19 00:00:00+00:00, run_after=2025-01-20 00:00:00+00:00
[2025-01-20T07:15:20.467+0000] {processor.py:183} INFO - Processing /opt/airflow/dags/kafka_stream.py took 1.210 seconds
[2025-01-20T07:15:55.466+0000] {processor.py:161} INFO - Started process (PID=511) to work on /opt/airflow/dags/kafka_stream.py
[2025-01-20T07:15:55.501+0000] {processor.py:830} INFO - Processing file /opt/airflow/dags/kafka_stream.py for tasks to queue
[2025-01-20T07:15:55.521+0000] {logging_mixin.py:188} INFO - [2025-01-20T07:15:55.520+0000] {dagbag.py:545} INFO - Filling up the DagBag from /opt/airflow/dags/kafka_stream.py
[2025-01-20T07:15:56.739+0000] {processor.py:840} INFO - DAG(s) 'user_automation' retrieved from /opt/airflow/dags/kafka_stream.py
[2025-01-20T07:15:57.641+0000] {logging_mixin.py:188} INFO - [2025-01-20T07:15:57.640+0000] {dag.py:3089} INFO - Sync 1 DAGs
[2025-01-20T07:15:57.942+0000] {logging_mixin.py:188} INFO - [2025-01-20T07:15:57.941+0000] {dag.py:3947} INFO - Setting next_dagrun for user_automation to 2025-01-19 00:00:00+00:00, run_after=2025-01-20 00:00:00+00:00
[2025-01-20T07:15:58.237+0000] {processor.py:183} INFO - Processing /opt/airflow/dags/kafka_stream.py took 2.836 seconds
[2025-01-20T07:16:34.561+0000] {processor.py:161} INFO - Started process (PID=516) to work on /opt/airflow/dags/kafka_stream.py
[2025-01-20T07:16:34.618+0000] {processor.py:830} INFO - Processing file /opt/airflow/dags/kafka_stream.py for tasks to queue
[2025-01-20T07:16:34.711+0000] {logging_mixin.py:188} INFO - [2025-01-20T07:16:34.705+0000] {dagbag.py:545} INFO - Filling up the DagBag from /opt/airflow/dags/kafka_stream.py
[2025-01-20T07:16:35.186+0000] {processor.py:840} INFO - DAG(s) 'user_automation' retrieved from /opt/airflow/dags/kafka_stream.py
[2025-01-20T07:16:35.815+0000] {logging_mixin.py:188} INFO - [2025-01-20T07:16:35.814+0000] {dag.py:3089} INFO - Sync 1 DAGs
[2025-01-20T07:16:35.976+0000] {logging_mixin.py:188} INFO - [2025-01-20T07:16:35.975+0000] {dag.py:3947} INFO - Setting next_dagrun for user_automation to 2025-01-19 00:00:00+00:00, run_after=2025-01-20 00:00:00+00:00
[2025-01-20T07:16:37.212+0000] {processor.py:183} INFO - Processing /opt/airflow/dags/kafka_stream.py took 2.700 seconds
[2025-01-20T07:17:10.008+0000] {processor.py:161} INFO - Started process (PID=526) to work on /opt/airflow/dags/kafka_stream.py
[2025-01-20T07:17:10.022+0000] {processor.py:830} INFO - Processing file /opt/airflow/dags/kafka_stream.py for tasks to queue
[2025-01-20T07:17:10.045+0000] {logging_mixin.py:188} INFO - [2025-01-20T07:17:10.042+0000] {dagbag.py:545} INFO - Filling up the DagBag from /opt/airflow/dags/kafka_stream.py
[2025-01-20T07:17:10.157+0000] {processor.py:840} INFO - DAG(s) 'user_automation' retrieved from /opt/airflow/dags/kafka_stream.py
[2025-01-20T07:19:07.802+0000] {processor.py:161} INFO - Started process (PID=547) to work on /opt/airflow/dags/kafka_stream.py
[2025-01-20T07:19:07.815+0000] {processor.py:830} INFO - Processing file /opt/airflow/dags/kafka_stream.py for tasks to queue
[2025-01-20T07:19:08.133+0000] {logging_mixin.py:188} INFO - [2025-01-20T07:19:07.823+0000] {dagbag.py:545} INFO - Filling up the DagBag from /opt/airflow/dags/kafka_stream.py
[2025-01-20T07:19:08.573+0000] {processor.py:840} INFO - DAG(s) 'user_automation' retrieved from /opt/airflow/dags/kafka_stream.py
[2025-01-20T07:20:26.783+0000] {processor.py:161} INFO - Started process (PID=550) to work on /opt/airflow/dags/kafka_stream.py
[2025-01-20T07:20:26.960+0000] {processor.py:830} INFO - Processing file /opt/airflow/dags/kafka_stream.py for tasks to queue
[2025-01-20T07:20:27.026+0000] {logging_mixin.py:188} INFO - [2025-01-20T07:20:27.022+0000] {dagbag.py:545} INFO - Filling up the DagBag from /opt/airflow/dags/kafka_stream.py
[2025-01-20T07:20:29.744+0000] {processor.py:840} INFO - DAG(s) 'user_automation' retrieved from /opt/airflow/dags/kafka_stream.py
[2025-01-20T07:20:55.882+0000] {logging_mixin.py:188} INFO - [2025-01-20T07:20:55.880+0000] {dag.py:3089} INFO - Sync 1 DAGs
[2025-01-20T07:20:56.282+0000] {logging_mixin.py:188} INFO - [2025-01-20T07:20:56.281+0000] {dag.py:3947} INFO - Setting next_dagrun for user_automation to 2025-01-19 00:00:00+00:00, run_after=2025-01-20 00:00:00+00:00
[2025-01-20T07:20:59.066+0000] {processor.py:183} INFO - Processing /opt/airflow/dags/kafka_stream.py took 32.965 seconds
[2025-01-20T07:21:31.369+0000] {processor.py:161} INFO - Started process (PID=567) to work on /opt/airflow/dags/kafka_stream.py
[2025-01-20T07:21:31.372+0000] {processor.py:830} INFO - Processing file /opt/airflow/dags/kafka_stream.py for tasks to queue
[2025-01-20T07:21:31.375+0000] {logging_mixin.py:188} INFO - [2025-01-20T07:21:31.374+0000] {dagbag.py:545} INFO - Filling up the DagBag from /opt/airflow/dags/kafka_stream.py
[2025-01-20T07:21:31.840+0000] {processor.py:840} INFO - DAG(s) 'user_automation' retrieved from /opt/airflow/dags/kafka_stream.py
[2025-01-20T07:21:32.699+0000] {logging_mixin.py:188} INFO - [2025-01-20T07:21:32.698+0000] {dag.py:3089} INFO - Sync 1 DAGs
[2025-01-20T07:21:32.802+0000] {logging_mixin.py:188} INFO - [2025-01-20T07:21:32.801+0000] {dag.py:3947} INFO - Setting next_dagrun for user_automation to 2025-01-19 00:00:00+00:00, run_after=2025-01-20 00:00:00+00:00
[2025-01-20T07:21:32.899+0000] {processor.py:183} INFO - Processing /opt/airflow/dags/kafka_stream.py took 1.556 seconds
[2025-01-20T07:22:03.836+0000] {processor.py:161} INFO - Started process (PID=578) to work on /opt/airflow/dags/kafka_stream.py
[2025-01-20T07:22:03.839+0000] {processor.py:830} INFO - Processing file /opt/airflow/dags/kafka_stream.py for tasks to queue
[2025-01-20T07:22:03.843+0000] {logging_mixin.py:188} INFO - [2025-01-20T07:22:03.842+0000] {dagbag.py:545} INFO - Filling up the DagBag from /opt/airflow/dags/kafka_stream.py
[2025-01-20T07:22:03.918+0000] {processor.py:840} INFO - DAG(s) 'user_automation' retrieved from /opt/airflow/dags/kafka_stream.py
[2025-01-20T07:22:04.068+0000] {logging_mixin.py:188} INFO - [2025-01-20T07:22:04.067+0000] {dag.py:3089} INFO - Sync 1 DAGs
[2025-01-20T07:22:04.187+0000] {logging_mixin.py:188} INFO - [2025-01-20T07:22:04.186+0000] {dag.py:3947} INFO - Setting next_dagrun for user_automation to 2025-01-19 00:00:00+00:00, run_after=2025-01-20 00:00:00+00:00
[2025-01-20T07:22:04.525+0000] {processor.py:183} INFO - Processing /opt/airflow/dags/kafka_stream.py took 0.704 seconds
[2025-01-20T07:22:47.758+0000] {processor.py:161} INFO - Started process (PID=589) to work on /opt/airflow/dags/kafka_stream.py
[2025-01-20T07:22:48.221+0000] {processor.py:830} INFO - Processing file /opt/airflow/dags/kafka_stream.py for tasks to queue
[2025-01-20T07:22:48.476+0000] {logging_mixin.py:188} INFO - [2025-01-20T07:22:48.474+0000] {dagbag.py:545} INFO - Filling up the DagBag from /opt/airflow/dags/kafka_stream.py
[2025-01-20T07:22:49.143+0000] {processor.py:840} INFO - DAG(s) 'user_automation' retrieved from /opt/airflow/dags/kafka_stream.py
[2025-01-20T07:22:50.374+0000] {logging_mixin.py:188} INFO - [2025-01-20T07:22:50.372+0000] {dag.py:3089} INFO - Sync 1 DAGs
[2025-01-20T07:22:50.826+0000] {logging_mixin.py:188} INFO - [2025-01-20T07:22:50.824+0000] {dag.py:3947} INFO - Setting next_dagrun for user_automation to 2025-01-19 00:00:00+00:00, run_after=2025-01-20 00:00:00+00:00
[2025-01-20T07:22:51.302+0000] {processor.py:183} INFO - Processing /opt/airflow/dags/kafka_stream.py took 3.566 seconds
[2025-01-20T07:23:29.799+0000] {processor.py:161} INFO - Started process (PID=600) to work on /opt/airflow/dags/kafka_stream.py
[2025-01-20T07:23:29.802+0000] {processor.py:830} INFO - Processing file /opt/airflow/dags/kafka_stream.py for tasks to queue
[2025-01-20T07:23:29.806+0000] {logging_mixin.py:188} INFO - [2025-01-20T07:23:29.805+0000] {dagbag.py:545} INFO - Filling up the DagBag from /opt/airflow/dags/kafka_stream.py
[2025-01-20T07:23:29.969+0000] {processor.py:840} INFO - DAG(s) 'user_automation' retrieved from /opt/airflow/dags/kafka_stream.py
[2025-01-20T07:23:30.389+0000] {logging_mixin.py:188} INFO - [2025-01-20T07:23:30.388+0000] {dag.py:3089} INFO - Sync 1 DAGs
[2025-01-20T07:23:30.478+0000] {logging_mixin.py:188} INFO - [2025-01-20T07:23:30.477+0000] {dag.py:3947} INFO - Setting next_dagrun for user_automation to 2025-01-19 00:00:00+00:00, run_after=2025-01-20 00:00:00+00:00
[2025-01-20T07:23:32.229+0000] {processor.py:183} INFO - Processing /opt/airflow/dags/kafka_stream.py took 2.453 seconds
[2025-01-20T07:24:02.769+0000] {processor.py:161} INFO - Started process (PID=611) to work on /opt/airflow/dags/kafka_stream.py
[2025-01-20T07:24:02.773+0000] {processor.py:830} INFO - Processing file /opt/airflow/dags/kafka_stream.py for tasks to queue
[2025-01-20T07:24:02.777+0000] {logging_mixin.py:188} INFO - [2025-01-20T07:24:02.776+0000] {dagbag.py:545} INFO - Filling up the DagBag from /opt/airflow/dags/kafka_stream.py
[2025-01-20T07:24:03.184+0000] {processor.py:840} INFO - DAG(s) 'user_automation' retrieved from /opt/airflow/dags/kafka_stream.py
[2025-01-20T07:24:03.280+0000] {logging_mixin.py:188} INFO - [2025-01-20T07:24:03.279+0000] {dag.py:3089} INFO - Sync 1 DAGs
[2025-01-20T07:24:03.335+0000] {logging_mixin.py:188} INFO - [2025-01-20T07:24:03.334+0000] {dag.py:3947} INFO - Setting next_dagrun for user_automation to 2025-01-19 00:00:00+00:00, run_after=2025-01-20 00:00:00+00:00
[2025-01-20T07:24:04.058+0000] {processor.py:183} INFO - Processing /opt/airflow/dags/kafka_stream.py took 1.305 seconds
[2025-01-20T07:24:36.681+0000] {processor.py:161} INFO - Started process (PID=622) to work on /opt/airflow/dags/kafka_stream.py
[2025-01-20T07:24:36.684+0000] {processor.py:830} INFO - Processing file /opt/airflow/dags/kafka_stream.py for tasks to queue
[2025-01-20T07:24:36.687+0000] {logging_mixin.py:188} INFO - [2025-01-20T07:24:36.686+0000] {dagbag.py:545} INFO - Filling up the DagBag from /opt/airflow/dags/kafka_stream.py
[2025-01-20T07:24:36.812+0000] {processor.py:840} INFO - DAG(s) 'user_automation' retrieved from /opt/airflow/dags/kafka_stream.py
[2025-01-20T07:24:37.171+0000] {logging_mixin.py:188} INFO - [2025-01-20T07:24:37.170+0000] {dag.py:3089} INFO - Sync 1 DAGs
[2025-01-20T07:24:37.372+0000] {logging_mixin.py:188} INFO - [2025-01-20T07:24:37.371+0000] {dag.py:3947} INFO - Setting next_dagrun for user_automation to 2025-01-19 00:00:00+00:00, run_after=2025-01-20 00:00:00+00:00
[2025-01-20T07:24:37.425+0000] {processor.py:183} INFO - Processing /opt/airflow/dags/kafka_stream.py took 0.756 seconds
[2025-01-20T07:25:17.329+0000] {processor.py:161} INFO - Started process (PID=633) to work on /opt/airflow/dags/kafka_stream.py
[2025-01-20T07:25:17.333+0000] {processor.py:830} INFO - Processing file /opt/airflow/dags/kafka_stream.py for tasks to queue
[2025-01-20T07:25:17.338+0000] {logging_mixin.py:188} INFO - [2025-01-20T07:25:17.336+0000] {dagbag.py:545} INFO - Filling up the DagBag from /opt/airflow/dags/kafka_stream.py
[2025-01-20T07:25:17.590+0000] {processor.py:840} INFO - DAG(s) 'user_automation' retrieved from /opt/airflow/dags/kafka_stream.py
[2025-01-20T07:25:17.879+0000] {logging_mixin.py:188} INFO - [2025-01-20T07:25:17.878+0000] {dag.py:3089} INFO - Sync 1 DAGs
[2025-01-20T07:25:19.903+0000] {logging_mixin.py:188} INFO - [2025-01-20T07:25:19.902+0000] {dag.py:3947} INFO - Setting next_dagrun for user_automation to 2025-01-19 00:00:00+00:00, run_after=2025-01-20 00:00:00+00:00
[2025-01-20T07:25:56.220+0000] {processor.py:183} INFO - Processing /opt/airflow/dags/kafka_stream.py took 38.909 seconds
[2025-01-20T07:26:27.651+0000] {processor.py:161} INFO - Started process (PID=650) to work on /opt/airflow/dags/kafka_stream.py
[2025-01-20T07:26:27.654+0000] {processor.py:830} INFO - Processing file /opt/airflow/dags/kafka_stream.py for tasks to queue
[2025-01-20T07:26:27.659+0000] {logging_mixin.py:188} INFO - [2025-01-20T07:26:27.657+0000] {dagbag.py:545} INFO - Filling up the DagBag from /opt/airflow/dags/kafka_stream.py
[2025-01-20T07:26:27.866+0000] {processor.py:840} INFO - DAG(s) 'user_automation' retrieved from /opt/airflow/dags/kafka_stream.py
[2025-01-20T07:26:28.012+0000] {logging_mixin.py:188} INFO - [2025-01-20T07:26:28.011+0000] {dag.py:3089} INFO - Sync 1 DAGs
[2025-01-20T07:26:28.114+0000] {logging_mixin.py:188} INFO - [2025-01-20T07:26:28.113+0000] {dag.py:3947} INFO - Setting next_dagrun for user_automation to 2025-01-19 00:00:00+00:00, run_after=2025-01-20 00:00:00+00:00
[2025-01-20T07:26:28.298+0000] {processor.py:183} INFO - Processing /opt/airflow/dags/kafka_stream.py took 0.668 seconds
[2025-01-20T07:27:04.597+0000] {processor.py:161} INFO - Started process (PID=661) to work on /opt/airflow/dags/kafka_stream.py
[2025-01-20T07:27:04.780+0000] {processor.py:830} INFO - Processing file /opt/airflow/dags/kafka_stream.py for tasks to queue
[2025-01-20T07:27:04.826+0000] {logging_mixin.py:188} INFO - [2025-01-20T07:27:04.816+0000] {dagbag.py:545} INFO - Filling up the DagBag from /opt/airflow/dags/kafka_stream.py
[2025-01-20T07:27:05.097+0000] {processor.py:840} INFO - DAG(s) 'user_automation' retrieved from /opt/airflow/dags/kafka_stream.py
[2025-01-20T07:27:05.180+0000] {logging_mixin.py:188} INFO - [2025-01-20T07:27:05.180+0000] {dag.py:3089} INFO - Sync 1 DAGs
[2025-01-20T07:27:05.482+0000] {logging_mixin.py:188} INFO - [2025-01-20T07:27:05.481+0000] {dag.py:3947} INFO - Setting next_dagrun for user_automation to 2025-01-19 00:00:00+00:00, run_after=2025-01-20 00:00:00+00:00
[2025-01-20T07:27:07.014+0000] {processor.py:183} INFO - Processing /opt/airflow/dags/kafka_stream.py took 2.454 seconds
[2025-01-20T07:27:37.463+0000] {processor.py:161} INFO - Started process (PID=672) to work on /opt/airflow/dags/kafka_stream.py
[2025-01-20T07:27:37.466+0000] {processor.py:830} INFO - Processing file /opt/airflow/dags/kafka_stream.py for tasks to queue
[2025-01-20T07:27:37.469+0000] {logging_mixin.py:188} INFO - [2025-01-20T07:27:37.468+0000] {dagbag.py:545} INFO - Filling up the DagBag from /opt/airflow/dags/kafka_stream.py
[2025-01-20T07:27:37.659+0000] {processor.py:840} INFO - DAG(s) 'user_automation' retrieved from /opt/airflow/dags/kafka_stream.py
[2025-01-20T07:27:37.751+0000] {logging_mixin.py:188} INFO - [2025-01-20T07:27:37.750+0000] {dag.py:3089} INFO - Sync 1 DAGs
[2025-01-20T07:27:38.285+0000] {logging_mixin.py:188} INFO - [2025-01-20T07:27:38.284+0000] {dag.py:3947} INFO - Setting next_dagrun for user_automation to 2025-01-19 00:00:00+00:00, run_after=2025-01-20 00:00:00+00:00
[2025-01-20T07:27:38.362+0000] {processor.py:183} INFO - Processing /opt/airflow/dags/kafka_stream.py took 0.933 seconds
[2025-01-20T07:28:09.690+0000] {processor.py:161} INFO - Started process (PID=677) to work on /opt/airflow/dags/kafka_stream.py
[2025-01-20T07:28:09.693+0000] {processor.py:830} INFO - Processing file /opt/airflow/dags/kafka_stream.py for tasks to queue
[2025-01-20T07:28:09.699+0000] {logging_mixin.py:188} INFO - [2025-01-20T07:28:09.697+0000] {dagbag.py:545} INFO - Filling up the DagBag from /opt/airflow/dags/kafka_stream.py
[2025-01-20T07:28:09.756+0000] {processor.py:840} INFO - DAG(s) 'user_automation' retrieved from /opt/airflow/dags/kafka_stream.py
[2025-01-20T07:28:09.819+0000] {logging_mixin.py:188} INFO - [2025-01-20T07:28:09.819+0000] {dag.py:3089} INFO - Sync 1 DAGs
[2025-01-20T07:28:09.867+0000] {logging_mixin.py:188} INFO - [2025-01-20T07:28:09.866+0000] {dag.py:3947} INFO - Setting next_dagrun for user_automation to 2025-01-19 00:00:00+00:00, run_after=2025-01-20 00:00:00+00:00
[2025-01-20T07:28:09.989+0000] {processor.py:183} INFO - Processing /opt/airflow/dags/kafka_stream.py took 0.325 seconds
[2025-01-20T07:28:40.952+0000] {processor.py:161} INFO - Started process (PID=687) to work on /opt/airflow/dags/kafka_stream.py
[2025-01-20T07:28:40.955+0000] {processor.py:830} INFO - Processing file /opt/airflow/dags/kafka_stream.py for tasks to queue
[2025-01-20T07:28:40.959+0000] {logging_mixin.py:188} INFO - [2025-01-20T07:28:40.957+0000] {dagbag.py:545} INFO - Filling up the DagBag from /opt/airflow/dags/kafka_stream.py
[2025-01-20T07:28:41.076+0000] {processor.py:840} INFO - DAG(s) 'user_automation' retrieved from /opt/airflow/dags/kafka_stream.py
[2025-01-20T07:28:41.173+0000] {logging_mixin.py:188} INFO - [2025-01-20T07:28:41.172+0000] {dag.py:3089} INFO - Sync 1 DAGs
[2025-01-20T07:28:41.233+0000] {logging_mixin.py:188} INFO - [2025-01-20T07:28:41.232+0000] {dag.py:3947} INFO - Setting next_dagrun for user_automation to 2025-01-19 00:00:00+00:00, run_after=2025-01-20 00:00:00+00:00
[2025-01-20T07:28:41.341+0000] {processor.py:183} INFO - Processing /opt/airflow/dags/kafka_stream.py took 0.402 seconds
[2025-01-20T07:29:25.238+0000] {processor.py:161} INFO - Started process (PID=698) to work on /opt/airflow/dags/kafka_stream.py
[2025-01-20T07:29:25.259+0000] {processor.py:830} INFO - Processing file /opt/airflow/dags/kafka_stream.py for tasks to queue
[2025-01-20T07:29:25.263+0000] {logging_mixin.py:188} INFO - [2025-01-20T07:29:25.262+0000] {dagbag.py:545} INFO - Filling up the DagBag from /opt/airflow/dags/kafka_stream.py
[2025-01-20T07:29:26.999+0000] {processor.py:840} INFO - DAG(s) 'user_automation' retrieved from /opt/airflow/dags/kafka_stream.py
[2025-01-20T07:29:28.310+0000] {logging_mixin.py:188} INFO - [2025-01-20T07:29:28.308+0000] {dag.py:3089} INFO - Sync 1 DAGs
[2025-01-20T07:29:29.288+0000] {logging_mixin.py:188} INFO - [2025-01-20T07:29:29.287+0000] {dag.py:3947} INFO - Setting next_dagrun for user_automation to 2025-01-19 00:00:00+00:00, run_after=2025-01-20 00:00:00+00:00
[2025-01-20T07:29:30.082+0000] {processor.py:183} INFO - Processing /opt/airflow/dags/kafka_stream.py took 7.400 seconds
[2025-01-20T07:30:01.474+0000] {processor.py:161} INFO - Started process (PID=715) to work on /opt/airflow/dags/kafka_stream.py
[2025-01-20T07:30:01.477+0000] {processor.py:830} INFO - Processing file /opt/airflow/dags/kafka_stream.py for tasks to queue
[2025-01-20T07:30:01.480+0000] {logging_mixin.py:188} INFO - [2025-01-20T07:30:01.479+0000] {dagbag.py:545} INFO - Filling up the DagBag from /opt/airflow/dags/kafka_stream.py
[2025-01-20T07:30:01.550+0000] {processor.py:840} INFO - DAG(s) 'user_automation' retrieved from /opt/airflow/dags/kafka_stream.py
[2025-01-20T07:30:01.630+0000] {logging_mixin.py:188} INFO - [2025-01-20T07:30:01.629+0000] {dag.py:3089} INFO - Sync 1 DAGs
[2025-01-20T07:30:01.678+0000] {logging_mixin.py:188} INFO - [2025-01-20T07:30:01.677+0000] {dag.py:3947} INFO - Setting next_dagrun for user_automation to 2025-01-19 00:00:00+00:00, run_after=2025-01-20 00:00:00+00:00
[2025-01-20T07:30:01.739+0000] {processor.py:183} INFO - Processing /opt/airflow/dags/kafka_stream.py took 0.281 seconds
[2025-01-20T07:30:33.996+0000] {processor.py:161} INFO - Started process (PID=725) to work on /opt/airflow/dags/kafka_stream.py
[2025-01-20T07:30:34.135+0000] {processor.py:830} INFO - Processing file /opt/airflow/dags/kafka_stream.py for tasks to queue
[2025-01-20T07:30:34.284+0000] {logging_mixin.py:188} INFO - [2025-01-20T07:30:34.283+0000] {dagbag.py:545} INFO - Filling up the DagBag from /opt/airflow/dags/kafka_stream.py
[2025-01-20T07:30:38.474+0000] {processor.py:840} INFO - DAG(s) 'user_automation' retrieved from /opt/airflow/dags/kafka_stream.py
[2025-01-20T07:30:39.786+0000] {logging_mixin.py:188} INFO - [2025-01-20T07:30:39.785+0000] {dag.py:3089} INFO - Sync 1 DAGs
[2025-01-20T07:30:40.315+0000] {logging_mixin.py:188} INFO - [2025-01-20T07:30:40.313+0000] {dag.py:3947} INFO - Setting next_dagrun for user_automation to 2025-01-19 00:00:00+00:00, run_after=2025-01-20 00:00:00+00:00
[2025-01-20T07:30:40.824+0000] {processor.py:183} INFO - Processing /opt/airflow/dags/kafka_stream.py took 7.250 seconds
[2025-01-20T07:31:12.233+0000] {processor.py:161} INFO - Started process (PID=736) to work on /opt/airflow/dags/kafka_stream.py
[2025-01-20T07:31:12.277+0000] {processor.py:830} INFO - Processing file /opt/airflow/dags/kafka_stream.py for tasks to queue
[2025-01-20T07:31:12.291+0000] {logging_mixin.py:188} INFO - [2025-01-20T07:31:12.283+0000] {dagbag.py:545} INFO - Filling up the DagBag from /opt/airflow/dags/kafka_stream.py
[2025-01-20T07:31:12.930+0000] {processor.py:840} INFO - DAG(s) 'user_automation' retrieved from /opt/airflow/dags/kafka_stream.py
[2025-01-20T07:31:13.491+0000] {logging_mixin.py:188} INFO - [2025-01-20T07:31:13.489+0000] {dag.py:3089} INFO - Sync 1 DAGs
[2025-01-20T07:31:13.711+0000] {logging_mixin.py:188} INFO - [2025-01-20T07:31:13.710+0000] {dag.py:3947} INFO - Setting next_dagrun for user_automation to 2025-01-19 00:00:00+00:00, run_after=2025-01-20 00:00:00+00:00
[2025-01-20T07:31:13.896+0000] {processor.py:183} INFO - Processing /opt/airflow/dags/kafka_stream.py took 1.959 seconds
[2025-01-20T07:31:45.358+0000] {processor.py:161} INFO - Started process (PID=746) to work on /opt/airflow/dags/kafka_stream.py
[2025-01-20T07:31:45.362+0000] {processor.py:830} INFO - Processing file /opt/airflow/dags/kafka_stream.py for tasks to queue
[2025-01-20T07:31:45.367+0000] {logging_mixin.py:188} INFO - [2025-01-20T07:31:45.366+0000] {dagbag.py:545} INFO - Filling up the DagBag from /opt/airflow/dags/kafka_stream.py
[2025-01-20T07:31:45.437+0000] {processor.py:840} INFO - DAG(s) 'user_automation' retrieved from /opt/airflow/dags/kafka_stream.py
[2025-01-20T07:31:46.991+0000] {logging_mixin.py:188} INFO - [2025-01-20T07:31:46.990+0000] {dag.py:3089} INFO - Sync 1 DAGs
[2025-01-20T07:31:47.067+0000] {logging_mixin.py:188} INFO - [2025-01-20T07:31:47.066+0000] {dag.py:3947} INFO - Setting next_dagrun for user_automation to 2025-01-19 00:00:00+00:00, run_after=2025-01-20 00:00:00+00:00
[2025-01-20T07:31:47.133+0000] {processor.py:183} INFO - Processing /opt/airflow/dags/kafka_stream.py took 1.802 seconds
[2025-01-20T07:32:18.362+0000] {processor.py:161} INFO - Started process (PID=757) to work on /opt/airflow/dags/kafka_stream.py
[2025-01-20T07:32:21.821+0000] {processor.py:830} INFO - Processing file /opt/airflow/dags/kafka_stream.py for tasks to queue
[2025-01-20T07:32:24.174+0000] {logging_mixin.py:188} INFO - [2025-01-20T07:32:24.173+0000] {dagbag.py:545} INFO - Filling up the DagBag from /opt/airflow/dags/kafka_stream.py
[2025-01-20T07:32:24.414+0000] {processor.py:840} INFO - DAG(s) 'user_automation' retrieved from /opt/airflow/dags/kafka_stream.py
[2025-01-20T07:32:24.612+0000] {logging_mixin.py:188} INFO - [2025-01-20T07:32:24.612+0000] {dag.py:3089} INFO - Sync 1 DAGs
[2025-01-20T07:32:25.079+0000] {logging_mixin.py:188} INFO - [2025-01-20T07:32:25.079+0000] {dag.py:3947} INFO - Setting next_dagrun for user_automation to 2025-01-19 00:00:00+00:00, run_after=2025-01-20 00:00:00+00:00
[2025-01-20T07:32:25.355+0000] {processor.py:183} INFO - Processing /opt/airflow/dags/kafka_stream.py took 7.013 seconds
[2025-01-20T07:32:58.755+0000] {processor.py:161} INFO - Started process (PID=768) to work on /opt/airflow/dags/kafka_stream.py
[2025-01-20T07:32:58.760+0000] {processor.py:830} INFO - Processing file /opt/airflow/dags/kafka_stream.py for tasks to queue
[2025-01-20T07:32:58.766+0000] {logging_mixin.py:188} INFO - [2025-01-20T07:32:58.764+0000] {dagbag.py:545} INFO - Filling up the DagBag from /opt/airflow/dags/kafka_stream.py
[2025-01-20T07:32:58.892+0000] {processor.py:840} INFO - DAG(s) 'user_automation' retrieved from /opt/airflow/dags/kafka_stream.py
[2025-01-20T07:33:03.985+0000] {logging_mixin.py:188} INFO - [2025-01-20T07:33:03.984+0000] {dag.py:3089} INFO - Sync 1 DAGs
[2025-01-20T07:33:05.817+0000] {logging_mixin.py:188} INFO - [2025-01-20T07:33:05.816+0000] {dag.py:3947} INFO - Setting next_dagrun for user_automation to 2025-01-19 00:00:00+00:00, run_after=2025-01-20 00:00:00+00:00
[2025-01-20T07:33:06.185+0000] {processor.py:183} INFO - Processing /opt/airflow/dags/kafka_stream.py took 7.460 seconds
[2025-01-20T07:33:37.439+0000] {processor.py:161} INFO - Started process (PID=779) to work on /opt/airflow/dags/kafka_stream.py
[2025-01-20T07:33:37.442+0000] {processor.py:830} INFO - Processing file /opt/airflow/dags/kafka_stream.py for tasks to queue
[2025-01-20T07:33:37.450+0000] {logging_mixin.py:188} INFO - [2025-01-20T07:33:37.446+0000] {dagbag.py:545} INFO - Filling up the DagBag from /opt/airflow/dags/kafka_stream.py
[2025-01-20T07:33:40.590+0000] {processor.py:840} INFO - DAG(s) 'user_automation' retrieved from /opt/airflow/dags/kafka_stream.py
[2025-01-20T07:33:40.912+0000] {logging_mixin.py:188} INFO - [2025-01-20T07:33:40.911+0000] {dag.py:3089} INFO - Sync 1 DAGs
[2025-01-20T07:33:41.285+0000] {logging_mixin.py:188} INFO - [2025-01-20T07:33:41.283+0000] {dag.py:3947} INFO - Setting next_dagrun for user_automation to 2025-01-19 00:00:00+00:00, run_after=2025-01-20 00:00:00+00:00
[2025-01-20T07:33:41.535+0000] {processor.py:183} INFO - Processing /opt/airflow/dags/kafka_stream.py took 4.149 seconds
[2025-01-20T07:34:12.642+0000] {processor.py:161} INFO - Started process (PID=791) to work on /opt/airflow/dags/kafka_stream.py
[2025-01-20T07:34:12.747+0000] {processor.py:830} INFO - Processing file /opt/airflow/dags/kafka_stream.py for tasks to queue
[2025-01-20T07:34:12.751+0000] {logging_mixin.py:188} INFO - [2025-01-20T07:34:12.750+0000] {dagbag.py:545} INFO - Filling up the DagBag from /opt/airflow/dags/kafka_stream.py
[2025-01-20T07:34:13.030+0000] {processor.py:840} INFO - DAG(s) 'user_automation' retrieved from /opt/airflow/dags/kafka_stream.py
[2025-01-20T07:34:17.971+0000] {logging_mixin.py:188} INFO - [2025-01-20T07:34:17.970+0000] {dag.py:3089} INFO - Sync 1 DAGs
[2025-01-20T07:34:18.141+0000] {logging_mixin.py:188} INFO - [2025-01-20T07:34:18.140+0000] {dag.py:3947} INFO - Setting next_dagrun for user_automation to 2025-01-19 00:00:00+00:00, run_after=2025-01-20 00:00:00+00:00
[2025-01-20T07:34:19.061+0000] {processor.py:183} INFO - Processing /opt/airflow/dags/kafka_stream.py took 6.468 seconds
[2025-01-20T07:34:50.496+0000] {processor.py:161} INFO - Started process (PID=808) to work on /opt/airflow/dags/kafka_stream.py
[2025-01-20T07:34:50.499+0000] {processor.py:830} INFO - Processing file /opt/airflow/dags/kafka_stream.py for tasks to queue
[2025-01-20T07:34:50.504+0000] {logging_mixin.py:188} INFO - [2025-01-20T07:34:50.502+0000] {dagbag.py:545} INFO - Filling up the DagBag from /opt/airflow/dags/kafka_stream.py
[2025-01-20T07:34:50.546+0000] {processor.py:840} INFO - DAG(s) 'user_automation' retrieved from /opt/airflow/dags/kafka_stream.py
[2025-01-20T07:34:50.633+0000] {logging_mixin.py:188} INFO - [2025-01-20T07:34:50.631+0000] {dag.py:3089} INFO - Sync 1 DAGs
[2025-01-20T07:34:51.256+0000] {logging_mixin.py:188} INFO - [2025-01-20T07:34:51.255+0000] {dag.py:3947} INFO - Setting next_dagrun for user_automation to 2025-01-19 00:00:00+00:00, run_after=2025-01-20 00:00:00+00:00
[2025-01-20T07:34:51.482+0000] {processor.py:183} INFO - Processing /opt/airflow/dags/kafka_stream.py took 1.012 seconds
[2025-01-20T07:35:21.991+0000] {processor.py:161} INFO - Started process (PID=820) to work on /opt/airflow/dags/kafka_stream.py
[2025-01-20T07:35:21.994+0000] {processor.py:830} INFO - Processing file /opt/airflow/dags/kafka_stream.py for tasks to queue
[2025-01-20T07:35:21.998+0000] {logging_mixin.py:188} INFO - [2025-01-20T07:35:21.996+0000] {dagbag.py:545} INFO - Filling up the DagBag from /opt/airflow/dags/kafka_stream.py
[2025-01-20T07:35:22.143+0000] {processor.py:840} INFO - DAG(s) 'user_automation' retrieved from /opt/airflow/dags/kafka_stream.py
[2025-01-20T07:35:22.237+0000] {logging_mixin.py:188} INFO - [2025-01-20T07:35:22.236+0000] {dag.py:3089} INFO - Sync 1 DAGs
[2025-01-20T07:35:22.277+0000] {logging_mixin.py:188} INFO - [2025-01-20T07:35:22.277+0000] {dag.py:3947} INFO - Setting next_dagrun for user_automation to 2025-01-19 00:00:00+00:00, run_after=2025-01-20 00:00:00+00:00
[2025-01-20T07:35:22.521+0000] {processor.py:183} INFO - Processing /opt/airflow/dags/kafka_stream.py took 0.548 seconds
[2025-01-20T07:35:54.262+0000] {processor.py:161} INFO - Started process (PID=831) to work on /opt/airflow/dags/kafka_stream.py
[2025-01-20T07:35:54.266+0000] {processor.py:830} INFO - Processing file /opt/airflow/dags/kafka_stream.py for tasks to queue
[2025-01-20T07:35:54.271+0000] {logging_mixin.py:188} INFO - [2025-01-20T07:35:54.269+0000] {dagbag.py:545} INFO - Filling up the DagBag from /opt/airflow/dags/kafka_stream.py
[2025-01-20T07:35:54.455+0000] {processor.py:840} INFO - DAG(s) 'user_automation' retrieved from /opt/airflow/dags/kafka_stream.py
[2025-01-20T07:35:54.949+0000] {logging_mixin.py:188} INFO - [2025-01-20T07:35:54.948+0000] {dag.py:3089} INFO - Sync 1 DAGs
[2025-01-20T07:35:55.006+0000] {logging_mixin.py:188} INFO - [2025-01-20T07:35:55.006+0000] {dag.py:3947} INFO - Setting next_dagrun for user_automation to 2025-01-19 00:00:00+00:00, run_after=2025-01-20 00:00:00+00:00
[2025-01-20T07:35:55.199+0000] {processor.py:183} INFO - Processing /opt/airflow/dags/kafka_stream.py took 0.960 seconds
[2025-01-20T07:36:26.559+0000] {processor.py:161} INFO - Started process (PID=842) to work on /opt/airflow/dags/kafka_stream.py
[2025-01-20T07:36:26.562+0000] {processor.py:830} INFO - Processing file /opt/airflow/dags/kafka_stream.py for tasks to queue
[2025-01-20T07:36:26.566+0000] {logging_mixin.py:188} INFO - [2025-01-20T07:36:26.565+0000] {dagbag.py:545} INFO - Filling up the DagBag from /opt/airflow/dags/kafka_stream.py
[2025-01-20T07:36:26.721+0000] {processor.py:840} INFO - DAG(s) 'user_automation' retrieved from /opt/airflow/dags/kafka_stream.py
[2025-01-20T07:36:26.816+0000] {logging_mixin.py:188} INFO - [2025-01-20T07:36:26.815+0000] {dag.py:3089} INFO - Sync 1 DAGs
[2025-01-20T07:36:26.872+0000] {logging_mixin.py:188} INFO - [2025-01-20T07:36:26.871+0000] {dag.py:3947} INFO - Setting next_dagrun for user_automation to 2025-01-19 00:00:00+00:00, run_after=2025-01-20 00:00:00+00:00
[2025-01-20T07:36:26.924+0000] {processor.py:183} INFO - Processing /opt/airflow/dags/kafka_stream.py took 0.380 seconds
[2025-01-20T07:36:57.337+0000] {processor.py:161} INFO - Started process (PID=853) to work on /opt/airflow/dags/kafka_stream.py
[2025-01-20T07:36:57.342+0000] {processor.py:830} INFO - Processing file /opt/airflow/dags/kafka_stream.py for tasks to queue
[2025-01-20T07:36:57.347+0000] {logging_mixin.py:188} INFO - [2025-01-20T07:36:57.346+0000] {dagbag.py:545} INFO - Filling up the DagBag from /opt/airflow/dags/kafka_stream.py
[2025-01-20T07:36:57.443+0000] {processor.py:840} INFO - DAG(s) 'user_automation' retrieved from /opt/airflow/dags/kafka_stream.py
[2025-01-20T07:36:57.538+0000] {logging_mixin.py:188} INFO - [2025-01-20T07:36:57.537+0000] {dag.py:3089} INFO - Sync 1 DAGs
[2025-01-20T07:36:57.603+0000] {logging_mixin.py:188} INFO - [2025-01-20T07:36:57.602+0000] {dag.py:3947} INFO - Setting next_dagrun for user_automation to 2025-01-19 00:00:00+00:00, run_after=2025-01-20 00:00:00+00:00
[2025-01-20T07:36:57.666+0000] {processor.py:183} INFO - Processing /opt/airflow/dags/kafka_stream.py took 0.354 seconds
[2025-01-20T07:37:28.544+0000] {processor.py:161} INFO - Started process (PID=864) to work on /opt/airflow/dags/kafka_stream.py
[2025-01-20T07:37:28.546+0000] {processor.py:830} INFO - Processing file /opt/airflow/dags/kafka_stream.py for tasks to queue
[2025-01-20T07:37:28.549+0000] {logging_mixin.py:188} INFO - [2025-01-20T07:37:28.548+0000] {dagbag.py:545} INFO - Filling up the DagBag from /opt/airflow/dags/kafka_stream.py
[2025-01-20T07:37:28.898+0000] {processor.py:840} INFO - DAG(s) 'user_automation' retrieved from /opt/airflow/dags/kafka_stream.py
[2025-01-20T07:37:29.022+0000] {logging_mixin.py:188} INFO - [2025-01-20T07:37:29.021+0000] {dag.py:3089} INFO - Sync 1 DAGs
[2025-01-20T07:37:29.133+0000] {logging_mixin.py:188} INFO - [2025-01-20T07:37:29.133+0000] {dag.py:3947} INFO - Setting next_dagrun for user_automation to 2025-01-19 00:00:00+00:00, run_after=2025-01-20 00:00:00+00:00
[2025-01-20T07:37:29.204+0000] {processor.py:183} INFO - Processing /opt/airflow/dags/kafka_stream.py took 0.671 seconds
[2025-01-20T07:37:59.977+0000] {processor.py:161} INFO - Started process (PID=875) to work on /opt/airflow/dags/kafka_stream.py
[2025-01-20T07:37:59.980+0000] {processor.py:830} INFO - Processing file /opt/airflow/dags/kafka_stream.py for tasks to queue
[2025-01-20T07:37:59.984+0000] {logging_mixin.py:188} INFO - [2025-01-20T07:37:59.983+0000] {dagbag.py:545} INFO - Filling up the DagBag from /opt/airflow/dags/kafka_stream.py
[2025-01-20T07:38:00.055+0000] {processor.py:840} INFO - DAG(s) 'user_automation' retrieved from /opt/airflow/dags/kafka_stream.py
[2025-01-20T07:38:00.131+0000] {logging_mixin.py:188} INFO - [2025-01-20T07:38:00.130+0000] {dag.py:3089} INFO - Sync 1 DAGs
[2025-01-20T07:38:00.211+0000] {logging_mixin.py:188} INFO - [2025-01-20T07:38:00.210+0000] {dag.py:3947} INFO - Setting next_dagrun for user_automation to 2025-01-19 00:00:00+00:00, run_after=2025-01-20 00:00:00+00:00
[2025-01-20T07:38:00.305+0000] {processor.py:183} INFO - Processing /opt/airflow/dags/kafka_stream.py took 0.348 seconds
[2025-01-20T07:38:30.918+0000] {processor.py:161} INFO - Started process (PID=886) to work on /opt/airflow/dags/kafka_stream.py
[2025-01-20T07:38:30.921+0000] {processor.py:830} INFO - Processing file /opt/airflow/dags/kafka_stream.py for tasks to queue
[2025-01-20T07:38:30.926+0000] {logging_mixin.py:188} INFO - [2025-01-20T07:38:30.923+0000] {dagbag.py:545} INFO - Filling up the DagBag from /opt/airflow/dags/kafka_stream.py
[2025-01-20T07:38:31.002+0000] {processor.py:840} INFO - DAG(s) 'user_automation' retrieved from /opt/airflow/dags/kafka_stream.py
[2025-01-20T07:38:31.162+0000] {logging_mixin.py:188} INFO - [2025-01-20T07:38:31.161+0000] {dag.py:3089} INFO - Sync 1 DAGs
[2025-01-20T07:38:31.329+0000] {logging_mixin.py:188} INFO - [2025-01-20T07:38:31.327+0000] {dag.py:3947} INFO - Setting next_dagrun for user_automation to 2025-01-19 00:00:00+00:00, run_after=2025-01-20 00:00:00+00:00
[2025-01-20T07:38:31.398+0000] {processor.py:183} INFO - Processing /opt/airflow/dags/kafka_stream.py took 0.495 seconds
[2025-01-20T07:39:02.006+0000] {processor.py:161} INFO - Started process (PID=897) to work on /opt/airflow/dags/kafka_stream.py
[2025-01-20T07:39:02.009+0000] {processor.py:830} INFO - Processing file /opt/airflow/dags/kafka_stream.py for tasks to queue
[2025-01-20T07:39:02.015+0000] {logging_mixin.py:188} INFO - [2025-01-20T07:39:02.013+0000] {dagbag.py:545} INFO - Filling up the DagBag from /opt/airflow/dags/kafka_stream.py
[2025-01-20T07:39:02.105+0000] {processor.py:840} INFO - DAG(s) 'user_automation' retrieved from /opt/airflow/dags/kafka_stream.py
[2025-01-20T07:39:02.221+0000] {logging_mixin.py:188} INFO - [2025-01-20T07:39:02.220+0000] {dag.py:3089} INFO - Sync 1 DAGs
[2025-01-20T07:39:02.291+0000] {logging_mixin.py:188} INFO - [2025-01-20T07:39:02.290+0000] {dag.py:3947} INFO - Setting next_dagrun for user_automation to 2025-01-19 00:00:00+00:00, run_after=2025-01-20 00:00:00+00:00
[2025-01-20T07:39:02.358+0000] {processor.py:183} INFO - Processing /opt/airflow/dags/kafka_stream.py took 0.379 seconds
[2025-01-20T07:39:32.862+0000] {processor.py:161} INFO - Started process (PID=908) to work on /opt/airflow/dags/kafka_stream.py
[2025-01-20T07:39:32.865+0000] {processor.py:830} INFO - Processing file /opt/airflow/dags/kafka_stream.py for tasks to queue
[2025-01-20T07:39:32.867+0000] {logging_mixin.py:188} INFO - [2025-01-20T07:39:32.867+0000] {dagbag.py:545} INFO - Filling up the DagBag from /opt/airflow/dags/kafka_stream.py
[2025-01-20T07:39:32.915+0000] {processor.py:840} INFO - DAG(s) 'user_automation' retrieved from /opt/airflow/dags/kafka_stream.py
[2025-01-20T07:39:33.151+0000] {logging_mixin.py:188} INFO - [2025-01-20T07:39:33.150+0000] {dag.py:3089} INFO - Sync 1 DAGs
[2025-01-20T07:39:33.198+0000] {logging_mixin.py:188} INFO - [2025-01-20T07:39:33.197+0000] {dag.py:3947} INFO - Setting next_dagrun for user_automation to 2025-01-19 00:00:00+00:00, run_after=2025-01-20 00:00:00+00:00
[2025-01-20T07:39:33.244+0000] {processor.py:183} INFO - Processing /opt/airflow/dags/kafka_stream.py took 0.392 seconds
[2025-01-20T07:40:04.103+0000] {processor.py:161} INFO - Started process (PID=920) to work on /opt/airflow/dags/kafka_stream.py
[2025-01-20T07:40:04.105+0000] {processor.py:830} INFO - Processing file /opt/airflow/dags/kafka_stream.py for tasks to queue
[2025-01-20T07:40:04.109+0000] {logging_mixin.py:188} INFO - [2025-01-20T07:40:04.108+0000] {dagbag.py:545} INFO - Filling up the DagBag from /opt/airflow/dags/kafka_stream.py
[2025-01-20T07:40:04.164+0000] {processor.py:840} INFO - DAG(s) 'user_automation' retrieved from /opt/airflow/dags/kafka_stream.py
[2025-01-20T07:40:04.282+0000] {logging_mixin.py:188} INFO - [2025-01-20T07:40:04.281+0000] {dag.py:3089} INFO - Sync 1 DAGs
[2025-01-20T07:40:04.345+0000] {logging_mixin.py:188} INFO - [2025-01-20T07:40:04.344+0000] {dag.py:3947} INFO - Setting next_dagrun for user_automation to 2025-01-19 00:00:00+00:00, run_after=2025-01-20 00:00:00+00:00
[2025-01-20T07:40:04.407+0000] {processor.py:183} INFO - Processing /opt/airflow/dags/kafka_stream.py took 0.318 seconds
[2025-01-20T07:40:34.690+0000] {processor.py:161} INFO - Started process (PID=931) to work on /opt/airflow/dags/kafka_stream.py
[2025-01-20T07:40:34.694+0000] {processor.py:830} INFO - Processing file /opt/airflow/dags/kafka_stream.py for tasks to queue
[2025-01-20T07:40:34.697+0000] {logging_mixin.py:188} INFO - [2025-01-20T07:40:34.696+0000] {dagbag.py:545} INFO - Filling up the DagBag from /opt/airflow/dags/kafka_stream.py
[2025-01-20T07:40:34.756+0000] {processor.py:840} INFO - DAG(s) 'user_automation' retrieved from /opt/airflow/dags/kafka_stream.py
[2025-01-20T07:40:34.823+0000] {logging_mixin.py:188} INFO - [2025-01-20T07:40:34.823+0000] {dag.py:3089} INFO - Sync 1 DAGs
[2025-01-20T07:40:34.882+0000] {logging_mixin.py:188} INFO - [2025-01-20T07:40:34.881+0000] {dag.py:3947} INFO - Setting next_dagrun for user_automation to 2025-01-19 00:00:00+00:00, run_after=2025-01-20 00:00:00+00:00
[2025-01-20T07:40:35.037+0000] {processor.py:183} INFO - Processing /opt/airflow/dags/kafka_stream.py took 0.362 seconds
[2025-01-20T07:41:05.323+0000] {processor.py:161} INFO - Started process (PID=942) to work on /opt/airflow/dags/kafka_stream.py
[2025-01-20T07:41:05.325+0000] {processor.py:830} INFO - Processing file /opt/airflow/dags/kafka_stream.py for tasks to queue
[2025-01-20T07:41:05.328+0000] {logging_mixin.py:188} INFO - [2025-01-20T07:41:05.327+0000] {dagbag.py:545} INFO - Filling up the DagBag from /opt/airflow/dags/kafka_stream.py
[2025-01-20T07:41:05.450+0000] {processor.py:840} INFO - DAG(s) 'user_automation' retrieved from /opt/airflow/dags/kafka_stream.py
[2025-01-20T07:41:05.622+0000] {logging_mixin.py:188} INFO - [2025-01-20T07:41:05.621+0000] {dag.py:3089} INFO - Sync 1 DAGs
[2025-01-20T07:41:05.697+0000] {logging_mixin.py:188} INFO - [2025-01-20T07:41:05.696+0000] {dag.py:3947} INFO - Setting next_dagrun for user_automation to 2025-01-19 00:00:00+00:00, run_after=2025-01-20 00:00:00+00:00
[2025-01-20T07:41:05.767+0000] {processor.py:183} INFO - Processing /opt/airflow/dags/kafka_stream.py took 0.456 seconds
[2025-01-20T07:41:36.480+0000] {processor.py:161} INFO - Started process (PID=953) to work on /opt/airflow/dags/kafka_stream.py
[2025-01-20T07:41:36.482+0000] {processor.py:830} INFO - Processing file /opt/airflow/dags/kafka_stream.py for tasks to queue
[2025-01-20T07:41:36.485+0000] {logging_mixin.py:188} INFO - [2025-01-20T07:41:36.484+0000] {dagbag.py:545} INFO - Filling up the DagBag from /opt/airflow/dags/kafka_stream.py
[2025-01-20T07:41:36.549+0000] {processor.py:840} INFO - DAG(s) 'user_automation' retrieved from /opt/airflow/dags/kafka_stream.py
[2025-01-20T07:41:36.648+0000] {logging_mixin.py:188} INFO - [2025-01-20T07:41:36.643+0000] {dag.py:3089} INFO - Sync 1 DAGs
[2025-01-20T07:41:36.780+0000] {logging_mixin.py:188} INFO - [2025-01-20T07:41:36.779+0000] {dag.py:3947} INFO - Setting next_dagrun for user_automation to 2025-01-19 00:00:00+00:00, run_after=2025-01-20 00:00:00+00:00
[2025-01-20T07:41:36.883+0000] {processor.py:183} INFO - Processing /opt/airflow/dags/kafka_stream.py took 0.414 seconds
[2025-01-20T07:42:07.651+0000] {processor.py:161} INFO - Started process (PID=965) to work on /opt/airflow/dags/kafka_stream.py
[2025-01-20T07:42:07.654+0000] {processor.py:830} INFO - Processing file /opt/airflow/dags/kafka_stream.py for tasks to queue
[2025-01-20T07:42:07.658+0000] {logging_mixin.py:188} INFO - [2025-01-20T07:42:07.657+0000] {dagbag.py:545} INFO - Filling up the DagBag from /opt/airflow/dags/kafka_stream.py
[2025-01-20T07:42:07.714+0000] {processor.py:840} INFO - DAG(s) 'user_automation' retrieved from /opt/airflow/dags/kafka_stream.py
[2025-01-20T07:42:07.926+0000] {logging_mixin.py:188} INFO - [2025-01-20T07:42:07.925+0000] {dag.py:3089} INFO - Sync 1 DAGs
[2025-01-20T07:42:07.975+0000] {logging_mixin.py:188} INFO - [2025-01-20T07:42:07.974+0000] {dag.py:3947} INFO - Setting next_dagrun for user_automation to 2025-01-19 00:00:00+00:00, run_after=2025-01-20 00:00:00+00:00
[2025-01-20T07:42:08.026+0000] {processor.py:183} INFO - Processing /opt/airflow/dags/kafka_stream.py took 0.389 seconds
[2025-01-20T07:42:38.259+0000] {processor.py:161} INFO - Started process (PID=977) to work on /opt/airflow/dags/kafka_stream.py
[2025-01-20T07:42:38.262+0000] {processor.py:830} INFO - Processing file /opt/airflow/dags/kafka_stream.py for tasks to queue
[2025-01-20T07:42:38.266+0000] {logging_mixin.py:188} INFO - [2025-01-20T07:42:38.264+0000] {dagbag.py:545} INFO - Filling up the DagBag from /opt/airflow/dags/kafka_stream.py
[2025-01-20T07:42:38.343+0000] {processor.py:840} INFO - DAG(s) 'user_automation' retrieved from /opt/airflow/dags/kafka_stream.py
[2025-01-20T07:42:38.478+0000] {logging_mixin.py:188} INFO - [2025-01-20T07:42:38.477+0000] {dag.py:3089} INFO - Sync 1 DAGs
[2025-01-20T07:42:38.556+0000] {logging_mixin.py:188} INFO - [2025-01-20T07:42:38.556+0000] {dag.py:3947} INFO - Setting next_dagrun for user_automation to 2025-01-19 00:00:00+00:00, run_after=2025-01-20 00:00:00+00:00
[2025-01-20T07:42:38.659+0000] {processor.py:183} INFO - Processing /opt/airflow/dags/kafka_stream.py took 0.416 seconds
[2025-01-20T07:43:08.990+0000] {processor.py:161} INFO - Started process (PID=988) to work on /opt/airflow/dags/kafka_stream.py
[2025-01-20T07:43:08.993+0000] {processor.py:830} INFO - Processing file /opt/airflow/dags/kafka_stream.py for tasks to queue
[2025-01-20T07:43:08.997+0000] {logging_mixin.py:188} INFO - [2025-01-20T07:43:08.996+0000] {dagbag.py:545} INFO - Filling up the DagBag from /opt/airflow/dags/kafka_stream.py
[2025-01-20T07:43:09.067+0000] {processor.py:840} INFO - DAG(s) 'user_automation' retrieved from /opt/airflow/dags/kafka_stream.py
[2025-01-20T07:43:09.180+0000] {logging_mixin.py:188} INFO - [2025-01-20T07:43:09.180+0000] {dag.py:3089} INFO - Sync 1 DAGs
[2025-01-20T07:43:09.256+0000] {logging_mixin.py:188} INFO - [2025-01-20T07:43:09.255+0000] {dag.py:3947} INFO - Setting next_dagrun for user_automation to 2025-01-19 00:00:00+00:00, run_after=2025-01-20 00:00:00+00:00
[2025-01-20T07:43:09.364+0000] {processor.py:183} INFO - Processing /opt/airflow/dags/kafka_stream.py took 0.386 seconds
[2025-01-20T07:43:40.848+0000] {processor.py:161} INFO - Started process (PID=999) to work on /opt/airflow/dags/kafka_stream.py
[2025-01-20T07:43:40.924+0000] {processor.py:830} INFO - Processing file /opt/airflow/dags/kafka_stream.py for tasks to queue
[2025-01-20T07:43:41.044+0000] {logging_mixin.py:188} INFO - [2025-01-20T07:43:41.042+0000] {dagbag.py:545} INFO - Filling up the DagBag from /opt/airflow/dags/kafka_stream.py
[2025-01-20T07:43:41.975+0000] {processor.py:840} INFO - DAG(s) 'user_automation' retrieved from /opt/airflow/dags/kafka_stream.py
[2025-01-20T07:43:42.055+0000] {logging_mixin.py:188} INFO - [2025-01-20T07:43:42.054+0000] {dag.py:3089} INFO - Sync 1 DAGs
[2025-01-20T07:43:42.125+0000] {logging_mixin.py:188} INFO - [2025-01-20T07:43:42.124+0000] {dag.py:3947} INFO - Setting next_dagrun for user_automation to 2025-01-19 00:00:00+00:00, run_after=2025-01-20 00:00:00+00:00
[2025-01-20T07:43:42.244+0000] {processor.py:183} INFO - Processing /opt/airflow/dags/kafka_stream.py took 1.434 seconds
[2025-01-20T07:44:12.409+0000] {processor.py:161} INFO - Started process (PID=1009) to work on /opt/airflow/dags/kafka_stream.py
[2025-01-20T07:44:12.412+0000] {processor.py:830} INFO - Processing file /opt/airflow/dags/kafka_stream.py for tasks to queue
[2025-01-20T07:44:12.415+0000] {logging_mixin.py:188} INFO - [2025-01-20T07:44:12.414+0000] {dagbag.py:545} INFO - Filling up the DagBag from /opt/airflow/dags/kafka_stream.py
[2025-01-20T07:44:12.463+0000] {processor.py:840} INFO - DAG(s) 'user_automation' retrieved from /opt/airflow/dags/kafka_stream.py
[2025-01-20T07:44:12.521+0000] {logging_mixin.py:188} INFO - [2025-01-20T07:44:12.520+0000] {dag.py:3089} INFO - Sync 1 DAGs
[2025-01-20T07:44:12.584+0000] {logging_mixin.py:188} INFO - [2025-01-20T07:44:12.583+0000] {dag.py:3947} INFO - Setting next_dagrun for user_automation to 2025-01-19 00:00:00+00:00, run_after=2025-01-20 00:00:00+00:00
[2025-01-20T07:44:12.641+0000] {processor.py:183} INFO - Processing /opt/airflow/dags/kafka_stream.py took 0.247 seconds
[2025-01-20T07:44:43.062+0000] {processor.py:161} INFO - Started process (PID=1020) to work on /opt/airflow/dags/kafka_stream.py
[2025-01-20T07:44:43.065+0000] {processor.py:830} INFO - Processing file /opt/airflow/dags/kafka_stream.py for tasks to queue
[2025-01-20T07:44:43.070+0000] {logging_mixin.py:188} INFO - [2025-01-20T07:44:43.068+0000] {dagbag.py:545} INFO - Filling up the DagBag from /opt/airflow/dags/kafka_stream.py
[2025-01-20T07:44:43.136+0000] {processor.py:840} INFO - DAG(s) 'user_automation' retrieved from /opt/airflow/dags/kafka_stream.py
[2025-01-20T07:44:43.227+0000] {logging_mixin.py:188} INFO - [2025-01-20T07:44:43.226+0000] {dag.py:3089} INFO - Sync 1 DAGs
[2025-01-20T07:44:43.304+0000] {logging_mixin.py:188} INFO - [2025-01-20T07:44:43.302+0000] {dag.py:3947} INFO - Setting next_dagrun for user_automation to 2025-01-19 00:00:00+00:00, run_after=2025-01-20 00:00:00+00:00
[2025-01-20T07:44:43.425+0000] {processor.py:183} INFO - Processing /opt/airflow/dags/kafka_stream.py took 0.380 seconds
[2025-01-20T07:45:13.638+0000] {processor.py:161} INFO - Started process (PID=1032) to work on /opt/airflow/dags/kafka_stream.py
[2025-01-20T07:45:13.641+0000] {processor.py:830} INFO - Processing file /opt/airflow/dags/kafka_stream.py for tasks to queue
[2025-01-20T07:45:13.646+0000] {logging_mixin.py:188} INFO - [2025-01-20T07:45:13.644+0000] {dagbag.py:545} INFO - Filling up the DagBag from /opt/airflow/dags/kafka_stream.py
[2025-01-20T07:45:13.727+0000] {processor.py:840} INFO - DAG(s) 'user_automation' retrieved from /opt/airflow/dags/kafka_stream.py
[2025-01-20T07:45:14.714+0000] {logging_mixin.py:188} INFO - [2025-01-20T07:45:14.713+0000] {dag.py:3089} INFO - Sync 1 DAGs
[2025-01-20T07:45:16.040+0000] {logging_mixin.py:188} INFO - [2025-01-20T07:45:16.040+0000] {dag.py:3947} INFO - Setting next_dagrun for user_automation to 2025-01-19 00:00:00+00:00, run_after=2025-01-20 00:00:00+00:00
[2025-01-20T07:45:18.107+0000] {processor.py:183} INFO - Processing /opt/airflow/dags/kafka_stream.py took 4.489 seconds
[2025-01-20T07:45:48.677+0000] {processor.py:161} INFO - Started process (PID=1043) to work on /opt/airflow/dags/kafka_stream.py
[2025-01-20T07:45:48.679+0000] {processor.py:830} INFO - Processing file /opt/airflow/dags/kafka_stream.py for tasks to queue
[2025-01-20T07:45:48.682+0000] {logging_mixin.py:188} INFO - [2025-01-20T07:45:48.681+0000] {dagbag.py:545} INFO - Filling up the DagBag from /opt/airflow/dags/kafka_stream.py
[2025-01-20T07:45:48.732+0000] {processor.py:840} INFO - DAG(s) 'user_automation' retrieved from /opt/airflow/dags/kafka_stream.py
[2025-01-20T07:45:48.804+0000] {logging_mixin.py:188} INFO - [2025-01-20T07:45:48.804+0000] {dag.py:3089} INFO - Sync 1 DAGs
[2025-01-20T07:45:48.886+0000] {logging_mixin.py:188} INFO - [2025-01-20T07:45:48.885+0000] {dag.py:3947} INFO - Setting next_dagrun for user_automation to 2025-01-19 00:00:00+00:00, run_after=2025-01-20 00:00:00+00:00
[2025-01-20T07:45:49.037+0000] {processor.py:183} INFO - Processing /opt/airflow/dags/kafka_stream.py took 0.371 seconds
[2025-01-20T07:46:20.014+0000] {processor.py:161} INFO - Started process (PID=1053) to work on /opt/airflow/dags/kafka_stream.py
[2025-01-20T07:46:20.017+0000] {processor.py:830} INFO - Processing file /opt/airflow/dags/kafka_stream.py for tasks to queue
[2025-01-20T07:46:20.020+0000] {logging_mixin.py:188} INFO - [2025-01-20T07:46:20.019+0000] {dagbag.py:545} INFO - Filling up the DagBag from /opt/airflow/dags/kafka_stream.py
[2025-01-20T07:46:20.104+0000] {processor.py:840} INFO - DAG(s) 'user_automation' retrieved from /opt/airflow/dags/kafka_stream.py
[2025-01-20T07:46:20.202+0000] {logging_mixin.py:188} INFO - [2025-01-20T07:46:20.201+0000] {dag.py:3089} INFO - Sync 1 DAGs
[2025-01-20T07:46:20.261+0000] {logging_mixin.py:188} INFO - [2025-01-20T07:46:20.260+0000] {dag.py:3947} INFO - Setting next_dagrun for user_automation to 2025-01-19 00:00:00+00:00, run_after=2025-01-20 00:00:00+00:00
[2025-01-20T07:46:20.305+0000] {processor.py:183} INFO - Processing /opt/airflow/dags/kafka_stream.py took 0.308 seconds
[2025-01-20T07:46:51.852+0000] {processor.py:161} INFO - Started process (PID=1063) to work on /opt/airflow/dags/kafka_stream.py
[2025-01-20T07:46:51.856+0000] {processor.py:830} INFO - Processing file /opt/airflow/dags/kafka_stream.py for tasks to queue
[2025-01-20T07:46:51.861+0000] {logging_mixin.py:188} INFO - [2025-01-20T07:46:51.859+0000] {dagbag.py:545} INFO - Filling up the DagBag from /opt/airflow/dags/kafka_stream.py
[2025-01-20T07:46:51.926+0000] {processor.py:840} INFO - DAG(s) 'user_automation' retrieved from /opt/airflow/dags/kafka_stream.py
[2025-01-20T07:46:52.013+0000] {logging_mixin.py:188} INFO - [2025-01-20T07:46:52.012+0000] {dag.py:3089} INFO - Sync 1 DAGs
[2025-01-20T07:46:52.097+0000] {logging_mixin.py:188} INFO - [2025-01-20T07:46:52.096+0000] {dag.py:3947} INFO - Setting next_dagrun for user_automation to 2025-01-19 00:00:00+00:00, run_after=2025-01-20 00:00:00+00:00
[2025-01-20T07:46:52.145+0000] {processor.py:183} INFO - Processing /opt/airflow/dags/kafka_stream.py took 0.305 seconds
[2025-01-20T07:47:24.002+0000] {processor.py:161} INFO - Started process (PID=1075) to work on /opt/airflow/dags/kafka_stream.py
[2025-01-20T07:47:24.005+0000] {processor.py:830} INFO - Processing file /opt/airflow/dags/kafka_stream.py for tasks to queue
[2025-01-20T07:47:24.008+0000] {logging_mixin.py:188} INFO - [2025-01-20T07:47:24.007+0000] {dagbag.py:545} INFO - Filling up the DagBag from /opt/airflow/dags/kafka_stream.py
[2025-01-20T07:47:24.061+0000] {processor.py:840} INFO - DAG(s) 'user_automation' retrieved from /opt/airflow/dags/kafka_stream.py
[2025-01-20T07:47:24.517+0000] {logging_mixin.py:188} INFO - [2025-01-20T07:47:24.517+0000] {dag.py:3089} INFO - Sync 1 DAGs
[2025-01-20T07:47:24.954+0000] {logging_mixin.py:188} INFO - [2025-01-20T07:47:24.953+0000] {dag.py:3947} INFO - Setting next_dagrun for user_automation to 2025-01-19 00:00:00+00:00, run_after=2025-01-20 00:00:00+00:00
[2025-01-20T07:47:25.026+0000] {processor.py:183} INFO - Processing /opt/airflow/dags/kafka_stream.py took 1.037 seconds
[2025-01-20T07:51:16.861+0000] {processor.py:161} INFO - Started process (PID=1085) to work on /opt/airflow/dags/kafka_stream.py
[2025-01-20T07:51:16.872+0000] {processor.py:830} INFO - Processing file /opt/airflow/dags/kafka_stream.py for tasks to queue
[2025-01-20T07:51:16.885+0000] {logging_mixin.py:188} INFO - [2025-01-20T07:51:16.881+0000] {dagbag.py:545} INFO - Filling up the DagBag from /opt/airflow/dags/kafka_stream.py
[2025-01-20T07:51:22.333+0000] {processor.py:840} INFO - DAG(s) 'user_automation' retrieved from /opt/airflow/dags/kafka_stream.py
[2025-01-20T07:51:22.457+0000] {logging_mixin.py:188} INFO - [2025-01-20T07:51:22.457+0000] {dag.py:3089} INFO - Sync 1 DAGs
[2025-01-20T07:51:22.853+0000] {logging_mixin.py:188} INFO - [2025-01-20T07:51:22.852+0000] {dag.py:3947} INFO - Setting next_dagrun for user_automation to 2025-01-19 00:00:00+00:00, run_after=2025-01-20 00:00:00+00:00
[2025-01-20T07:51:23.878+0000] {processor.py:183} INFO - Processing /opt/airflow/dags/kafka_stream.py took 7.055 seconds
[2025-01-20T07:52:00.192+0000] {processor.py:161} INFO - Started process (PID=1095) to work on /opt/airflow/dags/kafka_stream.py
[2025-01-20T07:52:00.385+0000] {processor.py:830} INFO - Processing file /opt/airflow/dags/kafka_stream.py for tasks to queue
[2025-01-20T07:52:00.633+0000] {logging_mixin.py:188} INFO - [2025-01-20T07:52:00.631+0000] {dagbag.py:545} INFO - Filling up the DagBag from /opt/airflow/dags/kafka_stream.py
[2025-01-20T07:52:21.545+0000] {processor.py:840} INFO - DAG(s) 'user_automation' retrieved from /opt/airflow/dags/kafka_stream.py
[2025-01-20T07:52:33.866+0000] {logging_mixin.py:188} INFO - [2025-01-20T07:52:33.865+0000] {dag.py:3089} INFO - Sync 1 DAGs
[2025-01-20T07:52:34.406+0000] {logging_mixin.py:188} INFO - [2025-01-20T07:52:34.405+0000] {dag.py:3947} INFO - Setting next_dagrun for user_automation to 2025-01-19 00:00:00+00:00, run_after=2025-01-20 00:00:00+00:00
[2025-01-20T07:52:36.628+0000] {processor.py:183} INFO - Processing /opt/airflow/dags/kafka_stream.py took 37.149 seconds
[2025-01-20T07:53:12.974+0000] {processor.py:161} INFO - Started process (PID=1113) to work on /opt/airflow/dags/kafka_stream.py
[2025-01-20T07:53:13.116+0000] {processor.py:830} INFO - Processing file /opt/airflow/dags/kafka_stream.py for tasks to queue
[2025-01-20T07:53:13.141+0000] {logging_mixin.py:188} INFO - [2025-01-20T07:53:13.139+0000] {dagbag.py:545} INFO - Filling up the DagBag from /opt/airflow/dags/kafka_stream.py
[2025-01-20T07:53:16.796+0000] {processor.py:840} INFO - DAG(s) 'user_automation' retrieved from /opt/airflow/dags/kafka_stream.py
[2025-01-20T07:53:18.252+0000] {logging_mixin.py:188} INFO - [2025-01-20T07:53:18.251+0000] {dag.py:3089} INFO - Sync 1 DAGs
[2025-01-20T07:53:18.852+0000] {logging_mixin.py:188} INFO - [2025-01-20T07:53:18.850+0000] {dag.py:3947} INFO - Setting next_dagrun for user_automation to 2025-01-19 00:00:00+00:00, run_after=2025-01-20 00:00:00+00:00
[2025-01-20T07:53:19.535+0000] {processor.py:183} INFO - Processing /opt/airflow/dags/kafka_stream.py took 6.916 seconds
[2025-01-20T07:59:18.069+0000] {processor.py:161} INFO - Started process (PID=1139) to work on /opt/airflow/dags/kafka_stream.py
[2025-01-20T07:59:46.389+0000] {processor.py:830} INFO - Processing file /opt/airflow/dags/kafka_stream.py for tasks to queue
[2025-01-20T08:00:02.061+0000] {logging_mixin.py:188} INFO - [2025-01-20T07:59:55.697+0000] {dagbag.py:545} INFO - Filling up the DagBag from /opt/airflow/dags/kafka_stream.py
[2025-01-20T08:01:25.379+0000] {processor.py:161} INFO - Started process (PID=1166) to work on /opt/airflow/dags/kafka_stream.py
[2025-01-20T08:01:26.178+0000] {processor.py:830} INFO - Processing file /opt/airflow/dags/kafka_stream.py for tasks to queue
[2025-01-20T08:01:27.556+0000] {logging_mixin.py:188} INFO - [2025-01-20T08:01:26.991+0000] {dagbag.py:545} INFO - Filling up the DagBag from /opt/airflow/dags/kafka_stream.py
[2025-01-20T08:02:43.525+0000] {processor.py:161} INFO - Started process (PID=1181) to work on /opt/airflow/dags/kafka_stream.py
[2025-01-20T08:02:44.252+0000] {processor.py:830} INFO - Processing file /opt/airflow/dags/kafka_stream.py for tasks to queue
[2025-01-20T08:02:47.155+0000] {logging_mixin.py:188} INFO - [2025-01-20T08:02:45.760+0000] {dagbag.py:545} INFO - Filling up the DagBag from /opt/airflow/dags/kafka_stream.py
[2025-01-20T08:03:53.233+0000] {processor.py:161} INFO - Started process (PID=1190) to work on /opt/airflow/dags/kafka_stream.py
[2025-01-20T08:03:53.428+0000] {processor.py:830} INFO - Processing file /opt/airflow/dags/kafka_stream.py for tasks to queue
[2025-01-20T08:03:54.246+0000] {logging_mixin.py:188} INFO - [2025-01-20T08:03:54.012+0000] {dagbag.py:545} INFO - Filling up the DagBag from /opt/airflow/dags/kafka_stream.py
[2025-01-20T08:05:26.144+0000] {processor.py:161} INFO - Started process (PID=1205) to work on /opt/airflow/dags/kafka_stream.py
[2025-01-20T08:05:27.350+0000] {processor.py:830} INFO - Processing file /opt/airflow/dags/kafka_stream.py for tasks to queue
[2025-01-20T08:05:28.534+0000] {logging_mixin.py:188} INFO - [2025-01-20T08:05:28.530+0000] {dagbag.py:545} INFO - Filling up the DagBag from /opt/airflow/dags/kafka_stream.py
[2025-01-20T08:06:45.574+0000] {processor.py:161} INFO - Started process (PID=1221) to work on /opt/airflow/dags/kafka_stream.py
[2025-01-20T08:06:45.879+0000] {processor.py:830} INFO - Processing file /opt/airflow/dags/kafka_stream.py for tasks to queue
[2025-01-20T08:06:46.520+0000] {logging_mixin.py:188} INFO - [2025-01-20T08:06:46.519+0000] {dagbag.py:545} INFO - Filling up the DagBag from /opt/airflow/dags/kafka_stream.py
[2025-01-20T08:09:10.573+0000] {processor.py:161} INFO - Started process (PID=1244) to work on /opt/airflow/dags/kafka_stream.py
[2025-01-20T08:09:10.579+0000] {processor.py:830} INFO - Processing file /opt/airflow/dags/kafka_stream.py for tasks to queue
[2025-01-20T08:09:10.586+0000] {logging_mixin.py:188} INFO - [2025-01-20T08:09:10.584+0000] {dagbag.py:545} INFO - Filling up the DagBag from /opt/airflow/dags/kafka_stream.py
[2025-01-20T08:09:30.198+0000] {processor.py:840} INFO - DAG(s) 'user_automation' retrieved from /opt/airflow/dags/kafka_stream.py
