[2025-01-18T22:43:02.051+0000] {processor.py:161} INFO - Started process (PID=263) to work on /opt/airflow/dags/kafka_stream.py
[2025-01-18T22:43:02.500+0000] {processor.py:830} INFO - Processing file /opt/airflow/dags/kafka_stream.py for tasks to queue
[2025-01-18T22:43:02.507+0000] {logging_mixin.py:188} INFO - [2025-01-18T22:43:02.505+0000] {dagbag.py:545} INFO - Filling up the DagBag from /opt/airflow/dags/kafka_stream.py
[2025-01-18T22:43:05.026+0000] {processor.py:840} INFO - DAG(s) 'user_automation' retrieved from /opt/airflow/dags/kafka_stream.py
[2025-01-18T22:43:15.231+0000] {logging_mixin.py:188} INFO - [2025-01-18T22:43:15.227+0000] {override.py:1858} INFO - Created Permission View: can edit on DAG:user_automation
[2025-01-18T22:43:15.325+0000] {logging_mixin.py:188} INFO - [2025-01-18T22:43:15.324+0000] {override.py:1858} INFO - Created Permission View: can read on DAG:user_automation
[2025-01-18T22:43:15.361+0000] {logging_mixin.py:188} INFO - [2025-01-18T22:43:15.360+0000] {override.py:1858} INFO - Created Permission View: can delete on DAG:user_automation
[2025-01-18T22:43:15.364+0000] {logging_mixin.py:188} INFO - [2025-01-18T22:43:15.363+0000] {dag.py:3089} INFO - Sync 1 DAGs
[2025-01-18T22:43:15.411+0000] {logging_mixin.py:188} INFO - [2025-01-18T22:43:15.411+0000] {dag.py:3111} INFO - Creating ORM DAG for user_automation
[2025-01-18T22:43:15.498+0000] {logging_mixin.py:188} INFO - [2025-01-18T22:43:15.497+0000] {dag.py:3947} INFO - Setting next_dagrun for user_automation to 2025-01-17 00:00:00+00:00, run_after=2025-01-18 00:00:00+00:00
[2025-01-18T22:43:15.586+0000] {processor.py:183} INFO - Processing /opt/airflow/dags/kafka_stream.py took 13.718 seconds
[2025-01-18T22:43:46.249+0000] {processor.py:161} INFO - Started process (PID=274) to work on /opt/airflow/dags/kafka_stream.py
[2025-01-18T22:43:46.252+0000] {processor.py:830} INFO - Processing file /opt/airflow/dags/kafka_stream.py for tasks to queue
[2025-01-18T22:43:46.258+0000] {logging_mixin.py:188} INFO - [2025-01-18T22:43:46.257+0000] {dagbag.py:545} INFO - Filling up the DagBag from /opt/airflow/dags/kafka_stream.py
[2025-01-18T22:43:46.442+0000] {processor.py:840} INFO - DAG(s) 'user_automation' retrieved from /opt/airflow/dags/kafka_stream.py
[2025-01-18T22:43:46.531+0000] {logging_mixin.py:188} INFO - [2025-01-18T22:43:46.530+0000] {dag.py:3089} INFO - Sync 1 DAGs
[2025-01-18T22:43:46.583+0000] {logging_mixin.py:188} INFO - [2025-01-18T22:43:46.582+0000] {dag.py:3947} INFO - Setting next_dagrun for user_automation to 2025-01-17 00:00:00+00:00, run_after=2025-01-18 00:00:00+00:00
[2025-01-18T22:43:46.717+0000] {processor.py:183} INFO - Processing /opt/airflow/dags/kafka_stream.py took 0.486 seconds
[2025-01-18T22:44:17.116+0000] {processor.py:161} INFO - Started process (PID=285) to work on /opt/airflow/dags/kafka_stream.py
[2025-01-18T22:44:17.120+0000] {processor.py:830} INFO - Processing file /opt/airflow/dags/kafka_stream.py for tasks to queue
[2025-01-18T22:44:17.126+0000] {logging_mixin.py:188} INFO - [2025-01-18T22:44:17.125+0000] {dagbag.py:545} INFO - Filling up the DagBag from /opt/airflow/dags/kafka_stream.py
[2025-01-18T22:44:17.194+0000] {processor.py:840} INFO - DAG(s) 'user_automation' retrieved from /opt/airflow/dags/kafka_stream.py
[2025-01-18T22:44:17.528+0000] {logging_mixin.py:188} INFO - [2025-01-18T22:44:17.528+0000] {dag.py:3089} INFO - Sync 1 DAGs
[2025-01-18T22:44:17.579+0000] {logging_mixin.py:188} INFO - [2025-01-18T22:44:17.578+0000] {dag.py:3947} INFO - Setting next_dagrun for user_automation to 2025-01-17 00:00:00+00:00, run_after=2025-01-18 00:00:00+00:00
[2025-01-18T22:44:17.694+0000] {processor.py:183} INFO - Processing /opt/airflow/dags/kafka_stream.py took 0.596 seconds
[2025-01-18T22:44:51.152+0000] {processor.py:161} INFO - Started process (PID=297) to work on /opt/airflow/dags/kafka_stream.py
[2025-01-18T22:44:51.163+0000] {processor.py:830} INFO - Processing file /opt/airflow/dags/kafka_stream.py for tasks to queue
[2025-01-18T22:44:51.198+0000] {logging_mixin.py:188} INFO - [2025-01-18T22:44:51.197+0000] {dagbag.py:545} INFO - Filling up the DagBag from /opt/airflow/dags/kafka_stream.py
[2025-01-18T22:44:51.291+0000] {processor.py:840} INFO - DAG(s) 'user_automation' retrieved from /opt/airflow/dags/kafka_stream.py
[2025-01-18T22:44:51.410+0000] {logging_mixin.py:188} INFO - [2025-01-18T22:44:51.409+0000] {dag.py:3089} INFO - Sync 1 DAGs
[2025-01-18T22:44:51.500+0000] {logging_mixin.py:188} INFO - [2025-01-18T22:44:51.499+0000] {dag.py:3947} INFO - Setting next_dagrun for user_automation to 2025-01-17 00:00:00+00:00, run_after=2025-01-18 00:00:00+00:00
[2025-01-18T22:44:51.591+0000] {processor.py:183} INFO - Processing /opt/airflow/dags/kafka_stream.py took 0.462 seconds
[2025-01-18T22:45:22.257+0000] {processor.py:161} INFO - Started process (PID=308) to work on /opt/airflow/dags/kafka_stream.py
[2025-01-18T22:45:22.260+0000] {processor.py:830} INFO - Processing file /opt/airflow/dags/kafka_stream.py for tasks to queue
[2025-01-18T22:45:22.268+0000] {logging_mixin.py:188} INFO - [2025-01-18T22:45:22.267+0000] {dagbag.py:545} INFO - Filling up the DagBag from /opt/airflow/dags/kafka_stream.py
[2025-01-18T22:45:22.337+0000] {processor.py:840} INFO - DAG(s) 'user_automation' retrieved from /opt/airflow/dags/kafka_stream.py
[2025-01-18T22:45:22.372+0000] {logging_mixin.py:188} INFO - [2025-01-18T22:45:22.371+0000] {dag.py:3089} INFO - Sync 1 DAGs
[2025-01-18T22:45:22.467+0000] {logging_mixin.py:188} INFO - [2025-01-18T22:45:22.466+0000] {dag.py:3947} INFO - Setting next_dagrun for user_automation to 2025-01-17 00:00:00+00:00, run_after=2025-01-18 00:00:00+00:00
[2025-01-18T22:45:22.552+0000] {processor.py:183} INFO - Processing /opt/airflow/dags/kafka_stream.py took 0.336 seconds
[2025-01-18T22:45:53.701+0000] {processor.py:161} INFO - Started process (PID=318) to work on /opt/airflow/dags/kafka_stream.py
[2025-01-18T22:45:54.008+0000] {processor.py:830} INFO - Processing file /opt/airflow/dags/kafka_stream.py for tasks to queue
[2025-01-18T22:45:54.015+0000] {logging_mixin.py:188} INFO - [2025-01-18T22:45:54.014+0000] {dagbag.py:545} INFO - Filling up the DagBag from /opt/airflow/dags/kafka_stream.py
[2025-01-18T22:47:23.715+0000] {processor.py:161} INFO - Started process (PID=334) to work on /opt/airflow/dags/kafka_stream.py
[2025-01-18T22:47:23.733+0000] {processor.py:830} INFO - Processing file /opt/airflow/dags/kafka_stream.py for tasks to queue
[2025-01-18T22:47:23.745+0000] {logging_mixin.py:188} INFO - [2025-01-18T22:47:23.744+0000] {dagbag.py:545} INFO - Filling up the DagBag from /opt/airflow/dags/kafka_stream.py
[2025-01-18T22:47:24.185+0000] {processor.py:840} INFO - DAG(s) 'user_automation' retrieved from /opt/airflow/dags/kafka_stream.py
[2025-01-18T22:47:29.833+0000] {logging_mixin.py:188} INFO - [2025-01-18T22:47:29.833+0000] {dag.py:3089} INFO - Sync 1 DAGs
[2025-01-18T22:47:29.903+0000] {logging_mixin.py:188} INFO - [2025-01-18T22:47:29.902+0000] {dag.py:3947} INFO - Setting next_dagrun for user_automation to 2025-01-17 00:00:00+00:00, run_after=2025-01-18 00:00:00+00:00
[2025-01-18T22:47:30.706+0000] {processor.py:183} INFO - Processing /opt/airflow/dags/kafka_stream.py took 7.023 seconds
[2025-01-18T22:48:03.366+0000] {processor.py:161} INFO - Started process (PID=345) to work on /opt/airflow/dags/kafka_stream.py
[2025-01-18T22:48:03.541+0000] {processor.py:830} INFO - Processing file /opt/airflow/dags/kafka_stream.py for tasks to queue
[2025-01-18T22:48:03.555+0000] {logging_mixin.py:188} INFO - [2025-01-18T22:48:03.554+0000] {dagbag.py:545} INFO - Filling up the DagBag from /opt/airflow/dags/kafka_stream.py
[2025-01-18T22:48:03.648+0000] {processor.py:840} INFO - DAG(s) 'user_automation' retrieved from /opt/airflow/dags/kafka_stream.py
[2025-01-18T22:48:03.755+0000] {logging_mixin.py:188} INFO - [2025-01-18T22:48:03.755+0000] {dag.py:3089} INFO - Sync 1 DAGs
[2025-01-18T22:48:03.824+0000] {logging_mixin.py:188} INFO - [2025-01-18T22:48:03.820+0000] {dag.py:3947} INFO - Setting next_dagrun for user_automation to 2025-01-17 00:00:00+00:00, run_after=2025-01-18 00:00:00+00:00
[2025-01-18T22:48:04.161+0000] {processor.py:183} INFO - Processing /opt/airflow/dags/kafka_stream.py took 0.959 seconds
[2025-01-18T22:48:36.723+0000] {processor.py:161} INFO - Started process (PID=356) to work on /opt/airflow/dags/kafka_stream.py
[2025-01-18T22:48:36.728+0000] {processor.py:830} INFO - Processing file /opt/airflow/dags/kafka_stream.py for tasks to queue
[2025-01-18T22:48:36.735+0000] {logging_mixin.py:188} INFO - [2025-01-18T22:48:36.733+0000] {dagbag.py:545} INFO - Filling up the DagBag from /opt/airflow/dags/kafka_stream.py
[2025-01-18T22:48:36.814+0000] {processor.py:840} INFO - DAG(s) 'user_automation' retrieved from /opt/airflow/dags/kafka_stream.py
[2025-01-18T22:48:36.890+0000] {logging_mixin.py:188} INFO - [2025-01-18T22:48:36.888+0000] {dag.py:3089} INFO - Sync 1 DAGs
[2025-01-18T22:48:36.940+0000] {logging_mixin.py:188} INFO - [2025-01-18T22:48:36.939+0000] {dag.py:3947} INFO - Setting next_dagrun for user_automation to 2025-01-17 00:00:00+00:00, run_after=2025-01-18 00:00:00+00:00
[2025-01-18T22:48:37.064+0000] {processor.py:183} INFO - Processing /opt/airflow/dags/kafka_stream.py took 0.367 seconds
[2025-01-18T22:49:09.588+0000] {processor.py:161} INFO - Started process (PID=367) to work on /opt/airflow/dags/kafka_stream.py
[2025-01-18T22:49:09.592+0000] {processor.py:830} INFO - Processing file /opt/airflow/dags/kafka_stream.py for tasks to queue
[2025-01-18T22:49:09.600+0000] {logging_mixin.py:188} INFO - [2025-01-18T22:49:09.598+0000] {dagbag.py:545} INFO - Filling up the DagBag from /opt/airflow/dags/kafka_stream.py
[2025-01-18T22:49:09.694+0000] {processor.py:840} INFO - DAG(s) 'user_automation' retrieved from /opt/airflow/dags/kafka_stream.py
[2025-01-18T22:49:09.768+0000] {logging_mixin.py:188} INFO - [2025-01-18T22:49:09.767+0000] {dag.py:3089} INFO - Sync 1 DAGs
[2025-01-18T22:49:09.824+0000] {logging_mixin.py:188} INFO - [2025-01-18T22:49:09.823+0000] {dag.py:3947} INFO - Setting next_dagrun for user_automation to 2025-01-17 00:00:00+00:00, run_after=2025-01-18 00:00:00+00:00
[2025-01-18T22:49:09.886+0000] {processor.py:183} INFO - Processing /opt/airflow/dags/kafka_stream.py took 0.317 seconds
[2025-01-18T22:49:41.440+0000] {processor.py:161} INFO - Started process (PID=379) to work on /opt/airflow/dags/kafka_stream.py
[2025-01-18T22:49:41.444+0000] {processor.py:830} INFO - Processing file /opt/airflow/dags/kafka_stream.py for tasks to queue
[2025-01-18T22:49:41.454+0000] {logging_mixin.py:188} INFO - [2025-01-18T22:49:41.452+0000] {dagbag.py:545} INFO - Filling up the DagBag from /opt/airflow/dags/kafka_stream.py
[2025-01-18T22:49:41.524+0000] {processor.py:840} INFO - DAG(s) 'user_automation' retrieved from /opt/airflow/dags/kafka_stream.py
[2025-01-18T22:49:42.074+0000] {logging_mixin.py:188} INFO - [2025-01-18T22:49:42.073+0000] {dag.py:3089} INFO - Sync 1 DAGs
[2025-01-18T22:49:42.124+0000] {logging_mixin.py:188} INFO - [2025-01-18T22:49:42.124+0000] {dag.py:3947} INFO - Setting next_dagrun for user_automation to 2025-01-17 00:00:00+00:00, run_after=2025-01-18 00:00:00+00:00
[2025-01-18T22:49:42.176+0000] {processor.py:183} INFO - Processing /opt/airflow/dags/kafka_stream.py took 0.761 seconds
[2025-01-18T22:50:13.672+0000] {processor.py:161} INFO - Started process (PID=390) to work on /opt/airflow/dags/kafka_stream.py
[2025-01-18T22:50:13.675+0000] {processor.py:830} INFO - Processing file /opt/airflow/dags/kafka_stream.py for tasks to queue
[2025-01-18T22:50:13.681+0000] {logging_mixin.py:188} INFO - [2025-01-18T22:50:13.680+0000] {dagbag.py:545} INFO - Filling up the DagBag from /opt/airflow/dags/kafka_stream.py
[2025-01-18T22:50:13.917+0000] {processor.py:840} INFO - DAG(s) 'user_automation' retrieved from /opt/airflow/dags/kafka_stream.py
[2025-01-18T22:50:14.032+0000] {logging_mixin.py:188} INFO - [2025-01-18T22:50:14.029+0000] {dag.py:3089} INFO - Sync 1 DAGs
[2025-01-18T22:50:14.124+0000] {logging_mixin.py:188} INFO - [2025-01-18T22:50:14.123+0000] {dag.py:3947} INFO - Setting next_dagrun for user_automation to 2025-01-17 00:00:00+00:00, run_after=2025-01-18 00:00:00+00:00
[2025-01-18T22:50:14.232+0000] {processor.py:183} INFO - Processing /opt/airflow/dags/kafka_stream.py took 0.574 seconds
[2025-01-18T22:50:44.629+0000] {processor.py:161} INFO - Started process (PID=402) to work on /opt/airflow/dags/kafka_stream.py
[2025-01-18T22:50:44.633+0000] {processor.py:830} INFO - Processing file /opt/airflow/dags/kafka_stream.py for tasks to queue
[2025-01-18T22:50:44.640+0000] {logging_mixin.py:188} INFO - [2025-01-18T22:50:44.639+0000] {dagbag.py:545} INFO - Filling up the DagBag from /opt/airflow/dags/kafka_stream.py
[2025-01-18T22:50:44.885+0000] {processor.py:840} INFO - DAG(s) 'user_automation' retrieved from /opt/airflow/dags/kafka_stream.py
[2025-01-18T22:50:44.954+0000] {logging_mixin.py:188} INFO - [2025-01-18T22:50:44.953+0000] {dag.py:3089} INFO - Sync 1 DAGs
[2025-01-18T22:50:45.018+0000] {logging_mixin.py:188} INFO - [2025-01-18T22:50:45.016+0000] {dag.py:3947} INFO - Setting next_dagrun for user_automation to 2025-01-17 00:00:00+00:00, run_after=2025-01-18 00:00:00+00:00
[2025-01-18T22:50:45.166+0000] {processor.py:183} INFO - Processing /opt/airflow/dags/kafka_stream.py took 0.562 seconds
[2025-01-18T22:51:16.187+0000] {processor.py:161} INFO - Started process (PID=413) to work on /opt/airflow/dags/kafka_stream.py
[2025-01-18T22:51:16.189+0000] {processor.py:830} INFO - Processing file /opt/airflow/dags/kafka_stream.py for tasks to queue
[2025-01-18T22:51:16.196+0000] {logging_mixin.py:188} INFO - [2025-01-18T22:51:16.194+0000] {dagbag.py:545} INFO - Filling up the DagBag from /opt/airflow/dags/kafka_stream.py
[2025-01-18T22:51:16.245+0000] {processor.py:840} INFO - DAG(s) 'user_automation' retrieved from /opt/airflow/dags/kafka_stream.py
[2025-01-18T22:51:16.274+0000] {logging_mixin.py:188} INFO - [2025-01-18T22:51:16.273+0000] {dag.py:3089} INFO - Sync 1 DAGs
[2025-01-18T22:51:16.331+0000] {logging_mixin.py:188} INFO - [2025-01-18T22:51:16.330+0000] {dag.py:3947} INFO - Setting next_dagrun for user_automation to 2025-01-17 00:00:00+00:00, run_after=2025-01-18 00:00:00+00:00
[2025-01-18T22:51:16.418+0000] {processor.py:183} INFO - Processing /opt/airflow/dags/kafka_stream.py took 0.252 seconds
[2025-01-18T22:51:47.023+0000] {processor.py:161} INFO - Started process (PID=425) to work on /opt/airflow/dags/kafka_stream.py
[2025-01-18T22:51:47.026+0000] {processor.py:830} INFO - Processing file /opt/airflow/dags/kafka_stream.py for tasks to queue
[2025-01-18T22:51:47.033+0000] {logging_mixin.py:188} INFO - [2025-01-18T22:51:47.032+0000] {dagbag.py:545} INFO - Filling up the DagBag from /opt/airflow/dags/kafka_stream.py
[2025-01-18T22:51:47.113+0000] {processor.py:840} INFO - DAG(s) 'user_automation' retrieved from /opt/airflow/dags/kafka_stream.py
[2025-01-18T22:51:47.150+0000] {logging_mixin.py:188} INFO - [2025-01-18T22:51:47.149+0000] {dag.py:3089} INFO - Sync 1 DAGs
[2025-01-18T22:51:47.303+0000] {logging_mixin.py:188} INFO - [2025-01-18T22:51:47.302+0000] {dag.py:3947} INFO - Setting next_dagrun for user_automation to 2025-01-17 00:00:00+00:00, run_after=2025-01-18 00:00:00+00:00
[2025-01-18T22:51:47.414+0000] {processor.py:183} INFO - Processing /opt/airflow/dags/kafka_stream.py took 0.411 seconds
[2025-01-18T22:52:27.940+0000] {processor.py:161} INFO - Started process (PID=436) to work on /opt/airflow/dags/kafka_stream.py
[2025-01-18T22:52:48.216+0000] {processor.py:830} INFO - Processing file /opt/airflow/dags/kafka_stream.py for tasks to queue
[2025-01-18T22:53:16.149+0000] {logging_mixin.py:188} INFO - [2025-01-18T22:53:14.856+0000] {dagbag.py:545} INFO - Filling up the DagBag from /opt/airflow/dags/kafka_stream.py
[2025-01-18T22:53:42.794+0000] {processor.py:840} INFO - DAG(s) 'user_automation' retrieved from /opt/airflow/dags/kafka_stream.py
[2025-01-18T22:54:55.576+0000] {processor.py:161} INFO - Started process (PID=451) to work on /opt/airflow/dags/kafka_stream.py
[2025-01-18T22:54:55.875+0000] {processor.py:830} INFO - Processing file /opt/airflow/dags/kafka_stream.py for tasks to queue
[2025-01-18T22:54:56.099+0000] {logging_mixin.py:188} INFO - [2025-01-18T22:54:56.097+0000] {dagbag.py:545} INFO - Filling up the DagBag from /opt/airflow/dags/kafka_stream.py
[2025-01-18T22:54:56.532+0000] {processor.py:840} INFO - DAG(s) 'user_automation' retrieved from /opt/airflow/dags/kafka_stream.py
[2025-01-18T22:56:02.557+0000] {processor.py:161} INFO - Started process (PID=466) to work on /opt/airflow/dags/kafka_stream.py
[2025-01-18T22:56:03.348+0000] {processor.py:830} INFO - Processing file /opt/airflow/dags/kafka_stream.py for tasks to queue
[2025-01-18T22:56:04.335+0000] {logging_mixin.py:188} INFO - [2025-01-18T22:56:04.334+0000] {dagbag.py:545} INFO - Filling up the DagBag from /opt/airflow/dags/kafka_stream.py
[2025-01-18T22:56:06.565+0000] {processor.py:840} INFO - DAG(s) 'user_automation' retrieved from /opt/airflow/dags/kafka_stream.py
[2025-01-18T22:56:27.219+0000] {logging_mixin.py:188} INFO - [2025-01-18T22:56:27.218+0000] {dag.py:3089} INFO - Sync 1 DAGs
[2025-01-18T22:56:27.566+0000] {logging_mixin.py:188} INFO - [2025-01-18T22:56:27.565+0000] {dag.py:3947} INFO - Setting next_dagrun for user_automation to 2025-01-17 00:00:00+00:00, run_after=2025-01-18 00:00:00+00:00
[2025-01-18T22:57:24.777+0000] {processor.py:161} INFO - Started process (PID=476) to work on /opt/airflow/dags/kafka_stream.py
[2025-01-18T22:57:26.098+0000] {processor.py:830} INFO - Processing file /opt/airflow/dags/kafka_stream.py for tasks to queue
[2025-01-18T22:57:26.494+0000] {logging_mixin.py:188} INFO - [2025-01-18T22:57:26.347+0000] {dagbag.py:545} INFO - Filling up the DagBag from /opt/airflow/dags/kafka_stream.py
[2025-01-18T22:57:46.815+0000] {processor.py:840} INFO - DAG(s) 'user_automation' retrieved from /opt/airflow/dags/kafka_stream.py
[2025-01-18T22:59:01.817+0000] {processor.py:161} INFO - Started process (PID=490) to work on /opt/airflow/dags/kafka_stream.py
[2025-01-18T22:59:01.918+0000] {processor.py:830} INFO - Processing file /opt/airflow/dags/kafka_stream.py for tasks to queue
[2025-01-18T22:59:01.954+0000] {logging_mixin.py:188} INFO - [2025-01-18T22:59:01.952+0000] {dagbag.py:545} INFO - Filling up the DagBag from /opt/airflow/dags/kafka_stream.py
[2025-01-18T23:19:44.083+0000] {processor.py:161} INFO - Started process (PID=219) to work on /opt/airflow/dags/kafka_stream.py
[2025-01-18T23:19:44.115+0000] {processor.py:830} INFO - Processing file /opt/airflow/dags/kafka_stream.py for tasks to queue
[2025-01-18T23:19:44.137+0000] {logging_mixin.py:188} INFO - [2025-01-18T23:19:44.136+0000] {dagbag.py:545} INFO - Filling up the DagBag from /opt/airflow/dags/kafka_stream.py
[2025-01-18T23:19:44.275+0000] {processor.py:840} INFO - DAG(s) 'user_automation' retrieved from /opt/airflow/dags/kafka_stream.py
[2025-01-18T23:19:44.481+0000] {logging_mixin.py:188} INFO - [2025-01-18T23:19:44.479+0000] {dag.py:3089} INFO - Sync 1 DAGs
[2025-01-18T23:19:44.623+0000] {logging_mixin.py:188} INFO - [2025-01-18T23:19:44.616+0000] {dag.py:3947} INFO - Setting next_dagrun for user_automation to 2025-01-17 00:00:00+00:00, run_after=2025-01-18 00:00:00+00:00
[2025-01-18T23:19:44.797+0000] {processor.py:183} INFO - Processing /opt/airflow/dags/kafka_stream.py took 0.777 seconds
[2025-01-18T23:20:15.854+0000] {processor.py:161} INFO - Started process (PID=230) to work on /opt/airflow/dags/kafka_stream.py
[2025-01-18T23:20:15.940+0000] {processor.py:830} INFO - Processing file /opt/airflow/dags/kafka_stream.py for tasks to queue
[2025-01-18T23:20:15.972+0000] {logging_mixin.py:188} INFO - [2025-01-18T23:20:15.968+0000] {dagbag.py:545} INFO - Filling up the DagBag from /opt/airflow/dags/kafka_stream.py
[2025-01-18T23:20:16.200+0000] {processor.py:840} INFO - DAG(s) 'user_automation' retrieved from /opt/airflow/dags/kafka_stream.py
[2025-01-18T23:20:16.324+0000] {logging_mixin.py:188} INFO - [2025-01-18T23:20:16.323+0000] {dag.py:3089} INFO - Sync 1 DAGs
[2025-01-18T23:20:16.486+0000] {logging_mixin.py:188} INFO - [2025-01-18T23:20:16.485+0000] {dag.py:3947} INFO - Setting next_dagrun for user_automation to 2025-01-17 00:00:00+00:00, run_after=2025-01-18 00:00:00+00:00
[2025-01-18T23:20:16.636+0000] {processor.py:183} INFO - Processing /opt/airflow/dags/kafka_stream.py took 0.985 seconds
[2025-01-18T23:20:48.203+0000] {processor.py:161} INFO - Started process (PID=241) to work on /opt/airflow/dags/kafka_stream.py
[2025-01-18T23:20:48.247+0000] {processor.py:830} INFO - Processing file /opt/airflow/dags/kafka_stream.py for tasks to queue
[2025-01-18T23:20:48.305+0000] {logging_mixin.py:188} INFO - [2025-01-18T23:20:48.300+0000] {dagbag.py:545} INFO - Filling up the DagBag from /opt/airflow/dags/kafka_stream.py
[2025-01-18T23:20:49.432+0000] {processor.py:840} INFO - DAG(s) 'user_automation' retrieved from /opt/airflow/dags/kafka_stream.py
[2025-01-18T23:20:55.962+0000] {logging_mixin.py:188} INFO - [2025-01-18T23:20:55.413+0000] {dag.py:3089} INFO - Sync 1 DAGs
[2025-01-18T23:21:01.702+0000] {logging_mixin.py:188} INFO - [2025-01-18T23:21:01.580+0000] {dag.py:3947} INFO - Setting next_dagrun for user_automation to 2025-01-17 00:00:00+00:00, run_after=2025-01-18 00:00:00+00:00
[2025-01-18T23:21:06.352+0000] {processor.py:183} INFO - Processing /opt/airflow/dags/kafka_stream.py took 18.240 seconds
[2025-01-18T23:29:05.537+0000] {processor.py:161} INFO - Started process (PID=212) to work on /opt/airflow/dags/kafka_stream.py
[2025-01-18T23:29:06.768+0000] {processor.py:830} INFO - Processing file /opt/airflow/dags/kafka_stream.py for tasks to queue
[2025-01-18T23:29:06.771+0000] {logging_mixin.py:188} INFO - [2025-01-18T23:29:06.770+0000] {dagbag.py:545} INFO - Filling up the DagBag from /opt/airflow/dags/kafka_stream.py
[2025-01-18T23:29:10.156+0000] {processor.py:840} INFO - DAG(s) 'user_automation' retrieved from /opt/airflow/dags/kafka_stream.py
[2025-01-18T23:29:16.294+0000] {logging_mixin.py:188} INFO - [2025-01-18T23:29:16.294+0000] {dag.py:3089} INFO - Sync 1 DAGs
[2025-01-18T23:29:16.364+0000] {logging_mixin.py:188} INFO - [2025-01-18T23:29:16.363+0000] {dag.py:3947} INFO - Setting next_dagrun for user_automation to 2025-01-17 00:00:00+00:00, run_after=2025-01-18 00:00:00+00:00
[2025-01-18T23:29:16.422+0000] {processor.py:183} INFO - Processing /opt/airflow/dags/kafka_stream.py took 10.893 seconds
[2025-01-18T23:29:47.466+0000] {processor.py:161} INFO - Started process (PID=228) to work on /opt/airflow/dags/kafka_stream.py
[2025-01-18T23:29:48.131+0000] {processor.py:830} INFO - Processing file /opt/airflow/dags/kafka_stream.py for tasks to queue
[2025-01-18T23:29:48.134+0000] {logging_mixin.py:188} INFO - [2025-01-18T23:29:48.133+0000] {dagbag.py:545} INFO - Filling up the DagBag from /opt/airflow/dags/kafka_stream.py
[2025-01-18T23:29:49.836+0000] {processor.py:840} INFO - DAG(s) 'user_automation' retrieved from /opt/airflow/dags/kafka_stream.py
[2025-01-18T23:29:50.592+0000] {logging_mixin.py:188} INFO - [2025-01-18T23:29:50.591+0000] {dag.py:3089} INFO - Sync 1 DAGs
[2025-01-18T23:29:50.741+0000] {logging_mixin.py:188} INFO - [2025-01-18T23:29:50.740+0000] {dag.py:3947} INFO - Setting next_dagrun for user_automation to 2025-01-17 00:00:00+00:00, run_after=2025-01-18 00:00:00+00:00
[2025-01-18T23:29:50.815+0000] {processor.py:183} INFO - Processing /opt/airflow/dags/kafka_stream.py took 3.360 seconds
[2025-01-18T23:30:22.016+0000] {processor.py:161} INFO - Started process (PID=240) to work on /opt/airflow/dags/kafka_stream.py
[2025-01-18T23:30:22.045+0000] {processor.py:830} INFO - Processing file /opt/airflow/dags/kafka_stream.py for tasks to queue
[2025-01-18T23:30:22.047+0000] {logging_mixin.py:188} INFO - [2025-01-18T23:30:22.047+0000] {dagbag.py:545} INFO - Filling up the DagBag from /opt/airflow/dags/kafka_stream.py
[2025-01-18T23:30:22.112+0000] {processor.py:840} INFO - DAG(s) 'user_automation' retrieved from /opt/airflow/dags/kafka_stream.py
[2025-01-18T23:30:22.507+0000] {logging_mixin.py:188} INFO - [2025-01-18T23:30:22.501+0000] {dag.py:3089} INFO - Sync 1 DAGs
[2025-01-18T23:30:22.534+0000] {logging_mixin.py:188} INFO - [2025-01-18T23:30:22.534+0000] {dag.py:3947} INFO - Setting next_dagrun for user_automation to 2025-01-17 00:00:00+00:00, run_after=2025-01-18 00:00:00+00:00
[2025-01-18T23:30:22.587+0000] {processor.py:183} INFO - Processing /opt/airflow/dags/kafka_stream.py took 0.582 seconds
[2025-01-18T23:30:54.489+0000] {processor.py:161} INFO - Started process (PID=250) to work on /opt/airflow/dags/kafka_stream.py
[2025-01-18T23:30:54.965+0000] {processor.py:830} INFO - Processing file /opt/airflow/dags/kafka_stream.py for tasks to queue
[2025-01-18T23:30:54.968+0000] {logging_mixin.py:188} INFO - [2025-01-18T23:30:54.967+0000] {dagbag.py:545} INFO - Filling up the DagBag from /opt/airflow/dags/kafka_stream.py
[2025-01-18T23:30:55.755+0000] {processor.py:840} INFO - DAG(s) 'user_automation' retrieved from /opt/airflow/dags/kafka_stream.py
[2025-01-18T23:30:55.955+0000] {logging_mixin.py:188} INFO - [2025-01-18T23:30:55.955+0000] {dag.py:3089} INFO - Sync 1 DAGs
[2025-01-18T23:30:56.007+0000] {logging_mixin.py:188} INFO - [2025-01-18T23:30:56.006+0000] {dag.py:3947} INFO - Setting next_dagrun for user_automation to 2025-01-17 00:00:00+00:00, run_after=2025-01-18 00:00:00+00:00
[2025-01-18T23:30:56.053+0000] {processor.py:183} INFO - Processing /opt/airflow/dags/kafka_stream.py took 1.685 seconds
[2025-01-18T23:31:26.326+0000] {processor.py:161} INFO - Started process (PID=262) to work on /opt/airflow/dags/kafka_stream.py
[2025-01-18T23:31:26.350+0000] {processor.py:830} INFO - Processing file /opt/airflow/dags/kafka_stream.py for tasks to queue
[2025-01-18T23:31:26.354+0000] {logging_mixin.py:188} INFO - [2025-01-18T23:31:26.353+0000] {dagbag.py:545} INFO - Filling up the DagBag from /opt/airflow/dags/kafka_stream.py
[2025-01-18T23:31:26.441+0000] {processor.py:840} INFO - DAG(s) 'user_automation' retrieved from /opt/airflow/dags/kafka_stream.py
[2025-01-18T23:31:26.521+0000] {logging_mixin.py:188} INFO - [2025-01-18T23:31:26.520+0000] {dag.py:3089} INFO - Sync 1 DAGs
[2025-01-18T23:31:26.557+0000] {logging_mixin.py:188} INFO - [2025-01-18T23:31:26.556+0000] {dag.py:3947} INFO - Setting next_dagrun for user_automation to 2025-01-17 00:00:00+00:00, run_after=2025-01-18 00:00:00+00:00
[2025-01-18T23:31:28.161+0000] {processor.py:183} INFO - Processing /opt/airflow/dags/kafka_stream.py took 1.848 seconds
[2025-01-18T23:31:58.795+0000] {processor.py:161} INFO - Started process (PID=273) to work on /opt/airflow/dags/kafka_stream.py
[2025-01-18T23:31:58.796+0000] {processor.py:830} INFO - Processing file /opt/airflow/dags/kafka_stream.py for tasks to queue
[2025-01-18T23:31:58.798+0000] {logging_mixin.py:188} INFO - [2025-01-18T23:31:58.798+0000] {dagbag.py:545} INFO - Filling up the DagBag from /opt/airflow/dags/kafka_stream.py
[2025-01-18T23:31:58.826+0000] {processor.py:840} INFO - DAG(s) 'user_automation' retrieved from /opt/airflow/dags/kafka_stream.py
[2025-01-18T23:31:58.886+0000] {logging_mixin.py:188} INFO - [2025-01-18T23:31:58.886+0000] {dag.py:3089} INFO - Sync 1 DAGs
[2025-01-18T23:31:58.925+0000] {logging_mixin.py:188} INFO - [2025-01-18T23:31:58.924+0000] {dag.py:3947} INFO - Setting next_dagrun for user_automation to 2025-01-17 00:00:00+00:00, run_after=2025-01-18 00:00:00+00:00
[2025-01-18T23:31:59.207+0000] {processor.py:183} INFO - Processing /opt/airflow/dags/kafka_stream.py took 0.421 seconds
[2025-01-18T23:32:30.177+0000] {processor.py:161} INFO - Started process (PID=284) to work on /opt/airflow/dags/kafka_stream.py
[2025-01-18T23:32:30.178+0000] {processor.py:830} INFO - Processing file /opt/airflow/dags/kafka_stream.py for tasks to queue
[2025-01-18T23:32:30.181+0000] {logging_mixin.py:188} INFO - [2025-01-18T23:32:30.181+0000] {dagbag.py:545} INFO - Filling up the DagBag from /opt/airflow/dags/kafka_stream.py
[2025-01-18T23:32:30.464+0000] {processor.py:840} INFO - DAG(s) 'user_automation' retrieved from /opt/airflow/dags/kafka_stream.py
[2025-01-18T23:32:30.515+0000] {logging_mixin.py:188} INFO - [2025-01-18T23:32:30.514+0000] {dag.py:3089} INFO - Sync 1 DAGs
[2025-01-18T23:32:30.548+0000] {logging_mixin.py:188} INFO - [2025-01-18T23:32:30.547+0000] {dag.py:3947} INFO - Setting next_dagrun for user_automation to 2025-01-17 00:00:00+00:00, run_after=2025-01-18 00:00:00+00:00
[2025-01-18T23:32:30.580+0000] {processor.py:183} INFO - Processing /opt/airflow/dags/kafka_stream.py took 0.411 seconds
[2025-01-18T23:33:00.966+0000] {processor.py:161} INFO - Started process (PID=295) to work on /opt/airflow/dags/kafka_stream.py
[2025-01-18T23:33:00.968+0000] {processor.py:830} INFO - Processing file /opt/airflow/dags/kafka_stream.py for tasks to queue
[2025-01-18T23:33:00.971+0000] {logging_mixin.py:188} INFO - [2025-01-18T23:33:00.971+0000] {dagbag.py:545} INFO - Filling up the DagBag from /opt/airflow/dags/kafka_stream.py
[2025-01-18T23:33:01.008+0000] {processor.py:840} INFO - DAG(s) 'user_automation' retrieved from /opt/airflow/dags/kafka_stream.py
[2025-01-18T23:33:01.053+0000] {logging_mixin.py:188} INFO - [2025-01-18T23:33:01.052+0000] {dag.py:3089} INFO - Sync 1 DAGs
[2025-01-18T23:33:01.098+0000] {logging_mixin.py:188} INFO - [2025-01-18T23:33:01.098+0000] {dag.py:3947} INFO - Setting next_dagrun for user_automation to 2025-01-17 00:00:00+00:00, run_after=2025-01-18 00:00:00+00:00
[2025-01-18T23:33:01.125+0000] {processor.py:183} INFO - Processing /opt/airflow/dags/kafka_stream.py took 0.171 seconds
[2025-01-18T23:33:31.773+0000] {processor.py:161} INFO - Started process (PID=306) to work on /opt/airflow/dags/kafka_stream.py
[2025-01-18T23:33:31.774+0000] {processor.py:830} INFO - Processing file /opt/airflow/dags/kafka_stream.py for tasks to queue
[2025-01-18T23:33:31.777+0000] {logging_mixin.py:188} INFO - [2025-01-18T23:33:31.776+0000] {dagbag.py:545} INFO - Filling up the DagBag from /opt/airflow/dags/kafka_stream.py
[2025-01-18T23:33:31.802+0000] {processor.py:840} INFO - DAG(s) 'user_automation' retrieved from /opt/airflow/dags/kafka_stream.py
[2025-01-18T23:33:31.817+0000] {logging_mixin.py:188} INFO - [2025-01-18T23:33:31.816+0000] {dag.py:3089} INFO - Sync 1 DAGs
[2025-01-18T23:33:31.949+0000] {logging_mixin.py:188} INFO - [2025-01-18T23:33:31.948+0000] {dag.py:3947} INFO - Setting next_dagrun for user_automation to 2025-01-17 00:00:00+00:00, run_after=2025-01-18 00:00:00+00:00
[2025-01-18T23:33:31.992+0000] {processor.py:183} INFO - Processing /opt/airflow/dags/kafka_stream.py took 0.226 seconds
[2025-01-18T23:34:02.468+0000] {processor.py:161} INFO - Started process (PID=317) to work on /opt/airflow/dags/kafka_stream.py
[2025-01-18T23:34:02.469+0000] {processor.py:830} INFO - Processing file /opt/airflow/dags/kafka_stream.py for tasks to queue
[2025-01-18T23:34:02.511+0000] {logging_mixin.py:188} INFO - [2025-01-18T23:34:02.511+0000] {dagbag.py:545} INFO - Filling up the DagBag from /opt/airflow/dags/kafka_stream.py
[2025-01-18T23:34:02.621+0000] {processor.py:840} INFO - DAG(s) 'user_automation' retrieved from /opt/airflow/dags/kafka_stream.py
[2025-01-18T23:34:02.664+0000] {logging_mixin.py:188} INFO - [2025-01-18T23:34:02.664+0000] {dag.py:3089} INFO - Sync 1 DAGs
[2025-01-18T23:34:02.729+0000] {logging_mixin.py:188} INFO - [2025-01-18T23:34:02.729+0000] {dag.py:3947} INFO - Setting next_dagrun for user_automation to 2025-01-17 00:00:00+00:00, run_after=2025-01-18 00:00:00+00:00
[2025-01-18T23:34:02.923+0000] {processor.py:183} INFO - Processing /opt/airflow/dags/kafka_stream.py took 0.488 seconds
[2025-01-18T23:34:33.289+0000] {processor.py:161} INFO - Started process (PID=328) to work on /opt/airflow/dags/kafka_stream.py
[2025-01-18T23:34:33.291+0000] {processor.py:830} INFO - Processing file /opt/airflow/dags/kafka_stream.py for tasks to queue
[2025-01-18T23:34:33.294+0000] {logging_mixin.py:188} INFO - [2025-01-18T23:34:33.293+0000] {dagbag.py:545} INFO - Filling up the DagBag from /opt/airflow/dags/kafka_stream.py
[2025-01-18T23:34:33.335+0000] {processor.py:840} INFO - DAG(s) 'user_automation' retrieved from /opt/airflow/dags/kafka_stream.py
[2025-01-18T23:34:34.314+0000] {logging_mixin.py:188} INFO - [2025-01-18T23:34:34.314+0000] {dag.py:3089} INFO - Sync 1 DAGs
[2025-01-18T23:34:34.342+0000] {logging_mixin.py:188} INFO - [2025-01-18T23:34:34.341+0000] {dag.py:3947} INFO - Setting next_dagrun for user_automation to 2025-01-17 00:00:00+00:00, run_after=2025-01-18 00:00:00+00:00
[2025-01-18T23:34:35.068+0000] {processor.py:183} INFO - Processing /opt/airflow/dags/kafka_stream.py took 1.785 seconds
[2025-01-18T23:35:05.704+0000] {processor.py:161} INFO - Started process (PID=339) to work on /opt/airflow/dags/kafka_stream.py
[2025-01-18T23:35:05.705+0000] {processor.py:830} INFO - Processing file /opt/airflow/dags/kafka_stream.py for tasks to queue
[2025-01-18T23:35:05.708+0000] {logging_mixin.py:188} INFO - [2025-01-18T23:35:05.707+0000] {dagbag.py:545} INFO - Filling up the DagBag from /opt/airflow/dags/kafka_stream.py
[2025-01-18T23:35:05.735+0000] {processor.py:840} INFO - DAG(s) 'user_automation' retrieved from /opt/airflow/dags/kafka_stream.py
[2025-01-18T23:35:05.778+0000] {logging_mixin.py:188} INFO - [2025-01-18T23:35:05.778+0000] {dag.py:3089} INFO - Sync 1 DAGs
[2025-01-18T23:35:05.816+0000] {logging_mixin.py:188} INFO - [2025-01-18T23:35:05.816+0000] {dag.py:3947} INFO - Setting next_dagrun for user_automation to 2025-01-17 00:00:00+00:00, run_after=2025-01-18 00:00:00+00:00
[2025-01-18T23:35:05.857+0000] {processor.py:183} INFO - Processing /opt/airflow/dags/kafka_stream.py took 0.160 seconds
[2025-01-18T23:35:55.508+0000] {processor.py:161} INFO - Started process (PID=350) to work on /opt/airflow/dags/kafka_stream.py
[2025-01-18T23:35:55.993+0000] {processor.py:830} INFO - Processing file /opt/airflow/dags/kafka_stream.py for tasks to queue
[2025-01-18T23:36:03.958+0000] {logging_mixin.py:188} INFO - [2025-01-18T23:36:03.877+0000] {dagbag.py:545} INFO - Filling up the DagBag from /opt/airflow/dags/kafka_stream.py
[2025-01-18T23:39:09.430+0000] {processor.py:161} INFO - Started process (PID=366) to work on /opt/airflow/dags/kafka_stream.py
[2025-01-18T23:39:18.140+0000] {processor.py:830} INFO - Processing file /opt/airflow/dags/kafka_stream.py for tasks to queue
[2025-01-18T23:39:18.147+0000] {logging_mixin.py:188} INFO - [2025-01-18T23:39:18.146+0000] {dagbag.py:545} INFO - Filling up the DagBag from /opt/airflow/dags/kafka_stream.py
[2025-01-18T23:46:55.162+0000] {processor.py:161} INFO - Started process (PID=235) to work on /opt/airflow/dags/kafka_stream.py
[2025-01-18T23:46:55.437+0000] {processor.py:830} INFO - Processing file /opt/airflow/dags/kafka_stream.py for tasks to queue
[2025-01-18T23:46:55.782+0000] {logging_mixin.py:188} INFO - [2025-01-18T23:46:55.781+0000] {dagbag.py:545} INFO - Filling up the DagBag from /opt/airflow/dags/kafka_stream.py
[2025-01-18T23:46:56.386+0000] {processor.py:840} INFO - DAG(s) 'user_automation' retrieved from /opt/airflow/dags/kafka_stream.py
[2025-01-18T23:46:58.904+0000] {logging_mixin.py:188} INFO - [2025-01-18T23:46:58.903+0000] {dag.py:3089} INFO - Sync 1 DAGs
[2025-01-18T23:47:00.709+0000] {logging_mixin.py:188} INFO - [2025-01-18T23:47:00.709+0000] {dag.py:3947} INFO - Setting next_dagrun for user_automation to 2025-01-17 00:00:00+00:00, run_after=2025-01-18 00:00:00+00:00
[2025-01-18T23:47:01.646+0000] {processor.py:183} INFO - Processing /opt/airflow/dags/kafka_stream.py took 6.513 seconds
[2025-01-18T23:47:38.648+0000] {processor.py:161} INFO - Started process (PID=247) to work on /opt/airflow/dags/kafka_stream.py
[2025-01-18T23:47:38.746+0000] {processor.py:830} INFO - Processing file /opt/airflow/dags/kafka_stream.py for tasks to queue
[2025-01-18T23:47:38.915+0000] {logging_mixin.py:188} INFO - [2025-01-18T23:47:38.914+0000] {dagbag.py:545} INFO - Filling up the DagBag from /opt/airflow/dags/kafka_stream.py
[2025-01-18T23:47:40.519+0000] {processor.py:840} INFO - DAG(s) 'user_automation' retrieved from /opt/airflow/dags/kafka_stream.py
[2025-01-18T23:47:58.618+0000] {logging_mixin.py:188} INFO - [2025-01-18T23:47:58.618+0000] {dag.py:3089} INFO - Sync 1 DAGs
[2025-01-18T23:47:58.669+0000] {logging_mixin.py:188} INFO - [2025-01-18T23:47:58.669+0000] {dag.py:3947} INFO - Setting next_dagrun for user_automation to 2025-01-17 00:00:00+00:00, run_after=2025-01-18 00:00:00+00:00
[2025-01-18T23:47:59.227+0000] {processor.py:186} ERROR - Got an exception! Propagating...
Traceback (most recent call last):
  File "/home/airflow/.local/lib/python3.12/site-packages/airflow/dag_processing/processor.py", line 182, in _run_file_processor
    _handle_dag_file_processing()
  File "/home/airflow/.local/lib/python3.12/site-packages/airflow/dag_processing/processor.py", line 163, in _handle_dag_file_processing
    result: tuple[int, int] = dag_file_processor.process_file(
                              ^^^^^^^^^^^^^^^^^^^^^^^^^^^^^^^^
  File "/home/airflow/.local/lib/python3.12/site-packages/airflow/utils/session.py", line 79, in wrapper
    return func(*args, session=session, **kwargs)
           ^^^^^^^^^^^^^^^^^^^^^^^^^^^^^^^^^^^^^^
  File "/home/airflow/.local/lib/python3.12/site-packages/airflow/dag_processing/processor.py", line 859, in process_file
    serialize_errors = DagFileProcessor.save_dag_to_db(
                       ^^^^^^^^^^^^^^^^^^^^^^^^^^^^^^^^
  File "/home/airflow/.local/lib/python3.12/site-packages/airflow/api_internal/internal_api_call.py", line 115, in wrapper
    return func(*args, **kwargs)
           ^^^^^^^^^^^^^^^^^^^^^
  File "/home/airflow/.local/lib/python3.12/site-packages/airflow/utils/session.py", line 79, in wrapper
    return func(*args, session=session, **kwargs)
           ^^^^^^^^^^^^^^^^^^^^^^^^^^^^^^^^^^^^^^
  File "/home/airflow/.local/lib/python3.12/site-packages/airflow/dag_processing/processor.py", line 895, in save_dag_to_db
    import_errors = DagBag._sync_to_db(dags=dags, processor_subdir=dag_directory, session=session)
                    ^^^^^^^^^^^^^^^^^^^^^^^^^^^^^^^^^^^^^^^^^^^^^^^^^^^^^^^^^^^^^^^^^^^^^^^^^^^^^^
  File "/home/airflow/.local/lib/python3.12/site-packages/airflow/utils/session.py", line 76, in wrapper
    return func(*args, **kwargs)
           ^^^^^^^^^^^^^^^^^^^^^
  File "/home/airflow/.local/lib/python3.12/site-packages/airflow/models/dagbag.py", line 664, in _sync_to_db
    for attempt in run_with_db_retries(logger=log):
  File "/home/airflow/.local/lib/python3.12/site-packages/tenacity/__init__.py", line 443, in __iter__
    do = self.iter(retry_state=retry_state)
         ^^^^^^^^^^^^^^^^^^^^^^^^^^^^^^^^^^
  File "/home/airflow/.local/lib/python3.12/site-packages/tenacity/__init__.py", line 376, in iter
    result = action(retry_state)
             ^^^^^^^^^^^^^^^^^^^
  File "/home/airflow/.local/lib/python3.12/site-packages/tenacity/__init__.py", line 398, in <lambda>
    self._add_action_func(lambda rs: rs.outcome.result())
                                     ^^^^^^^^^^^^^^^^^^^
  File "/usr/local/lib/python3.12/concurrent/futures/_base.py", line 449, in result
    return self.__get_result()
           ^^^^^^^^^^^^^^^^^^^
  File "/usr/local/lib/python3.12/concurrent/futures/_base.py", line 401, in __get_result
    raise self._exception
  File "/home/airflow/.local/lib/python3.12/site-packages/airflow/models/dagbag.py", line 680, in _sync_to_db
    DAG.bulk_write_to_db(dags.values(), processor_subdir=processor_subdir, session=session)
  File "/home/airflow/.local/lib/python3.12/site-packages/airflow/utils/session.py", line 76, in wrapper
    return func(*args, **kwargs)
           ^^^^^^^^^^^^^^^^^^^^^
  File "/home/airflow/.local/lib/python3.12/site-packages/airflow/models/dag.py", line 3253, in bulk_write_to_db
    dataset_manager.create_datasets(dataset_models=new_datasets, session=session)
  File "/home/airflow/.local/lib/python3.12/site-packages/airflow/datasets/manager.py", line 53, in create_datasets
    session.flush()
  File "/home/airflow/.local/lib/python3.12/site-packages/sqlalchemy/orm/session.py", line 3449, in flush
    self._flush(objects)
  File "/home/airflow/.local/lib/python3.12/site-packages/sqlalchemy/orm/session.py", line 3588, in _flush
    with util.safe_reraise():
  File "/home/airflow/.local/lib/python3.12/site-packages/sqlalchemy/util/langhelpers.py", line 70, in __exit__
    compat.raise_(
  File "/home/airflow/.local/lib/python3.12/site-packages/sqlalchemy/util/compat.py", line 211, in raise_
    raise exception
  File "/home/airflow/.local/lib/python3.12/site-packages/sqlalchemy/orm/session.py", line 3549, in _flush
    flush_context.execute()
  File "/home/airflow/.local/lib/python3.12/site-packages/sqlalchemy/orm/unitofwork.py", line 456, in execute
    rec.execute(self)
  File "/home/airflow/.local/lib/python3.12/site-packages/sqlalchemy/orm/unitofwork.py", line 630, in execute
    util.preloaded.orm_persistence.save_obj(
  File "/home/airflow/.local/lib/python3.12/site-packages/sqlalchemy/orm/persistence.py", line 237, in save_obj
    _emit_update_statements(
  File "/home/airflow/.local/lib/python3.12/site-packages/sqlalchemy/orm/persistence.py", line 1035, in _emit_update_statements
    raise orm_exc.StaleDataError(
sqlalchemy.orm.exc.StaleDataError: UPDATE statement on table 'serialized_dag' expected to update 1 row(s); 0 were matched.
[2025-01-18T23:48:37.952+0000] {processor.py:161} INFO - Started process (PID=263) to work on /opt/airflow/dags/kafka_stream.py
[2025-01-18T23:48:39.254+0000] {processor.py:830} INFO - Processing file /opt/airflow/dags/kafka_stream.py for tasks to queue
[2025-01-18T23:48:39.270+0000] {logging_mixin.py:188} INFO - [2025-01-18T23:48:39.269+0000] {dagbag.py:545} INFO - Filling up the DagBag from /opt/airflow/dags/kafka_stream.py
[2025-01-18T23:48:42.311+0000] {processor.py:840} INFO - DAG(s) 'user_automation' retrieved from /opt/airflow/dags/kafka_stream.py
[2025-01-18T23:48:50.270+0000] {logging_mixin.py:188} INFO - [2025-01-18T23:48:50.269+0000] {dag.py:3089} INFO - Sync 1 DAGs
[2025-01-18T23:48:51.120+0000] {logging_mixin.py:188} INFO - [2025-01-18T23:48:51.119+0000] {dag.py:3947} INFO - Setting next_dagrun for user_automation to 2025-01-17 00:00:00+00:00, run_after=2025-01-18 00:00:00+00:00
[2025-01-18T23:48:52.673+0000] {processor.py:183} INFO - Processing /opt/airflow/dags/kafka_stream.py took 14.398 seconds
[2025-01-18T23:49:23.528+0000] {processor.py:161} INFO - Started process (PID=274) to work on /opt/airflow/dags/kafka_stream.py
[2025-01-18T23:49:23.530+0000] {processor.py:830} INFO - Processing file /opt/airflow/dags/kafka_stream.py for tasks to queue
[2025-01-18T23:49:23.534+0000] {logging_mixin.py:188} INFO - [2025-01-18T23:49:23.533+0000] {dagbag.py:545} INFO - Filling up the DagBag from /opt/airflow/dags/kafka_stream.py
[2025-01-18T23:49:23.577+0000] {processor.py:840} INFO - DAG(s) 'user_automation' retrieved from /opt/airflow/dags/kafka_stream.py
[2025-01-18T23:49:23.621+0000] {logging_mixin.py:188} INFO - [2025-01-18T23:49:23.621+0000] {dag.py:3089} INFO - Sync 1 DAGs
[2025-01-18T23:49:23.653+0000] {logging_mixin.py:188} INFO - [2025-01-18T23:49:23.652+0000] {dag.py:3947} INFO - Setting next_dagrun for user_automation to 2025-01-17 00:00:00+00:00, run_after=2025-01-18 00:00:00+00:00
[2025-01-18T23:49:23.688+0000] {processor.py:183} INFO - Processing /opt/airflow/dags/kafka_stream.py took 0.174 seconds
[2025-01-18T23:49:53.791+0000] {processor.py:161} INFO - Started process (PID=285) to work on /opt/airflow/dags/kafka_stream.py
[2025-01-18T23:49:53.793+0000] {processor.py:830} INFO - Processing file /opt/airflow/dags/kafka_stream.py for tasks to queue
[2025-01-18T23:49:53.796+0000] {logging_mixin.py:188} INFO - [2025-01-18T23:49:53.795+0000] {dagbag.py:545} INFO - Filling up the DagBag from /opt/airflow/dags/kafka_stream.py
[2025-01-18T23:49:53.828+0000] {processor.py:840} INFO - DAG(s) 'user_automation' retrieved from /opt/airflow/dags/kafka_stream.py
[2025-01-18T23:49:53.920+0000] {logging_mixin.py:188} INFO - [2025-01-18T23:49:53.919+0000] {dag.py:3089} INFO - Sync 1 DAGs
[2025-01-18T23:49:54.068+0000] {logging_mixin.py:188} INFO - [2025-01-18T23:49:54.068+0000] {dag.py:3947} INFO - Setting next_dagrun for user_automation to 2025-01-17 00:00:00+00:00, run_after=2025-01-18 00:00:00+00:00
[2025-01-18T23:49:54.161+0000] {processor.py:183} INFO - Processing /opt/airflow/dags/kafka_stream.py took 0.377 seconds
[2025-01-18T23:50:24.458+0000] {processor.py:161} INFO - Started process (PID=297) to work on /opt/airflow/dags/kafka_stream.py
[2025-01-18T23:50:24.461+0000] {processor.py:830} INFO - Processing file /opt/airflow/dags/kafka_stream.py for tasks to queue
[2025-01-18T23:50:24.465+0000] {logging_mixin.py:188} INFO - [2025-01-18T23:50:24.465+0000] {dagbag.py:545} INFO - Filling up the DagBag from /opt/airflow/dags/kafka_stream.py
[2025-01-18T23:50:24.511+0000] {processor.py:840} INFO - DAG(s) 'user_automation' retrieved from /opt/airflow/dags/kafka_stream.py
[2025-01-18T23:50:24.923+0000] {logging_mixin.py:188} INFO - [2025-01-18T23:50:24.921+0000] {dag.py:3089} INFO - Sync 1 DAGs
[2025-01-18T23:50:25.050+0000] {logging_mixin.py:188} INFO - [2025-01-18T23:50:25.050+0000] {dag.py:3947} INFO - Setting next_dagrun for user_automation to 2025-01-17 00:00:00+00:00, run_after=2025-01-18 00:00:00+00:00
[2025-01-18T23:50:25.112+0000] {processor.py:183} INFO - Processing /opt/airflow/dags/kafka_stream.py took 0.669 seconds
[2025-01-18T23:50:55.885+0000] {processor.py:161} INFO - Started process (PID=309) to work on /opt/airflow/dags/kafka_stream.py
[2025-01-18T23:50:55.904+0000] {processor.py:830} INFO - Processing file /opt/airflow/dags/kafka_stream.py for tasks to queue
[2025-01-18T23:50:55.908+0000] {logging_mixin.py:188} INFO - [2025-01-18T23:50:55.907+0000] {dagbag.py:545} INFO - Filling up the DagBag from /opt/airflow/dags/kafka_stream.py
[2025-01-18T23:50:56.267+0000] {processor.py:840} INFO - DAG(s) 'user_automation' retrieved from /opt/airflow/dags/kafka_stream.py
[2025-01-18T23:50:57.174+0000] {logging_mixin.py:188} INFO - [2025-01-18T23:50:57.174+0000] {dag.py:3089} INFO - Sync 1 DAGs
[2025-01-18T23:50:57.593+0000] {logging_mixin.py:188} INFO - [2025-01-18T23:50:57.593+0000] {dag.py:3947} INFO - Setting next_dagrun for user_automation to 2025-01-17 00:00:00+00:00, run_after=2025-01-18 00:00:00+00:00
[2025-01-18T23:50:58.060+0000] {processor.py:183} INFO - Processing /opt/airflow/dags/kafka_stream.py took 2.292 seconds
[2025-01-18T23:51:39.786+0000] {processor.py:161} INFO - Started process (PID=320) to work on /opt/airflow/dags/kafka_stream.py
[2025-01-18T23:51:40.278+0000] {processor.py:830} INFO - Processing file /opt/airflow/dags/kafka_stream.py for tasks to queue
[2025-01-18T23:51:40.287+0000] {logging_mixin.py:188} INFO - [2025-01-18T23:51:40.286+0000] {dagbag.py:545} INFO - Filling up the DagBag from /opt/airflow/dags/kafka_stream.py
[2025-01-18T23:51:45.660+0000] {processor.py:840} INFO - DAG(s) 'user_automation' retrieved from /opt/airflow/dags/kafka_stream.py
[2025-01-18T23:51:53.145+0000] {logging_mixin.py:188} INFO - [2025-01-18T23:51:53.144+0000] {dag.py:3089} INFO - Sync 1 DAGs
[2025-01-18T23:51:56.306+0000] {logging_mixin.py:188} INFO - [2025-01-18T23:51:56.306+0000] {dag.py:3947} INFO - Setting next_dagrun for user_automation to 2025-01-17 00:00:00+00:00, run_after=2025-01-18 00:00:00+00:00
[2025-01-18T23:52:02.295+0000] {processor.py:183} INFO - Processing /opt/airflow/dags/kafka_stream.py took 22.543 seconds
[2025-01-18T23:52:46.780+0000] {processor.py:161} INFO - Started process (PID=342) to work on /opt/airflow/dags/kafka_stream.py
[2025-01-18T23:52:46.923+0000] {processor.py:830} INFO - Processing file /opt/airflow/dags/kafka_stream.py for tasks to queue
[2025-01-18T23:52:46.997+0000] {logging_mixin.py:188} INFO - [2025-01-18T23:52:46.996+0000] {dagbag.py:545} INFO - Filling up the DagBag from /opt/airflow/dags/kafka_stream.py
[2025-01-18T23:52:48.239+0000] {processor.py:840} INFO - DAG(s) 'user_automation' retrieved from /opt/airflow/dags/kafka_stream.py
[2025-01-18T23:52:51.201+0000] {logging_mixin.py:188} INFO - [2025-01-18T23:52:51.201+0000] {dag.py:3089} INFO - Sync 1 DAGs
[2025-01-18T23:52:52.002+0000] {logging_mixin.py:188} INFO - [2025-01-18T23:52:52.001+0000] {dag.py:3947} INFO - Setting next_dagrun for user_automation to 2025-01-17 00:00:00+00:00, run_after=2025-01-18 00:00:00+00:00
[2025-01-18T23:52:52.429+0000] {processor.py:183} INFO - Processing /opt/airflow/dags/kafka_stream.py took 5.669 seconds
[2025-01-18T23:53:29.516+0000] {processor.py:161} INFO - Started process (PID=353) to work on /opt/airflow/dags/kafka_stream.py
[2025-01-18T23:53:30.235+0000] {processor.py:830} INFO - Processing file /opt/airflow/dags/kafka_stream.py for tasks to queue
[2025-01-18T23:53:31.491+0000] {logging_mixin.py:188} INFO - [2025-01-18T23:53:31.490+0000] {dagbag.py:545} INFO - Filling up the DagBag from /opt/airflow/dags/kafka_stream.py
[2025-01-18T23:53:32.077+0000] {processor.py:840} INFO - DAG(s) 'user_automation' retrieved from /opt/airflow/dags/kafka_stream.py
[2025-01-18T23:53:32.837+0000] {logging_mixin.py:188} INFO - [2025-01-18T23:53:32.836+0000] {dag.py:3089} INFO - Sync 1 DAGs
[2025-01-18T23:53:33.780+0000] {logging_mixin.py:188} INFO - [2025-01-18T23:53:33.780+0000] {dag.py:3947} INFO - Setting next_dagrun for user_automation to 2025-01-17 00:00:00+00:00, run_after=2025-01-18 00:00:00+00:00
[2025-01-18T23:53:34.992+0000] {processor.py:183} INFO - Processing /opt/airflow/dags/kafka_stream.py took 5.700 seconds
[2025-01-18T23:54:09.212+0000] {processor.py:161} INFO - Started process (PID=364) to work on /opt/airflow/dags/kafka_stream.py
[2025-01-18T23:54:09.214+0000] {processor.py:830} INFO - Processing file /opt/airflow/dags/kafka_stream.py for tasks to queue
[2025-01-18T23:54:09.217+0000] {logging_mixin.py:188} INFO - [2025-01-18T23:54:09.217+0000] {dagbag.py:545} INFO - Filling up the DagBag from /opt/airflow/dags/kafka_stream.py
[2025-01-18T23:54:09.792+0000] {processor.py:840} INFO - DAG(s) 'user_automation' retrieved from /opt/airflow/dags/kafka_stream.py
[2025-01-18T23:54:10.674+0000] {logging_mixin.py:188} INFO - [2025-01-18T23:54:10.673+0000] {dag.py:3089} INFO - Sync 1 DAGs
[2025-01-18T23:54:10.742+0000] {logging_mixin.py:188} INFO - [2025-01-18T23:54:10.741+0000] {dag.py:3947} INFO - Setting next_dagrun for user_automation to 2025-01-17 00:00:00+00:00, run_after=2025-01-18 00:00:00+00:00
[2025-01-18T23:54:11.182+0000] {processor.py:183} INFO - Processing /opt/airflow/dags/kafka_stream.py took 2.113 seconds
[2025-01-18T23:54:44.536+0000] {processor.py:161} INFO - Started process (PID=375) to work on /opt/airflow/dags/kafka_stream.py
[2025-01-18T23:54:44.694+0000] {processor.py:830} INFO - Processing file /opt/airflow/dags/kafka_stream.py for tasks to queue
[2025-01-18T23:54:44.700+0000] {logging_mixin.py:188} INFO - [2025-01-18T23:54:44.699+0000] {dagbag.py:545} INFO - Filling up the DagBag from /opt/airflow/dags/kafka_stream.py
[2025-01-18T23:54:45.421+0000] {processor.py:840} INFO - DAG(s) 'user_automation' retrieved from /opt/airflow/dags/kafka_stream.py
[2025-01-18T23:54:45.534+0000] {logging_mixin.py:188} INFO - [2025-01-18T23:54:45.533+0000] {dag.py:3089} INFO - Sync 1 DAGs
[2025-01-18T23:54:45.602+0000] {logging_mixin.py:188} INFO - [2025-01-18T23:54:45.600+0000] {dag.py:3947} INFO - Setting next_dagrun for user_automation to 2025-01-17 00:00:00+00:00, run_after=2025-01-18 00:00:00+00:00
[2025-01-18T23:54:45.788+0000] {processor.py:183} INFO - Processing /opt/airflow/dags/kafka_stream.py took 1.267 seconds
[2025-01-18T23:55:17.071+0000] {processor.py:161} INFO - Started process (PID=386) to work on /opt/airflow/dags/kafka_stream.py
[2025-01-18T23:55:17.073+0000] {processor.py:830} INFO - Processing file /opt/airflow/dags/kafka_stream.py for tasks to queue
[2025-01-18T23:55:17.079+0000] {logging_mixin.py:188} INFO - [2025-01-18T23:55:17.077+0000] {dagbag.py:545} INFO - Filling up the DagBag from /opt/airflow/dags/kafka_stream.py
[2025-01-18T23:55:17.435+0000] {processor.py:840} INFO - DAG(s) 'user_automation' retrieved from /opt/airflow/dags/kafka_stream.py
[2025-01-18T23:55:17.602+0000] {logging_mixin.py:188} INFO - [2025-01-18T23:55:17.601+0000] {dag.py:3089} INFO - Sync 1 DAGs
[2025-01-18T23:55:17.742+0000] {logging_mixin.py:188} INFO - [2025-01-18T23:55:17.742+0000] {dag.py:3947} INFO - Setting next_dagrun for user_automation to 2025-01-17 00:00:00+00:00, run_after=2025-01-18 00:00:00+00:00
[2025-01-18T23:55:17.772+0000] {processor.py:183} INFO - Processing /opt/airflow/dags/kafka_stream.py took 0.820 seconds
[2025-01-18T23:55:48.364+0000] {processor.py:161} INFO - Started process (PID=398) to work on /opt/airflow/dags/kafka_stream.py
[2025-01-18T23:55:48.368+0000] {processor.py:830} INFO - Processing file /opt/airflow/dags/kafka_stream.py for tasks to queue
[2025-01-18T23:55:48.372+0000] {logging_mixin.py:188} INFO - [2025-01-18T23:55:48.371+0000] {dagbag.py:545} INFO - Filling up the DagBag from /opt/airflow/dags/kafka_stream.py
[2025-01-18T23:55:48.456+0000] {processor.py:840} INFO - DAG(s) 'user_automation' retrieved from /opt/airflow/dags/kafka_stream.py
[2025-01-18T23:55:48.512+0000] {logging_mixin.py:188} INFO - [2025-01-18T23:55:48.512+0000] {dag.py:3089} INFO - Sync 1 DAGs
[2025-01-18T23:55:48.599+0000] {logging_mixin.py:188} INFO - [2025-01-18T23:55:48.599+0000] {dag.py:3947} INFO - Setting next_dagrun for user_automation to 2025-01-17 00:00:00+00:00, run_after=2025-01-18 00:00:00+00:00
[2025-01-18T23:55:48.626+0000] {processor.py:183} INFO - Processing /opt/airflow/dags/kafka_stream.py took 0.291 seconds
[2025-01-18T23:56:19.204+0000] {processor.py:161} INFO - Started process (PID=409) to work on /opt/airflow/dags/kafka_stream.py
[2025-01-18T23:56:19.206+0000] {processor.py:830} INFO - Processing file /opt/airflow/dags/kafka_stream.py for tasks to queue
[2025-01-18T23:56:19.208+0000] {logging_mixin.py:188} INFO - [2025-01-18T23:56:19.208+0000] {dagbag.py:545} INFO - Filling up the DagBag from /opt/airflow/dags/kafka_stream.py
[2025-01-18T23:56:19.239+0000] {processor.py:840} INFO - DAG(s) 'user_automation' retrieved from /opt/airflow/dags/kafka_stream.py
[2025-01-18T23:56:19.321+0000] {logging_mixin.py:188} INFO - [2025-01-18T23:56:19.320+0000] {dag.py:3089} INFO - Sync 1 DAGs
[2025-01-18T23:56:19.398+0000] {logging_mixin.py:188} INFO - [2025-01-18T23:56:19.396+0000] {dag.py:3947} INFO - Setting next_dagrun for user_automation to 2025-01-17 00:00:00+00:00, run_after=2025-01-18 00:00:00+00:00
[2025-01-18T23:56:19.440+0000] {processor.py:183} INFO - Processing /opt/airflow/dags/kafka_stream.py took 0.244 seconds
[2025-01-18T23:56:52.310+0000] {processor.py:161} INFO - Started process (PID=420) to work on /opt/airflow/dags/kafka_stream.py
[2025-01-18T23:56:52.321+0000] {processor.py:830} INFO - Processing file /opt/airflow/dags/kafka_stream.py for tasks to queue
[2025-01-18T23:56:52.326+0000] {logging_mixin.py:188} INFO - [2025-01-18T23:56:52.325+0000] {dagbag.py:545} INFO - Filling up the DagBag from /opt/airflow/dags/kafka_stream.py
[2025-01-18T23:56:52.418+0000] {processor.py:840} INFO - DAG(s) 'user_automation' retrieved from /opt/airflow/dags/kafka_stream.py
[2025-01-18T23:56:54.105+0000] {logging_mixin.py:188} INFO - [2025-01-18T23:56:54.104+0000] {dag.py:3089} INFO - Sync 1 DAGs
[2025-01-18T23:56:54.613+0000] {logging_mixin.py:188} INFO - [2025-01-18T23:56:54.612+0000] {dag.py:3947} INFO - Setting next_dagrun for user_automation to 2025-01-17 00:00:00+00:00, run_after=2025-01-18 00:00:00+00:00
[2025-01-18T23:57:31.887+0000] {processor.py:183} INFO - Processing /opt/airflow/dags/kafka_stream.py took 39.896 seconds
[2025-01-18T23:59:17.557+0000] {processor.py:161} INFO - Started process (PID=431) to work on /opt/airflow/dags/kafka_stream.py
[2025-01-18T23:59:24.699+0000] {processor.py:830} INFO - Processing file /opt/airflow/dags/kafka_stream.py for tasks to queue
[2025-01-18T23:59:28.317+0000] {logging_mixin.py:188} INFO - [2025-01-18T23:59:28.316+0000] {dagbag.py:545} INFO - Filling up the DagBag from /opt/airflow/dags/kafka_stream.py
